<?xml version="1.0" ?>
<!DOCTYPE coverage SYSTEM "http://cobertura.sourceforge.net/xml/coverage-04.dtd">
<coverage lines-valid="1596" lines-covered="1239" line-rate="0.7763" branches-valid="1041" branches-covered="587" branch-rate="0.5638000000000001" timestamp="1787771878658" complexity="0" version="0.1">
  <sources>
    <source>/home/vsts/work/1/s</source>
  </sources>
  <packages>
    <package name="src" line-rate="0.8775" branch-rate="0.3333">
      <classes>
        <class name="App.tsx" filename="src/App.tsx" line-rate="1" branch-rate="1">
          <methods>
            <method name="App" hits="1" signature="()V">
              <lines>
                <line number="21" hits="1"/>
              </lines>
            </method>
          </methods>
          <lines>
            <line number="1" hits="1" branch="false"/>
            <line number="3" hits="1" branch="false"/>
            <line number="4" hits="1" branch="false"/>
            <line number="7" hits="1" branch="false"/>
            <line number="9" hits="1" branch="false"/>
            <line number="12" hits="1" branch="false"/>
            <line number="13" hits="1" branch="false"/>
            <line number="14" hits="1" branch="false"/>
            <line number="15" hits="1" branch="false"/>
            <line number="22" hits="1" branch="false"/>
            <line number="24" hits="1" branch="false"/>
            <line number="25" hits="1" branch="false"/>
            <line number="26" hits="1" branch="false"/>
            <line number="28" hits="1" branch="false"/>
            <line number="54" hits="1" branch="false"/>
          </lines>
        </class>
        <class name="authConfig.ts" filename="src/authConfig.ts" line-rate="0.6666" branch-rate="0.3333">
          <methods>
            <method name="(anonymous_0)" hits="24" signature="()V">
              <lines>
                <line number="3" hits="24"/>
              </lines>
            </method>
          </methods>
          <lines>
            <line number="3" hits="12" branch="false"/>
            <line number="4" hits="24" branch="true" condition-coverage="0% (0/1)"/>
            <line number="5" hits="0" branch="false"/>
            <line number="8" hits="24" branch="false"/>
            <line number="9" hits="24" branch="true" condition-coverage="100% (1/1)"/>
            <line number="10" hits="24" branch="false"/>
            <line number="13" hits="0" branch="true" condition-coverage="0% (0/1)"/>
            <line number="14" hits="0" branch="false"/>
            <line number="17" hits="0" branch="false"/>
            <line number="21" hits="12" branch="false"/>
            <line number="38" hits="12" branch="false"/>
            <line number="43" hits="12" branch="false"/>
          </lines>
        </class>
        <class name="db.ts" filename="src/db.ts" line-rate="1" branch-rate="1">
          <methods>
            <method name="(anonymous_0)" hits="2" signature="()V">
              <lines>
                <line number="52" hits="2"/>
              </lines>
            </method>
          </methods>
          <lines>
            <line number="1" hits="1" branch="false"/>
            <line number="46" hits="1" branch="false"/>
            <line number="53" hits="2" branch="false"/>
            <line number="56" hits="2" branch="false"/>
            <line number="64" hits="2" branch="false"/>
            <line number="71" hits="2" branch="false"/>
            <line number="78" hits="2" branch="false"/>
            <line number="87" hits="1" branch="false"/>
          </lines>
        </class>
        <class name="graph.tsx" filename="src/graph.tsx" line-rate="0.8571" branch-rate="1">
          <methods>
            <method name="callMsGraph" hits="2" signature="()V">
              <lines>
                <line number="5" hits="2"/>
              </lines>
            </method>
            <method name="(anonymous_2)" hits="1" signature="()V">
              <lines>
                <line number="17" hits="1"/>
              </lines>
            </method>
            <method name="(anonymous_3)" hits="1" signature="()V">
              <lines>
                <line number="18" hits="1"/>
              </lines>
            </method>
            <method name="(anonymous_4)" hits="0" signature="()V">
              <lines>
                <line number="21" hits="0"/>
              </lines>
            </method>
          </methods>
          <lines>
            <line number="1" hits="1" branch="false"/>
            <line number="2" hits="1" branch="false"/>
            <line number="3" hits="1" branch="false"/>
            <line number="5" hits="1" branch="false"/>
            <line number="6" hits="2" branch="false"/>
            <line number="7" hits="2" branch="false"/>
            <line number="9" hits="2" branch="false"/>
            <line number="11" hits="2" branch="false"/>
            <line number="16" hits="2" branch="false"/>
            <line number="17" hits="1" branch="false"/>
            <line number="18" hits="1" branch="false"/>
            <line number="21" hits="1" branch="false"/>
            <line number="22" hits="0" branch="false"/>
            <line number="23" hits="0" branch="false"/>
          </lines>
        </class>
      </classes>
    </package>
    <package name="src.i18n" line-rate="1" branch-rate="1">
      <classes>
        <class name="i18n.ts" filename="src/i18n/i18n.ts" line-rate="1" branch-rate="1">
          <methods>
          </methods>
          <lines>
            <line number="1" hits="3" branch="false"/>
            <line number="2" hits="3" branch="false"/>
            <line number="3" hits="3" branch="false"/>
            <line number="4" hits="3" branch="false"/>
            <line number="7" hits="3" branch="false"/>
            <line number="8" hits="3" branch="false"/>
            <line number="9" hits="3" branch="true" condition-coverage="100% (3/3)"/>
            <line number="10" hits="3" branch="true" condition-coverage="100% (2/2)"/>
            <line number="16" hits="3" branch="false"/>
            <line number="30" hits="3" branch="false"/>
          </lines>
        </class>
      </classes>
    </package>
    <package name="src.pages" line-rate="0.43770000000000003" branch-rate="0.3239">
      <classes>
        <class name="ReportingDashboardPage.tsx" filename="src/pages/ReportingDashboardPage.tsx" line-rate="0.5" branch-rate="0">
          <methods>
            <method name="(anonymous_0)" hits="0" signature="()V">
              <lines>
                <line number="8" hits="0"/>
              </lines>
            </method>
          </methods>
          <lines>
            <line number="1" hits="1" branch="false"/>
            <line number="2" hits="1" branch="false"/>
            <line number="3" hits="1" branch="false"/>
            <line number="4" hits="1" branch="false"/>
            <line number="5" hits="1" branch="false"/>
            <line number="6" hits="1" branch="false"/>
            <line number="8" hits="1" branch="false"/>
            <line number="9" hits="0" branch="false"/>
            <line number="10" hits="0" branch="true" condition-coverage="0% (0/2)"/>
            <line number="11" hits="0" branch="false"/>
            <line number="13" hits="0" branch="true" condition-coverage="0% (0/1)"/>
            <line number="14" hits="0" branch="false"/>
            <line number="21" hits="0" branch="true" condition-coverage="0% (0/9)"/>
            <line number="22" hits="0" branch="false"/>
            <line number="25" hits="0" branch="false"/>
            <line number="28" hits="1" branch="false"/>
          </lines>
        </class>
        <class name="StatsPage.tsx" filename="src/pages/StatsPage.tsx" line-rate="0.4339" branch-rate="0.33649999999999997">
          <methods>
            <method name="parseUserFromTitle" hits="24" signature="()V">
              <lines>
                <line number="94" hits="24"/>
              </lines>
            </method>
            <method name="toDateKey" hits="13" signature="()V">
              <lines>
                <line number="106" hits="13"/>
              </lines>
            </method>
            <method name="buildEmployeeUsageSummary" hits="1" signature="()V">
              <lines>
                <line number="113" hits="1"/>
              </lines>
            </method>
            <method name="(anonymous_3)" hits="3" signature="()V">
              <lines>
                <line number="116" hits="3"/>
              </lines>
            </method>
            <method name="(anonymous_4)" hits="1" signature="()V">
              <lines>
                <line number="141" hits="1"/>
              </lines>
            </method>
            <method name="(anonymous_5)" hits="4" signature="()V">
              <lines>
                <line number="144" hits="4"/>
              </lines>
            </method>
            <method name="(anonymous_6)" hits="1" signature="()V">
              <lines>
                <line number="145" hits="1"/>
              </lines>
            </method>
            <method name="(anonymous_7)" hits="2" signature="()V">
              <lines>
                <line number="152" hits="2"/>
              </lines>
            </method>
            <method name="(anonymous_8)" hits="1" signature="()V">
              <lines>
                <line number="156" hits="1"/>
              </lines>
            </method>
            <method name="buildEmployeeTeamHistory" hits="1" signature="()V">
              <lines>
                <line number="159" hits="1"/>
              </lines>
            </method>
            <method name="(anonymous_10)" hits="3" signature="()V">
              <lines>
                <line number="160" hits="3"/>
              </lines>
            </method>
            <method name="(anonymous_11)" hits="2" signature="()V">
              <lines>
                <line number="164" hits="2"/>
              </lines>
            </method>
            <method name="(anonymous_12)" hits="1" signature="()V">
              <lines>
                <line number="186" hits="1"/>
              </lines>
            </method>
            <method name="buildDailyTeamPostChart" hits="2" signature="()V">
              <lines>
                <line number="189" hits="2"/>
              </lines>
            </method>
            <method name="(anonymous_14)" hits="9" signature="()V">
              <lines>
                <line number="192" hits="9"/>
              </lines>
            </method>
            <method name="(anonymous_15)" hits="8" signature="()V">
              <lines>
                <line number="194" hits="8"/>
              </lines>
            </method>
            <method name="(anonymous_16)" hits="5" signature="()V">
              <lines>
                <line number="200" hits="5"/>
              </lines>
            </method>
            <method name="(anonymous_17)" hits="7" signature="()V">
              <lines>
                <line number="201" hits="7"/>
              </lines>
            </method>
            <method name="(anonymous_18)" hits="8" signature="()V">
              <lines>
                <line number="207" hits="8"/>
              </lines>
            </method>
            <method name="(anonymous_19)" hits="1" signature="()V">
              <lines>
                <line number="222" hits="1"/>
              </lines>
            </method>
            <method name="(anonymous_20)" hits="3" signature="()V">
              <lines>
                <line number="223" hits="3"/>
              </lines>
            </method>
            <method name="(anonymous_21)" hits="6" signature="()V">
              <lines>
                <line number="225" hits="6"/>
              </lines>
            </method>
            <method name="buildDailyTeamPersonChart" hits="1" signature="()V">
              <lines>
                <line number="235" hits="1"/>
              </lines>
            </method>
            <method name="(anonymous_23)" hits="5" signature="()V">
              <lines>
                <line number="239" hits="5"/>
              </lines>
            </method>
            <method name="(anonymous_24)" hits="3" signature="()V">
              <lines>
                <line number="245" hits="3"/>
              </lines>
            </method>
            <method name="(anonymous_25)" hits="1" signature="()V">
              <lines>
                <line number="251" hits="1"/>
              </lines>
            </method>
            <method name="(anonymous_26)" hits="2" signature="()V">
              <lines>
                <line number="252" hits="2"/>
              </lines>
            </method>
            <method name="(anonymous_27)" hits="3" signature="()V">
              <lines>
                <line number="258" hits="3"/>
              </lines>
            </method>
            <method name="(anonymous_28)" hits="0" signature="()V">
              <lines>
                <line number="273" hits="0"/>
              </lines>
            </method>
            <method name="(anonymous_29)" hits="1" signature="()V">
              <lines>
                <line number="274" hits="1"/>
              </lines>
            </method>
            <method name="(anonymous_30)" hits="2" signature="()V">
              <lines>
                <line number="276" hits="2"/>
              </lines>
            </method>
            <method name="fetchAllLogItems" hits="0" signature="()V">
              <lines>
                <line number="291" hits="0"/>
              </lines>
            </method>
            <method name="(anonymous_33)" hits="0" signature="()V">
              <lines>
                <line number="310" hits="0"/>
              </lines>
            </method>
            <method name="parseLogtime" hits="0" signature="()V">
              <lines>
                <line number="324" hits="0"/>
              </lines>
            </method>
            <method name="toMonthKey" hits="0" signature="()V">
              <lines>
                <line number="333" hits="0"/>
              </lines>
            </method>
            <method name="(anonymous_36)" hits="0" signature="()V">
              <lines>
                <line number="341" hits="0"/>
              </lines>
            </method>
            <method name="(anonymous_37)" hits="0" signature="()V">
              <lines>
                <line number="352" hits="0"/>
              </lines>
            </method>
            <method name="(anonymous_38)" hits="0" signature="()V">
              <lines>
                <line number="360" hits="0"/>
              </lines>
            </method>
            <method name="(anonymous_39)" hits="0" signature="()V">
              <lines>
                <line number="360" hits="0"/>
              </lines>
            </method>
            <method name="(anonymous_40)" hits="0" signature="()V">
              <lines>
                <line number="373" hits="0"/>
              </lines>
            </method>
            <method name="(anonymous_41)" hits="0" signature="()V">
              <lines>
                <line number="384" hits="0"/>
              </lines>
            </method>
            <method name="(anonymous_42)" hits="0" signature="()V">
              <lines>
                <line number="395" hits="0"/>
              </lines>
            </method>
            <method name="(anonymous_43)" hits="0" signature="()V">
              <lines>
                <line number="400" hits="0"/>
              </lines>
            </method>
            <method name="(anonymous_44)" hits="0" signature="()V">
              <lines>
                <line number="401" hits="0"/>
              </lines>
            </method>
            <method name="(anonymous_45)" hits="0" signature="()V">
              <lines>
                <line number="401" hits="0"/>
              </lines>
            </method>
            <method name="(anonymous_46)" hits="0" signature="()V">
              <lines>
                <line number="402" hits="0"/>
              </lines>
            </method>
            <method name="(anonymous_47)" hits="0" signature="()V">
              <lines>
                <line number="405" hits="0"/>
              </lines>
            </method>
            <method name="(anonymous_48)" hits="0" signature="()V">
              <lines>
                <line number="408" hits="0"/>
              </lines>
            </method>
            <method name="(anonymous_49)" hits="0" signature="()V">
              <lines>
                <line number="410" hits="0"/>
              </lines>
            </method>
            <method name="(anonymous_50)" hits="0" signature="()V">
              <lines>
                <line number="412" hits="0"/>
              </lines>
            </method>
            <method name="(anonymous_51)" hits="0" signature="()V">
              <lines>
                <line number="415" hits="0"/>
              </lines>
            </method>
            <method name="(anonymous_52)" hits="0" signature="()V">
              <lines>
                <line number="421" hits="0"/>
              </lines>
            </method>
            <method name="(anonymous_53)" hits="0" signature="()V">
              <lines>
                <line number="423" hits="0"/>
              </lines>
            </method>
            <method name="(anonymous_54)" hits="0" signature="()V">
              <lines>
                <line number="432" hits="0"/>
              </lines>
            </method>
            <method name="(anonymous_55)" hits="0" signature="()V">
              <lines>
                <line number="433" hits="0"/>
              </lines>
            </method>
            <method name="(anonymous_56)" hits="0" signature="()V">
              <lines>
                <line number="441" hits="0"/>
              </lines>
            </method>
            <method name="(anonymous_57)" hits="0" signature="()V">
              <lines>
                <line number="444" hits="0"/>
              </lines>
            </method>
            <method name="(anonymous_58)" hits="0" signature="()V">
              <lines>
                <line number="452" hits="0"/>
              </lines>
            </method>
            <method name="(anonymous_59)" hits="0" signature="()V">
              <lines>
                <line number="452" hits="0"/>
              </lines>
            </method>
            <method name="(anonymous_60)" hits="0" signature="()V">
              <lines>
                <line number="456" hits="0"/>
              </lines>
            </method>
            <method name="(anonymous_61)" hits="0" signature="()V">
              <lines>
                <line number="460" hits="0"/>
              </lines>
            </method>
            <method name="(anonymous_62)" hits="0" signature="()V">
              <lines>
                <line number="464" hits="0"/>
              </lines>
            </method>
            <method name="(anonymous_63)" hits="0" signature="()V">
              <lines>
                <line number="468" hits="0"/>
              </lines>
            </method>
            <method name="(anonymous_64)" hits="0" signature="()V">
              <lines>
                <line number="470" hits="0"/>
              </lines>
            </method>
            <method name="(anonymous_65)" hits="0" signature="()V">
              <lines>
                <line number="471" hits="0"/>
              </lines>
            </method>
            <method name="(anonymous_66)" hits="0" signature="()V">
              <lines>
                <line number="475" hits="0"/>
              </lines>
            </method>
            <method name="(anonymous_67)" hits="0" signature="()V">
              <lines>
                <line number="483" hits="0"/>
              </lines>
            </method>
            <method name="(anonymous_68)" hits="0" signature="()V">
              <lines>
                <line number="483" hits="0"/>
              </lines>
            </method>
            <method name="(anonymous_69)" hits="0" signature="()V">
              <lines>
                <line number="488" hits="0"/>
              </lines>
            </method>
            <method name="(anonymous_70)" hits="0" signature="()V">
              <lines>
                <line number="490" hits="0"/>
              </lines>
            </method>
            <method name="(anonymous_71)" hits="0" signature="()V">
              <lines>
                <line number="492" hits="0"/>
              </lines>
            </method>
            <method name="(anonymous_72)" hits="0" signature="()V">
              <lines>
                <line number="494" hits="0"/>
              </lines>
            </method>
            <method name="(anonymous_73)" hits="0" signature="()V">
              <lines>
                <line number="496" hits="0"/>
              </lines>
            </method>
            <method name="(anonymous_74)" hits="0" signature="()V">
              <lines>
                <line number="497" hits="0"/>
              </lines>
            </method>
            <method name="(anonymous_75)" hits="0" signature="()V">
              <lines>
                <line number="498" hits="0"/>
              </lines>
            </method>
            <method name="(anonymous_76)" hits="0" signature="()V">
              <lines>
                <line number="570" hits="0"/>
              </lines>
            </method>
            <method name="(anonymous_77)" hits="0" signature="()V">
              <lines>
                <line number="601" hits="0"/>
              </lines>
            </method>
            <method name="(anonymous_78)" hits="0" signature="()V">
              <lines>
                <line number="619" hits="0"/>
              </lines>
            </method>
            <method name="(anonymous_79)" hits="0" signature="()V">
              <lines>
                <line number="625" hits="0"/>
              </lines>
            </method>
            <method name="(anonymous_80)" hits="0" signature="()V">
              <lines>
                <line number="632" hits="0"/>
              </lines>
            </method>
            <method name="(anonymous_81)" hits="0" signature="()V">
              <lines>
                <line number="647" hits="0"/>
              </lines>
            </method>
            <method name="(anonymous_82)" hits="0" signature="()V">
              <lines>
                <line number="653" hits="0"/>
              </lines>
            </method>
            <method name="(anonymous_83)" hits="0" signature="()V">
              <lines>
                <line number="660" hits="0"/>
              </lines>
            </method>
            <method name="(anonymous_84)" hits="0" signature="()V">
              <lines>
                <line number="683" hits="0"/>
              </lines>
            </method>
            <method name="(anonymous_85)" hits="0" signature="()V">
              <lines>
                <line number="694" hits="0"/>
              </lines>
            </method>
            <method name="(anonymous_86)" hits="0" signature="()V">
              <lines>
                <line number="733" hits="0"/>
              </lines>
            </method>
            <method name="(anonymous_87)" hits="0" signature="()V">
              <lines>
                <line number="735" hits="0"/>
              </lines>
            </method>
            <method name="(anonymous_88)" hits="0" signature="()V">
              <lines>
                <line number="757" hits="0"/>
              </lines>
            </method>
            <method name="(anonymous_89)" hits="0" signature="()V">
              <lines>
                <line number="787" hits="0"/>
              </lines>
            </method>
            <method name="(anonymous_90)" hits="0" signature="()V">
              <lines>
                <line number="821" hits="0"/>
              </lines>
            </method>
            <method name="(anonymous_91)" hits="0" signature="()V">
              <lines>
                <line number="857" hits="0"/>
              </lines>
            </method>
          </methods>
          <lines>
            <line number="1" hits="2" branch="false"/>
            <line number="2" hits="2" branch="false"/>
            <line number="7" hits="2" branch="false"/>
            <line number="11" hits="2" branch="false"/>
            <line number="12" hits="2" branch="false"/>
            <line number="13" hits="2" branch="false"/>
            <line number="92" hits="2" branch="false"/>
            <line number="94" hits="2" branch="false"/>
            <line number="95" hits="24" branch="true" condition-coverage="0% (0/1)"/>
            <line number="97" hits="24" branch="true" condition-coverage="100% (4/4)"/>
            <line number="98" hits="24" branch="true" condition-coverage="100% (1/1)"/>
            <line number="100" hits="23" branch="true" condition-coverage="75% (3/4)"/>
            <line number="101" hits="23" branch="true" condition-coverage="0% (0/1)"/>
            <line number="103" hits="23" branch="false"/>
            <line number="107" hits="13" branch="false"/>
            <line number="108" hits="13" branch="false"/>
            <line number="109" hits="13" branch="false"/>
            <line number="110" hits="13" branch="false"/>
            <line number="113" hits="2" branch="false"/>
            <line number="114" hits="1" branch="false"/>
            <line number="116" hits="1" branch="false"/>
            <line number="117" hits="3" branch="false"/>
            <line number="118" hits="3" branch="true" condition-coverage="100% (4/4)"/>
            <line number="130" hits="3" branch="false"/>
            <line number="131" hits="3" branch="false"/>
            <line number="132" hits="3" branch="true" condition-coverage="75% (3/4)"/>
            <line number="134" hits="3" branch="true" condition-coverage="100% (2/2)"/>
            <line number="135" hits="2" branch="false"/>
            <line number="137" hits="1" branch="false"/>
            <line number="140" hits="3" branch="true" condition-coverage="66.66666666666666% (4/6)"/>
            <line number="141" hits="3" branch="false"/>
            <line number="142" hits="3" branch="true" condition-coverage="75% (3/4)"/>
            <line number="143" hits="3" branch="false"/>
            <line number="144" hits="4" branch="false"/>
            <line number="145" hits="1" branch="true" condition-coverage="100% (2/2)"/>
            <line number="146" hits="3" branch="true" condition-coverage="75% (6/8)"/>
            <line number="148" hits="3" branch="false"/>
            <line number="151" hits="1" branch="false"/>
            <line number="152" hits="2" branch="false"/>
            <line number="156" hits="1" branch="true" condition-coverage="50% (1/2)"/>
            <line number="159" hits="2" branch="false"/>
            <line number="160" hits="3" branch="false"/>
            <line number="162" hits="1" branch="false"/>
            <line number="164" hits="1" branch="false"/>
            <line number="165" hits="2" branch="false"/>
            <line number="166" hits="2" branch="true" condition-coverage="66.66666666666666% (4/6)"/>
            <line number="167" hits="2" branch="false"/>
            <line number="168" hits="2" branch="true" condition-coverage="75% (3/4)"/>
            <line number="178" hits="2" branch="false"/>
            <line number="179" hits="2" branch="false"/>
            <line number="180" hits="2" branch="true" condition-coverage="75% (3/4)"/>
            <line number="181" hits="2" branch="true" condition-coverage="50% (1/2)"/>
            <line number="182" hits="2" branch="false"/>
            <line number="185" hits="1" branch="false"/>
            <line number="186" hits="1" branch="false"/>
            <line number="189" hits="2" branch="true" condition-coverage="100% (1/1)"/>
            <line number="190" hits="2" branch="true" condition-coverage="0% (0/1)"/>
            <line number="192" hits="9" branch="false"/>
            <line number="193" hits="2" branch="false"/>
            <line number="194" hits="2" branch="false"/>
            <line number="195" hits="8" branch="true" condition-coverage="66.66666666666666% (4/6)"/>
            <line number="196" hits="8" branch="true" condition-coverage="100% (4/4)"/>
            <line number="199" hits="2" branch="false"/>
            <line number="200" hits="5" branch="true" condition-coverage="100% (2/2)"/>
            <line number="201" hits="7" branch="false"/>
            <line number="202" hits="2" branch="false"/>
            <line number="203" hits="2" branch="false"/>
            <line number="205" hits="2" branch="false"/>
            <line number="207" hits="2" branch="false"/>
            <line number="208" hits="8" branch="false"/>
            <line number="209" hits="8" branch="true" condition-coverage="66.66666666666666% (4/6)"/>
            <line number="210" hits="8" branch="true" condition-coverage="100% (4/4)"/>
            <line number="212" hits="8" branch="true" condition-coverage="100% (2/2)"/>
            <line number="213" hits="5" branch="true" condition-coverage="100% (4/4)"/>
            <line number="215" hits="3" branch="true" condition-coverage="100% (4/4)"/>
            <line number="218" hits="8" branch="false"/>
            <line number="221" hits="2" branch="false"/>
            <line number="222" hits="1" branch="false"/>
            <line number="224" hits="3" branch="false"/>
            <line number="225" hits="3" branch="false"/>
            <line number="226" hits="6" branch="true" condition-coverage="100% (4/4)"/>
            <line number="228" hits="3" branch="true" condition-coverage="100% (1/1)"/>
            <line number="229" hits="2" branch="true" condition-coverage="75% (3/4)"/>
            <line number="231" hits="3" branch="false"/>
            <line number="235" hits="2" branch="true" condition-coverage="100% (1/1)"/>
            <line number="236" hits="1" branch="true" condition-coverage="0% (0/1)"/>
            <line number="238" hits="1" branch="false"/>
            <line number="239" hits="1" branch="false"/>
            <line number="240" hits="5" branch="true" condition-coverage="66.66666666666666% (4/6)"/>
            <line number="241" hits="5" branch="false"/>
            <line number="244" hits="1" branch="false"/>
            <line number="245" hits="1" branch="false"/>
            <line number="246" hits="3" branch="false"/>
            <line number="247" hits="3" branch="true" condition-coverage="100% (4/4)"/>
            <line number="250" hits="1" branch="false"/>
            <line number="251" hits="1" branch="true" condition-coverage="50% (1/2)"/>
            <line number="252" hits="2" branch="false"/>
            <line number="253" hits="1" branch="false"/>
            <line number="254" hits="1" branch="false"/>
            <line number="256" hits="1" branch="false"/>
            <line number="258" hits="1" branch="false"/>
            <line number="259" hits="3" branch="false"/>
            <line number="260" hits="3" branch="false"/>
            <line number="261" hits="3" branch="true" condition-coverage="100% (4/4)"/>
            <line number="263" hits="3" branch="true" condition-coverage="50% (1/2)"/>
            <line number="264" hits="3" branch="true" condition-coverage="100% (4/4)"/>
            <line number="266" hits="0" branch="true" condition-coverage="0% (0/4)"/>
            <line number="269" hits="3" branch="false"/>
            <line number="272" hits="1" branch="false"/>
            <line number="273" hits="0" branch="false"/>
            <line number="275" hits="1" branch="false"/>
            <line number="276" hits="1" branch="false"/>
            <line number="277" hits="2" branch="true" condition-coverage="75% (3/4)"/>
            <line number="279" hits="1" branch="true" condition-coverage="0% (0/1)"/>
            <line number="280" hits="0" branch="true" condition-coverage="0% (0/4)"/>
            <line number="282" hits="1" branch="false"/>
            <line number="292" hits="0" branch="false"/>
            <line number="294" hits="0" branch="false"/>
            <line number="296" hits="0" branch="false"/>
            <line number="298" hits="0" branch="false"/>
            <line number="299" hits="0" branch="false"/>
            <line number="303" hits="0" branch="true" condition-coverage="0% (0/1)"/>
            <line number="304" hits="0" branch="false"/>
            <line number="305" hits="0" branch="false"/>
            <line number="308" hits="0" branch="false"/>
            <line number="309" hits="0" branch="true" condition-coverage="0% (0/4)"/>
            <line number="310" hits="0" branch="false"/>
            <line number="311" hits="0" branch="true" condition-coverage="0% (0/1)"/>
            <line number="315" hits="0" branch="true" condition-coverage="0% (0/4)"/>
            <line number="318" hits="0" branch="false"/>
            <line number="325" hits="0" branch="true" condition-coverage="0% (0/1)"/>
            <line number="327" hits="0" branch="false"/>
            <line number="334" hits="0" branch="false"/>
            <line number="335" hits="0" branch="false"/>
            <line number="336" hits="0" branch="false"/>
            <line number="341" hits="2" branch="false"/>
            <line number="342" hits="0" branch="false"/>
            <line number="343" hits="0" branch="false"/>
            <line number="344" hits="0" branch="false"/>
            <line number="345" hits="0" branch="false"/>
            <line number="346" hits="0" branch="false"/>
            <line number="347" hits="0" branch="false"/>
            <line number="348" hits="0" branch="false"/>
            <line number="349" hits="0" branch="false"/>
            <line number="350" hits="0" branch="false"/>
            <line number="352" hits="0" branch="false"/>
            <line number="353" hits="0" branch="true" condition-coverage="0% (0/3)"/>
            <line number="354" hits="0" branch="false"/>
            <line number="355" hits="0" branch="false"/>
            <line number="358" hits="0" branch="false"/>
            <line number="360" hits="0" branch="false"/>
            <line number="361" hits="0" branch="false"/>
            <line number="363" hits="0" branch="false"/>
            <line number="364" hits="0" branch="false"/>
            <line number="368" hits="0" branch="false"/>
            <line number="370" hits="0" branch="false"/>
            <line number="371" hits="0" branch="true" condition-coverage="0% (0/1)"/>
            <line number="373" hits="0" branch="false"/>
            <line number="384" hits="0" branch="false"/>
            <line number="385" hits="0" branch="false"/>
            <line number="387" hits="0" branch="true" condition-coverage="0% (0/1)"/>
            <line number="388" hits="0" branch="true" condition-coverage="0% (0/2)"/>
            <line number="391" hits="0" branch="true" condition-coverage="0% (0/1)"/>
            <line number="395" hits="0" branch="false"/>
            <line number="400" hits="0" branch="false"/>
            <line number="401" hits="0" branch="false"/>
            <line number="402" hits="0" branch="false"/>
            <line number="403" hits="0" branch="false"/>
            <line number="405" hits="0" branch="true" condition-coverage="0% (0/6)"/>
            <line number="408" hits="0" branch="false"/>
            <line number="410" hits="0" branch="false"/>
            <line number="411" hits="0" branch="true" condition-coverage="0% (0/1)"/>
            <line number="412" hits="0" branch="false"/>
            <line number="414" hits="0" branch="true" condition-coverage="0% (0/1)"/>
            <line number="415" hits="0" branch="true" condition-coverage="0% (0/6)"/>
            <line number="417" hits="0" branch="false"/>
            <line number="421" hits="0" branch="false"/>
            <line number="422" hits="0" branch="false"/>
            <line number="423" hits="0" branch="false"/>
            <line number="424" hits="0" branch="false"/>
            <line number="425" hits="0" branch="true" condition-coverage="0% (0/4)"/>
            <line number="426" hits="0" branch="false"/>
            <line number="427" hits="0" branch="false"/>
            <line number="428" hits="0" branch="false"/>
            <line number="431" hits="0" branch="false"/>
            <line number="432" hits="0" branch="false"/>
            <line number="433" hits="0" branch="false"/>
            <line number="441" hits="0" branch="false"/>
            <line number="442" hits="0" branch="false"/>
            <line number="443" hits="0" branch="true" condition-coverage="0% (0/1)"/>
            <line number="444" hits="0" branch="false"/>
            <line number="445" hits="0" branch="false"/>
            <line number="446" hits="0" branch="false"/>
            <line number="451" hits="0" branch="false"/>
            <line number="452" hits="0" branch="true" condition-coverage="0% (0/4)"/>
            <line number="455" hits="0" branch="false"/>
            <line number="456" hits="0" branch="true" condition-coverage="0% (0/2)"/>
            <line number="459" hits="0" branch="false"/>
            <line number="460" hits="0" branch="true" condition-coverage="0% (0/2)"/>
            <line number="463" hits="0" branch="false"/>
            <line number="464" hits="0" branch="true" condition-coverage="0% (0/2)"/>
            <line number="467" hits="0" branch="true" condition-coverage="0% (0/2)"/>
            <line number="468" hits="0" branch="false"/>
            <line number="469" hits="0" branch="false"/>
            <line number="470" hits="0" branch="false"/>
            <line number="471" hits="0" branch="false"/>
            <line number="472" hits="0" branch="true" condition-coverage="0% (0/1)"/>
            <line number="475" hits="0" branch="false"/>
            <line number="477" hits="0" branch="true" condition-coverage="0% (0/2)"/>
            <line number="478" hits="0" branch="true" condition-coverage="0% (0/2)"/>
            <line number="481" hits="0" branch="false"/>
            <line number="482" hits="0" branch="false"/>
            <line number="483" hits="0" branch="false"/>
            <line number="488" hits="0" branch="false"/>
            <line number="490" hits="0" branch="false"/>
            <line number="491" hits="0" branch="false"/>
            <line number="492" hits="0" branch="true" condition-coverage="0% (0/2)"/>
            <line number="493" hits="0" branch="true" condition-coverage="0% (0/1)"/>
            <line number="494" hits="0" branch="false"/>
            <line number="496" hits="0" branch="true" condition-coverage="0% (0/6)"/>
            <line number="497" hits="0" branch="false"/>
            <line number="498" hits="0" branch="false"/>
            <line number="499" hits="0" branch="true" condition-coverage="0% (0/8)"/>
            <line number="500" hits="0" branch="true" condition-coverage="0% (0/2)"/>
            <line number="508" hits="0" branch="true" condition-coverage="0% (0/1)"/>
            <line number="509" hits="0" branch="false"/>
            <line number="518" hits="0" branch="true" condition-coverage="0% (0/1)"/>
            <line number="519" hits="0" branch="false"/>
            <line number="527" hits="0" branch="true" condition-coverage="0% (0/1)"/>
            <line number="528" hits="0" branch="false"/>
            <line number="535" hits="0" branch="true" condition-coverage="0% (0/1)"/>
            <line number="536" hits="0" branch="false"/>
            <line number="543" hits="0" branch="false"/>
            <line number="570" hits="0" branch="true" condition-coverage="0% (0/8)"/>
            <line number="602" hits="0" branch="false"/>
            <line number="603" hits="0" branch="false"/>
            <line number="604" hits="0" branch="false"/>
            <line number="605" hits="0" branch="false"/>
            <line number="620" hits="0" branch="false"/>
            <line number="621" hits="0" branch="true" condition-coverage="0% (0/1)"/>
            <line number="622" hits="0" branch="false"/>
            <line number="626" hits="0" branch="true" condition-coverage="0% (0/6)"/>
            <line number="627" hits="0" branch="false"/>
            <line number="628" hits="0" branch="false"/>
            <line number="629" hits="0" branch="false"/>
            <line number="630" hits="0" branch="false"/>
            <line number="633" hits="0" branch="false"/>
            <line number="648" hits="0" branch="false"/>
            <line number="649" hits="0" branch="true" condition-coverage="0% (0/1)"/>
            <line number="650" hits="0" branch="false"/>
            <line number="654" hits="0" branch="true" condition-coverage="0% (0/6)"/>
            <line number="655" hits="0" branch="false"/>
            <line number="656" hits="0" branch="false"/>
            <line number="657" hits="0" branch="false"/>
            <line number="658" hits="0" branch="false"/>
            <line number="661" hits="0" branch="false"/>
            <line number="684" hits="0" branch="false"/>
            <line number="695" hits="0" branch="false"/>
            <line number="733" hits="0" branch="false"/>
            <line number="736" hits="0" branch="false"/>
            <line number="758" hits="0" branch="false"/>
            <line number="788" hits="0" branch="false"/>
            <line number="822" hits="0" branch="false"/>
            <line number="858" hits="0" branch="false"/>
            <line number="883" hits="2" branch="false"/>
          </lines>
        </class>
      </classes>
    </package>
    <package name="src.styles" line-rate="1" branch-rate="1">
      <classes>
        <class name="theme.ts" filename="src/styles/theme.ts" line-rate="1" branch-rate="1">
          <methods>
          </methods>
          <lines>
            <line number="1" hits="1" branch="false"/>
            <line number="2" hits="1" branch="false"/>
            <line number="5" hits="1" branch="false"/>
          </lines>
        </class>
      </classes>
    </package>
    <package name="src.ui-components" line-rate="0.8417" branch-rate="0.6748000000000001">
      <classes>
        <class name="ChannelsList.tsx" filename="src/ui-components/ChannelsList.tsx" line-rate="0.9647" branch-rate="0.8604">
          <methods>
            <method name="(anonymous_0)" hits="17" signature="()V">
              <lines>
                <line number="36" hits="17"/>
              </lines>
            </method>
            <method name="(anonymous_1)" hits="7" signature="()V">
              <lines>
                <line number="52" hits="7"/>
              </lines>
            </method>
            <method name="(anonymous_2)" hits="2" signature="()V">
              <lines>
                <line number="52" hits="2"/>
              </lines>
            </method>
            <method name="(anonymous_3)" hits="7" signature="()V">
              <lines>
                <line number="53" hits="7"/>
              </lines>
            </method>
            <method name="(anonymous_4)" hits="1" signature="()V">
              <lines>
                <line number="53" hits="1"/>
              </lines>
            </method>
            <method name="(anonymous_5)" hits="7" signature="()V">
              <lines>
                <line number="55" hits="7"/>
              </lines>
            </method>
            <method name="(anonymous_6)" hits="6" signature="()V">
              <lines>
                <line number="65" hits="6"/>
              </lines>
            </method>
            <method name="(anonymous_7)" hits="0" signature="()V">
              <lines>
                <line number="66" hits="0"/>
              </lines>
            </method>
            <method name="(anonymous_8)" hits="0" signature="()V">
              <lines>
                <line number="67" hits="0"/>
              </lines>
            </method>
            <method name="(anonymous_9)" hits="6" signature="()V">
              <lines>
                <line number="70" hits="6"/>
              </lines>
            </method>
            <method name="(anonymous_10)" hits="6" signature="()V">
              <lines>
                <line number="76" hits="6"/>
              </lines>
            </method>
            <method name="(anonymous_11)" hits="6" signature="()V">
              <lines>
                <line number="77" hits="6"/>
              </lines>
            </method>
            <method name="(anonymous_12)" hits="6" signature="()V">
              <lines>
                <line number="77" hits="6"/>
              </lines>
            </method>
            <method name="(anonymous_13)" hits="2" signature="()V">
              <lines>
                <line number="89" hits="2"/>
              </lines>
            </method>
            <method name="(anonymous_14)" hits="15" signature="()V">
              <lines>
                <line number="143" hits="15"/>
              </lines>
            </method>
            <method name="(anonymous_15)" hits="3" signature="()V">
              <lines>
                <line number="150" hits="3"/>
              </lines>
            </method>
            <method name="(anonymous_16)" hits="5" signature="()V">
              <lines>
                <line number="154" hits="5"/>
              </lines>
            </method>
            <method name="(anonymous_17)" hits="2" signature="()V">
              <lines>
                <line number="159" hits="2"/>
              </lines>
            </method>
            <method name="(anonymous_18)" hits="12" signature="()V">
              <lines>
                <line number="173" hits="12"/>
              </lines>
            </method>
            <method name="(anonymous_19)" hits="2" signature="()V">
              <lines>
                <line number="181" hits="2"/>
              </lines>
            </method>
          </methods>
          <lines>
            <line number="1" hits="1" branch="false"/>
            <line number="2" hits="1" branch="false"/>
            <line number="3" hits="1" branch="false"/>
            <line number="4" hits="1" branch="false"/>
            <line number="5" hits="1" branch="false"/>
            <line number="6" hits="1" branch="false"/>
            <line number="8" hits="1" branch="false"/>
            <line number="34" hits="1" branch="false"/>
            <line number="36" hits="1" branch="false"/>
            <line number="49" hits="17" branch="false"/>
            <line number="50" hits="17" branch="false"/>
            <line number="51" hits="17" branch="true" condition-coverage="100% (2/2)"/>
            <line number="52" hits="17" branch="false"/>
            <line number="53" hits="17" branch="false"/>
            <line number="54" hits="17" branch="false"/>
            <line number="55" hits="7" branch="true" condition-coverage="100% (2/2)"/>
            <line number="58" hits="17" branch="false"/>
            <line number="59" hits="17" branch="false"/>
            <line number="60" hits="17" branch="false"/>
            <line number="61" hits="17" branch="false"/>
            <line number="62" hits="17" branch="false"/>
            <line number="65" hits="17" branch="false"/>
            <line number="66" hits="6" branch="false"/>
            <line number="67" hits="6" branch="false"/>
            <line number="68" hits="6" branch="false"/>
            <line number="69" hits="6" branch="false"/>
            <line number="70" hits="6" branch="false"/>
            <line number="71" hits="6" branch="false"/>
            <line number="72" hits="6" branch="false"/>
            <line number="76" hits="17" branch="false"/>
            <line number="77" hits="6" branch="false"/>
            <line number="78" hits="6" branch="false"/>
            <line number="79" hits="6" branch="false"/>
            <line number="81" hits="6" branch="true" condition-coverage="100% (3/3)"/>
            <line number="82" hits="1" branch="false"/>
            <line number="83" hits="1" branch="false"/>
            <line number="84" hits="1" branch="false"/>
            <line number="87" hits="5" branch="false"/>
            <line number="89" hits="5" branch="false"/>
            <line number="90" hits="2" branch="true" condition-coverage="100% (1/1)"/>
            <line number="91" hits="1" branch="false"/>
            <line number="92" hits="1" branch="false"/>
            <line number="93" hits="1" branch="false"/>
            <line number="96" hits="1" branch="false"/>
            <line number="97" hits="1" branch="false"/>
            <line number="100" hits="5" branch="false"/>
            <line number="101" hits="5" branch="false"/>
            <line number="102" hits="4" branch="false"/>
            <line number="104" hits="4" branch="false"/>
            <line number="108" hits="4" branch="true" condition-coverage="100% (2/2)"/>
            <line number="109" hits="2" branch="false"/>
            <line number="110" hits="2" branch="false"/>
            <line number="112" hits="2" branch="false"/>
            <line number="115" hits="1" branch="true" condition-coverage="50% (1/2)"/>
            <line number="116" hits="1" branch="false"/>
            <line number="117" hits="1" branch="false"/>
            <line number="118" hits="1" branch="false"/>
            <line number="119" hits="1" branch="false"/>
            <line number="123" hits="1" branch="true" condition-coverage="50% (1/2)"/>
            <line number="124" hits="1" branch="false"/>
            <line number="125" hits="1" branch="false"/>
            <line number="127" hits="0" branch="false"/>
            <line number="130" hits="0" branch="false"/>
            <line number="133" hits="0" branch="false"/>
            <line number="136" hits="5" branch="false"/>
            <line number="140" hits="6" branch="false"/>
            <line number="143" hits="17" branch="false"/>
            <line number="144" hits="15" branch="true" condition-coverage="100% (1/1)"/>
            <line number="145" hits="7" branch="false"/>
            <line number="146" hits="7" branch="false"/>
            <line number="147" hits="7" branch="false"/>
            <line number="150" hits="8" branch="true" condition-coverage="100% (3/3)"/>
            <line number="151" hits="3" branch="false"/>
            <line number="154" hits="5" branch="true" condition-coverage="100% (2/2)"/>
            <line number="155" hits="5" branch="false"/>
            <line number="156" hits="5" branch="false"/>
            <line number="159" hits="17" branch="false"/>
            <line number="160" hits="2" branch="false"/>
            <line number="161" hits="2" branch="false"/>
            <line number="164" hits="17" branch="true" condition-coverage="100% (4/4)"/>
            <line number="165" hits="12" branch="true" condition-coverage="100% (1/1)"/>
            <line number="167" hits="11" branch="false"/>
            <line number="174" hits="12" branch="false"/>
            <line number="181" hits="2" branch="false"/>
            <line number="212" hits="1" branch="false"/>
          </lines>
        </class>
        <class name="ErrorComponent.tsx" filename="src/ui-components/ErrorComponent.tsx" line-rate="1" branch-rate="1">
          <methods>
            <method name="(anonymous_0)" hits="2" signature="()V">
              <lines>
                <line number="5" hits="2"/>
              </lines>
            </method>
          </methods>
          <lines>
            <line number="1" hits="1" branch="false"/>
            <line number="3" hits="1" branch="false"/>
            <line number="5" hits="1" branch="false"/>
            <line number="6" hits="2" branch="false"/>
            <line number="7" hits="2" branch="true" condition-coverage="100% (2/2)"/>
          </lines>
        </class>
        <class name="ImageUpload.tsx" filename="src/ui-components/ImageUpload.tsx" line-rate="0.8269" branch-rate="0.7642">
          <methods>
            <method name="(anonymous_0)" hits="14" signature="()V">
              <lines>
                <line number="62" hits="14"/>
              </lines>
            </method>
            <method name="(anonymous_1)" hits="12" signature="()V">
              <lines>
                <line number="87" hits="12"/>
              </lines>
            </method>
            <method name="(anonymous_2)" hits="12" signature="()V">
              <lines>
                <line number="87" hits="12"/>
              </lines>
            </method>
            <method name="(anonymous_3)" hits="12" signature="()V">
              <lines>
                <line number="95" hits="12"/>
              </lines>
            </method>
            <method name="(anonymous_4)" hits="12" signature="()V">
              <lines>
                <line number="99" hits="12"/>
              </lines>
            </method>
            <method name="(anonymous_5)" hits="3" signature="()V">
              <lines>
                <line number="115" hits="3"/>
              </lines>
            </method>
            <method name="(anonymous_6)" hits="24" signature="()V">
              <lines>
                <line number="119" hits="24"/>
              </lines>
            </method>
            <method name="(anonymous_7)" hits="19" signature="()V">
              <lines>
                <line number="121" hits="19"/>
              </lines>
            </method>
            <method name="(anonymous_8)" hits="25" signature="()V">
              <lines>
                <line number="137" hits="25"/>
              </lines>
            </method>
            <method name="(anonymous_9)" hits="25" signature="()V">
              <lines>
                <line number="145" hits="25"/>
              </lines>
            </method>
            <method name="(anonymous_10)" hits="11" signature="()V">
              <lines>
                <line number="150" hits="11"/>
              </lines>
            </method>
            <method name="(anonymous_11)" hits="14" signature="()V">
              <lines>
                <line number="152" hits="14"/>
              </lines>
            </method>
            <method name="(anonymous_12)" hits="0" signature="()V">
              <lines>
                <line number="163" hits="0"/>
              </lines>
            </method>
            <method name="(anonymous_13)" hits="31" signature="()V">
              <lines>
                <line number="176" hits="31"/>
              </lines>
            </method>
            <method name="(anonymous_14)" hits="26" signature="()V">
              <lines>
                <line number="181" hits="26"/>
              </lines>
            </method>
            <method name="(anonymous_15)" hits="26" signature="()V">
              <lines>
                <line number="186" hits="26"/>
              </lines>
            </method>
            <method name="(anonymous_16)" hits="11" signature="()V">
              <lines>
                <line number="210" hits="11"/>
              </lines>
            </method>
            <method name="(anonymous_17)" hits="11" signature="()V">
              <lines>
                <line number="215" hits="11"/>
              </lines>
            </method>
            <method name="(anonymous_18)" hits="7" signature="()V">
              <lines>
                <line number="251" hits="7"/>
              </lines>
            </method>
            <method name="(anonymous_19)" hits="7" signature="()V">
              <lines>
                <line number="257" hits="7"/>
              </lines>
            </method>
            <method name="(anonymous_20)" hits="16" signature="()V">
              <lines>
                <line number="337" hits="16"/>
              </lines>
            </method>
            <method name="(anonymous_21)" hits="16" signature="()V">
              <lines>
                <line number="343" hits="16"/>
              </lines>
            </method>
            <method name="(anonymous_22)" hits="0" signature="()V">
              <lines>
                <line number="391" hits="0"/>
              </lines>
            </method>
            <method name="(anonymous_23)" hits="0" signature="()V">
              <lines>
                <line number="392" hits="0"/>
              </lines>
            </method>
            <method name="(anonymous_24)" hits="0" signature="()V">
              <lines>
                <line number="394" hits="0"/>
              </lines>
            </method>
            <method name="(anonymous_25)" hits="0" signature="()V">
              <lines>
                <line number="417" hits="0"/>
              </lines>
            </method>
            <method name="(anonymous_26)" hits="0" signature="()V">
              <lines>
                <line number="420" hits="0"/>
              </lines>
            </method>
            <method name="(anonymous_27)" hits="4" signature="()V">
              <lines>
                <line number="434" hits="4"/>
              </lines>
            </method>
            <method name="(anonymous_28)" hits="4" signature="()V">
              <lines>
                <line number="434" hits="4"/>
              </lines>
            </method>
            <method name="(anonymous_29)" hits="4" signature="()V">
              <lines>
                <line number="440" hits="4"/>
              </lines>
            </method>
            <method name="(anonymous_30)" hits="4" signature="()V">
              <lines>
                <line number="441" hits="4"/>
              </lines>
            </method>
            <method name="(anonymous_31)" hits="1" signature="()V">
              <lines>
                <line number="447" hits="1"/>
              </lines>
            </method>
            <method name="(anonymous_32)" hits="1" signature="()V">
              <lines>
                <line number="448" hits="1"/>
              </lines>
            </method>
            <method name="(anonymous_33)" hits="8" signature="()V">
              <lines>
                <line number="454" hits="8"/>
              </lines>
            </method>
            <method name="(anonymous_34)" hits="8" signature="()V">
              <lines>
                <line number="454" hits="8"/>
              </lines>
            </method>
            <method name="(anonymous_35)" hits="60" signature="()V">
              <lines>
                <line number="462" hits="60"/>
              </lines>
            </method>
            <method name="(anonymous_36)" hits="11" signature="()V">
              <lines>
                <line number="494" hits="11"/>
              </lines>
            </method>
            <method name="(anonymous_37)" hits="11" signature="()V">
              <lines>
                <line number="495" hits="11"/>
              </lines>
            </method>
            <method name="(anonymous_38)" hits="11" signature="()V">
              <lines>
                <line number="495" hits="11"/>
              </lines>
            </method>
            <method name="(anonymous_39)" hits="1" signature="()V">
              <lines>
                <line number="538" hits="1"/>
              </lines>
            </method>
            <method name="(anonymous_40)" hits="9" signature="()V">
              <lines>
                <line number="555" hits="9"/>
              </lines>
            </method>
            <method name="(anonymous_41)" hits="9" signature="()V">
              <lines>
                <line number="558" hits="9"/>
              </lines>
            </method>
            <method name="(anonymous_42)" hits="9" signature="()V">
              <lines>
                <line number="559" hits="9"/>
              </lines>
            </method>
            <method name="(anonymous_43)" hits="8" signature="()V">
              <lines>
                <line number="572" hits="8"/>
              </lines>
            </method>
            <method name="(anonymous_44)" hits="8" signature="()V">
              <lines>
                <line number="574" hits="8"/>
              </lines>
            </method>
            <method name="(anonymous_45)" hits="8" signature="()V">
              <lines>
                <line number="574" hits="8"/>
              </lines>
            </method>
            <method name="(anonymous_46)" hits="8" signature="()V">
              <lines>
                <line number="575" hits="8"/>
              </lines>
            </method>
            <method name="(anonymous_47)" hits="8" signature="()V">
              <lines>
                <line number="576" hits="8"/>
              </lines>
            </method>
            <method name="(anonymous_48)" hits="0" signature="()V">
              <lines>
                <line number="584" hits="0"/>
              </lines>
            </method>
            <method name="(anonymous_49)" hits="1" signature="()V">
              <lines>
                <line number="588" hits="1"/>
              </lines>
            </method>
            <method name="(anonymous_50)" hits="1" signature="()V">
              <lines>
                <line number="589" hits="1"/>
              </lines>
            </method>
            <method name="(anonymous_51)" hits="1" signature="()V">
              <lines>
                <line number="589" hits="1"/>
              </lines>
            </method>
            <method name="(anonymous_52)" hits="0" signature="()V">
              <lines>
                <line number="592" hits="0"/>
              </lines>
            </method>
            <method name="(anonymous_53)" hits="5" signature="()V">
              <lines>
                <line number="600" hits="5"/>
              </lines>
            </method>
            <method name="(anonymous_54)" hits="5" signature="()V">
              <lines>
                <line number="600" hits="5"/>
              </lines>
            </method>
            <method name="(anonymous_55)" hits="4" signature="()V">
              <lines>
                <line number="677" hits="4"/>
              </lines>
            </method>
            <method name="(anonymous_56)" hits="7" signature="()V">
              <lines>
                <line number="742" hits="7"/>
              </lines>
            </method>
            <method name="(anonymous_57)" hits="7" signature="()V">
              <lines>
                <line number="742" hits="7"/>
              </lines>
            </method>
            <method name="(anonymous_58)" hits="0" signature="()V">
              <lines>
                <line number="748" hits="0"/>
              </lines>
            </method>
            <method name="(anonymous_59)" hits="0" signature="()V">
              <lines>
                <line number="792" hits="0"/>
              </lines>
            </method>
            <method name="(anonymous_60)" hits="5" signature="()V">
              <lines>
                <line number="798" hits="5"/>
              </lines>
            </method>
            <method name="(anonymous_61)" hits="28" signature="()V">
              <lines>
                <line number="842" hits="28"/>
              </lines>
            </method>
            <method name="(anonymous_62)" hits="1" signature="()V">
              <lines>
                <line number="873" hits="1"/>
              </lines>
            </method>
            <method name="(anonymous_63)" hits="0" signature="()V">
              <lines>
                <line number="905" hits="0"/>
              </lines>
            </method>
            <method name="(anonymous_64)" hits="0" signature="()V">
              <lines>
                <line number="928" hits="0"/>
              </lines>
            </method>
            <method name="(anonymous_65)" hits="0" signature="()V">
              <lines>
                <line number="929" hits="0"/>
              </lines>
            </method>
          </methods>
          <lines>
            <line number="1" hits="5" branch="false"/>
            <line number="2" hits="5" branch="false"/>
            <line number="3" hits="5" branch="false"/>
            <line number="4" hits="5" branch="false"/>
            <line number="5" hits="5" branch="false"/>
            <line number="6" hits="5" branch="false"/>
            <line number="8" hits="5" branch="false"/>
            <line number="9" hits="5" branch="false"/>
            <line number="11" hits="5" branch="false"/>
            <line number="51" hits="5" branch="false"/>
            <line number="73" hits="14" branch="false"/>
            <line number="74" hits="14" branch="false"/>
            <line number="75" hits="14" branch="false"/>
            <line number="76" hits="14" branch="false"/>
            <line number="77" hits="14" branch="false"/>
            <line number="78" hits="14" branch="false"/>
            <line number="79" hits="14" branch="false"/>
            <line number="80" hits="14" branch="false"/>
            <line number="81" hits="14" branch="false"/>
            <line number="82" hits="14" branch="false"/>
            <line number="83" hits="14" branch="false"/>
            <line number="87" hits="12" branch="false"/>
            <line number="88" hits="12" branch="false"/>
            <line number="89" hits="12" branch="false"/>
            <line number="91" hits="6" branch="false"/>
            <line number="95" hits="5" branch="false"/>
            <line number="99" hits="12" branch="false"/>
            <line number="100" hits="12" branch="false"/>
            <line number="101" hits="12" branch="false"/>
            <line number="102" hits="12" branch="false"/>
            <line number="115" hits="5" branch="false"/>
            <line number="116" hits="3" branch="false"/>
            <line number="119" hits="24" branch="false"/>
            <line number="121" hits="19" branch="false"/>
            <line number="123" hits="5" branch="false"/>
            <line number="124" hits="5" branch="false"/>
            <line number="134" hits="5" branch="false"/>
            <line number="135" hits="5" branch="false"/>
            <line number="137" hits="5" branch="false"/>
            <line number="138" hits="25" branch="false"/>
            <line number="139" hits="25" branch="true" condition-coverage="66.66666666666666% (2/3)"/>
            <line number="140" hits="0" branch="false"/>
            <line number="142" hits="25" branch="false"/>
            <line number="145" hits="5" branch="false"/>
            <line number="146" hits="25" branch="false"/>
            <line number="147" hits="25" branch="true" condition-coverage="100% (2/2)"/>
            <line number="150" hits="11" branch="true" condition-coverage="100% (3/3)"/>
            <line number="152" hits="5" branch="false"/>
            <line number="153" hits="14" branch="true" condition-coverage="100% (1/1)"/>
            <line number="154" hits="4" branch="false"/>
            <line number="156" hits="10" branch="true" condition-coverage="100% (1/1)"/>
            <line number="157" hits="4" branch="false"/>
            <line number="159" hits="6" branch="false"/>
            <line number="163" hits="5" branch="false"/>
            <line number="164" hits="0" branch="false"/>
            <line number="165" hits="0" branch="false"/>
            <line number="166" hits="0" branch="false"/>
            <line number="167" hits="0" branch="false"/>
            <line number="168" hits="0" branch="false"/>
            <line number="169" hits="0" branch="false"/>
            <line number="170" hits="0" branch="false"/>
            <line number="172" hits="0" branch="false"/>
            <line number="176" hits="5" branch="false"/>
            <line number="177" hits="31" branch="false"/>
            <line number="181" hits="5" branch="false"/>
            <line number="186" hits="26" branch="false"/>
            <line number="187" hits="26" branch="false"/>
            <line number="191" hits="26" branch="true" condition-coverage="100% (1/1)"/>
            <line number="192" hits="13" branch="false"/>
            <line number="195" hits="13" branch="true" condition-coverage="100% (1/1)"/>
            <line number="196" hits="7" branch="false"/>
            <line number="199" hits="6" branch="false"/>
            <line number="210" hits="5" branch="false"/>
            <line number="215" hits="11" branch="false"/>
            <line number="216" hits="11" branch="false"/>
            <line number="217" hits="11" branch="false"/>
            <line number="219" hits="11" branch="false"/>
            <line number="231" hits="11" branch="true" condition-coverage="100% (1/1)"/>
            <line number="232" hits="5" branch="false"/>
            <line number="235" hits="6" branch="true" condition-coverage="100% (1/1)"/>
            <line number="236" hits="2" branch="true" condition-coverage="100% (2/2)"/>
            <line number="237" hits="2" branch="false"/>
            <line number="240" hits="4" branch="false"/>
            <line number="251" hits="5" branch="false"/>
            <line number="257" hits="7" branch="false"/>
            <line number="258" hits="7" branch="false"/>
            <line number="261" hits="7" branch="false"/>
            <line number="269" hits="7" branch="true" condition-coverage="100% (1/1)"/>
            <line number="270" hits="1" branch="false"/>
            <line number="281" hits="6" branch="false"/>
            <line number="282" hits="6" branch="false"/>
            <line number="285" hits="6" branch="false"/>
            <line number="286" hits="6" branch="false"/>
            <line number="288" hits="6" branch="false"/>
            <line number="289" hits="26" branch="false"/>
            <line number="290" hits="26" branch="false"/>
            <line number="292" hits="26" branch="false"/>
            <line number="301" hits="26" branch="true" condition-coverage="100% (1/1)"/>
            <line number="302" hits="1" branch="false"/>
            <line number="313" hits="25" branch="false"/>
            <line number="317" hits="5" branch="false"/>
            <line number="321" hits="5" branch="true" condition-coverage="0% (0/1)"/>
            <line number="322" hits="0" branch="false"/>
            <line number="333" hits="5" branch="false"/>
            <line number="334" hits="5" branch="false"/>
            <line number="337" hits="5" branch="false"/>
            <line number="343" hits="16" branch="false"/>
            <line number="344" hits="16" branch="false"/>
            <line number="353" hits="16" branch="true" condition-coverage="100% (1/1)"/>
            <line number="354" hits="2" branch="false"/>
            <line number="355" hits="2" branch="false"/>
            <line number="369" hits="14" branch="false"/>
            <line number="373" hits="14" branch="true" condition-coverage="0% (0/1)"/>
            <line number="374" hits="0" branch="false"/>
            <line number="385" hits="14" branch="false"/>
            <line number="386" hits="14" branch="false"/>
            <line number="391" hits="5" branch="true" condition-coverage="0% (0/3)"/>
            <line number="392" hits="0" branch="false"/>
            <line number="393" hits="0" branch="false"/>
            <line number="394" hits="0" branch="false"/>
            <line number="395" hits="0" branch="false"/>
            <line number="396" hits="0" branch="false"/>
            <line number="399" hits="0" branch="false"/>
            <line number="400" hits="0" branch="true" condition-coverage="0% (0/2)"/>
            <line number="401" hits="0" branch="true" condition-coverage="0% (0/1)"/>
            <line number="402" hits="0" branch="false"/>
            <line number="403" hits="0" branch="false"/>
            <line number="406" hits="0" branch="true" condition-coverage="0% (0/1)"/>
            <line number="407" hits="0" branch="false"/>
            <line number="408" hits="0" branch="false"/>
            <line number="412" hits="0" branch="false"/>
            <line number="413" hits="0" branch="false"/>
            <line number="414" hits="0" branch="false"/>
            <line number="417" hits="0" branch="false"/>
            <line number="418" hits="0" branch="true" condition-coverage="0% (0/2)"/>
            <line number="419" hits="0" branch="false"/>
            <line number="420" hits="0" branch="false"/>
            <line number="421" hits="0" branch="false"/>
            <line number="422" hits="0" branch="false"/>
            <line number="424" hits="0" branch="false"/>
            <line number="428" hits="0" branch="false"/>
            <line number="429" hits="0" branch="false"/>
            <line number="434" hits="5" branch="false"/>
            <line number="435" hits="4" branch="false"/>
            <line number="436" hits="4" branch="true" condition-coverage="100% (1/1)"/>
            <line number="437" hits="1" branch="false"/>
            <line number="440" hits="4" branch="false"/>
            <line number="441" hits="4" branch="false"/>
            <line number="444" hits="3" branch="false"/>
            <line number="445" hits="3" branch="true" condition-coverage="100% (2/2)"/>
            <line number="446" hits="1" branch="false"/>
            <line number="447" hits="1" branch="false"/>
            <line number="448" hits="1" branch="false"/>
            <line number="451" hits="3" branch="false"/>
            <line number="454" hits="8" branch="false"/>
            <line number="455" hits="8" branch="true" condition-coverage="100% (1/1)"/>
            <line number="456" hits="2" branch="false"/>
            <line number="459" hits="6" branch="false"/>
            <line number="462" hits="5" branch="false"/>
            <line number="472" hits="60" branch="false"/>
            <line number="473" hits="60" branch="false"/>
            <line number="474" hits="60" branch="true" condition-coverage="100% (2/2)"/>
            <line number="475" hits="60" branch="false"/>
            <line number="476" hits="60" branch="false"/>
            <line number="477" hits="60" branch="false"/>
            <line number="479" hits="60" branch="false"/>
            <line number="480" hits="60" branch="false"/>
            <line number="481" hits="60" branch="false"/>
            <line number="482" hits="60" branch="false"/>
            <line number="483" hits="60" branch="false"/>
            <line number="486" hits="60" branch="false"/>
            <line number="487" hits="60" branch="false"/>
            <line number="488" hits="60" branch="false"/>
            <line number="490" hits="60" branch="false"/>
            <line number="491" hits="60" branch="false"/>
            <line number="494" hits="60" branch="false"/>
            <line number="495" hits="11" branch="false"/>
            <line number="496" hits="11" branch="false"/>
            <line number="500" hits="11" branch="true" condition-coverage="100% (3/3)"/>
            <line number="501" hits="2" branch="true" condition-coverage="100% (4/4)"/>
            <line number="502" hits="1" branch="false"/>
            <line number="504" hits="1" branch="false"/>
            <line number="506" hits="2" branch="false"/>
            <line number="507" hits="2" branch="false"/>
            <line number="510" hits="9" branch="false"/>
            <line number="512" hits="9" branch="false"/>
            <line number="514" hits="9" branch="false"/>
            <line number="515" hits="9" branch="false"/>
            <line number="516" hits="9" branch="false"/>
            <line number="519" hits="8" branch="false"/>
            <line number="522" hits="8" branch="true" condition-coverage="0% (0/1)"/>
            <line number="523" hits="8" branch="false"/>
            <line number="524" hits="8" branch="false"/>
            <line number="527" hits="8" branch="false"/>
            <line number="530" hits="8" branch="false"/>
            <line number="535" hits="8" branch="true" condition-coverage="100% (2/2)"/>
            <line number="536" hits="5" branch="false"/>
            <line number="537" hits="5" branch="true" condition-coverage="100% (2/2)"/>
            <line number="538" hits="5" branch="false"/>
            <line number="539" hits="3" branch="true" condition-coverage="100% (1/1)"/>
            <line number="541" hits="3" branch="false"/>
            <line number="542" hits="3" branch="false"/>
            <line number="545" hits="1" branch="false"/>
            <line number="546" hits="1" branch="false"/>
            <line number="548" hits="9" branch="false"/>
            <line number="552" hits="11" branch="false"/>
            <line number="555" hits="60" branch="false"/>
            <line number="556" hits="9" branch="true" condition-coverage="100% (3/3)"/>
            <line number="557" hits="9" branch="false"/>
            <line number="558" hits="9" branch="true" condition-coverage="100% (2/2)"/>
            <line number="559" hits="9" branch="false"/>
            <line number="561" hits="9" branch="true" condition-coverage="100% (1/1)"/>
            <line number="562" hits="1" branch="false"/>
            <line number="563" hits="1" branch="false"/>
            <line number="564" hits="1" branch="false"/>
            <line number="567" hits="9" branch="true" condition-coverage="100% (1/1)"/>
            <line number="568" hits="1" branch="false"/>
            <line number="569" hits="1" branch="false"/>
            <line number="572" hits="8" branch="false"/>
            <line number="574" hits="8" branch="false"/>
            <line number="575" hits="8" branch="false"/>
            <line number="576" hits="8" branch="false"/>
            <line number="578" hits="8" branch="false"/>
            <line number="580" hits="8" branch="false"/>
            <line number="584" hits="60" branch="false"/>
            <line number="585" hits="0" branch="true" condition-coverage="0% (0/4)"/>
            <line number="588" hits="60" branch="false"/>
            <line number="589" hits="1" branch="false"/>
            <line number="592" hits="60" branch="false"/>
            <line number="593" hits="0" branch="false"/>
            <line number="594" hits="0" branch="false"/>
            <line number="595" hits="0" branch="true" condition-coverage="0% (0/1)"/>
            <line number="596" hits="0" branch="false"/>
            <line number="600" hits="60" branch="false"/>
            <line number="601" hits="5" branch="true" condition-coverage="66.66666666666666% (2/3)"/>
            <line number="603" hits="5" branch="false"/>
            <line number="604" hits="5" branch="false"/>
            <line number="605" hits="5" branch="true" condition-coverage="50% (2/4)"/>
            <line number="609" hits="5" branch="false"/>
            <line number="611" hits="5" branch="false"/>
            <line number="612" hits="5" branch="false"/>
            <line number="613" hits="5" branch="false"/>
            <line number="616" hits="5" branch="false"/>
            <line number="619" hits="5" branch="true" condition-coverage="0% (0/1)"/>
            <line number="620" hits="5" branch="false"/>
            <line number="621" hits="5" branch="false"/>
            <line number="624" hits="5" branch="false"/>
            <line number="627" hits="5" branch="true" condition-coverage="0% (0/1)"/>
            <line number="628" hits="0" branch="false"/>
            <line number="631" hits="5" branch="false"/>
[...]
            <line number="647" hits="7" branch="true" condition-coverage="66.66666666666666% (2/3)"/>
            <line number="648" hits="7" branch="false"/>
            <line number="649" hits="7" branch="false"/>
            <line number="650" hits="7" branch="false"/>
            <line number="651" hits="7" branch="false"/>
            <line number="652" hits="7" branch="false"/>
            <line number="653" hits="7" branch="false"/>
            <line number="654" hits="7" branch="false"/>
            <line number="655" hits="7" branch="false"/>
            <line number="656" hits="7" branch="false"/>
            <line number="657" hits="7" branch="false"/>
            <line number="658" hits="7" branch="false"/>
            <line number="661" hits="7" branch="false"/>
            <line number="662" hits="7" branch="false"/>
            <line number="667" hits="7" branch="false"/>
            <line number="668" hits="7" branch="false"/>
            <line number="672" hits="7" branch="true" condition-coverage="0% (0/1)"/>
            <line number="673" hits="0" branch="false"/>
            <line number="674" hits="0" branch="false"/>
            <line number="686" hits="7" branch="false"/>
            <line number="687" hits="7" branch="false"/>
            <line number="688" hits="7" branch="false"/>
            <line number="691" hits="7" branch="false"/>
            <line number="693" hits="7" branch="true" condition-coverage="0% (0/1)"/>
            <line number="694" hits="0" branch="false"/>
            <line number="696" hits="7" branch="false"/>
            <line number="699" hits="7" branch="false"/>
            <line number="700" hits="7" branch="false"/>
            <line number="706" hits="5" branch="true" condition-coverage="0% (0/1)"/>
            <line number="707" hits="0" branch="false"/>
            <line number="708" hits="0" branch="false"/>
            <line number="717" hits="5" branch="false"/>
            <line number="718" hits="5" branch="false"/>
            <line number="723" hits="5" branch="false"/>
            <line number="726" hits="5" branch="true" condition-coverage="0% (0/1)"/>
            <line number="727" hits="0" branch="false"/>
            <line number="730" hits="5" branch="false"/>
            <line number="731" hits="5" branch="false"/>
            <line number="732" hits="5" branch="false"/>
            <line number="734" hits="5" branch="true" condition-coverage="50% (1/2)"/>
            <line number="735" hits="0" branch="false"/>
            <line number="742" hits="5" branch="false"/>
            <line number="749" hits="5" branch="false"/>
            <line number="750" hits="5" branch="false"/>
            <line number="754" hits="5" branch="true" condition-coverage="50% (1/2)"/>
            <line number="757" hits="5" branch="false"/>
            <line number="758" hits="5" branch="false"/>
            <line number="769" hits="5" branch="true" condition-coverage="0% (0/1)"/>
            <line number="770" hits="0" branch="false"/>
            <line number="771" hits="0" branch="false"/>
            <line number="780" hits="0" branch="false"/>
            <line number="785" hits="5" branch="false"/>
            <line number="786" hits="5" branch="false"/>
            <line number="787" hits="5" branch="true" condition-coverage="66.66666666666666% (4/6)"/>
            <line number="788" hits="5" branch="false"/>
            <line number="803" hits="5" branch="true" condition-coverage="0% (0/1)"/>
            <line number="804" hits="0" branch="false"/>
            <line number="807" hits="5" branch="false"/>
            <line number="808" hits="5" branch="false"/>
            <line number="809" hits="5" branch="false"/>
            <line number="811" hits="2" branch="true" condition-coverage="50% (1/2)"/>
            <line number="812" hits="2" branch="false"/>
            <line number="814" hits="2" branch="true" condition-coverage="50% (1/2)"/>
            <line number="815" hits="2" branch="false"/>
            <line number="820" hits="2" branch="true" condition-coverage="66.66666666666666% (4/6)"/>
            <line number="835" hits="2" branch="true" condition-coverage="100% (1/1)"/>
            <line number="836" hits="1" branch="false"/>
            <line number="839" hits="0" branch="false"/>
            <line number="842" hits="2" branch="false"/>
            <line number="844" hits="7" branch="false"/>
            <line number="849" hits="151" branch="true" condition-coverage="0% (0/1)"/>
            <line number="851" hits="8" branch="true" condition-coverage="83.33333333333334% (5/6)"/>
            <line number="852" hits="8" branch="false"/>
            <line number="863" hits="8" branch="false"/>
            <line number="864" hits="8" branch="true" condition-coverage="100% (3/3)"/>
            <line number="865" hits="8" branch="false"/>
            <line number="866" hits="8" branch="false"/>
            <line number="869" hits="8" branch="false"/>
            <line number="873" hits="8" branch="true" condition-coverage="100% (2/2)"/>
            <line number="874" hits="8" branch="true" condition-coverage="100% (2/2)"/>
            <line number="875" hits="7" branch="false"/>
            <line number="878" hits="1" branch="false"/>
            <line number="881" hits="6" branch="true" condition-coverage="75% (6/8)"/>
            <line number="882" hits="6" branch="false"/>
            <line number="884" hits="6" branch="false"/>
            <line number="885" hits="6" branch="false"/>
            <line number="886" hits="6" branch="false"/>
            <line number="887" hits="6" branch="false"/>
            <line number="888" hits="6" branch="false"/>
            <line number="889" hits="6" branch="false"/>
            <line number="890" hits="6" branch="false"/>
            <line number="893" hits="151" branch="false"/>
            <line number="894" hits="5" branch="true" condition-coverage="75% (3/4)"/>
            <line number="895" hits="5" branch="false"/>
            <line number="896" hits="5" branch="false"/>
            <line number="897" hits="5" branch="false"/>
            <line number="898" hits="5" branch="false"/>
            <line number="899" hits="5" branch="false"/>
            <line number="900" hits="5" branch="false"/>
            <line number="901" hits="5" branch="false"/>
            <line number="902" hits="5" branch="false"/>
            <line number="903" hits="5" branch="false"/>
            <line number="906" hits="5" branch="false"/>
            <line number="907" hits="5" branch="false"/>
            <line number="912" hits="5" branch="false"/>
            <line number="915" hits="5" branch="false"/>
            <line number="916" hits="5" branch="false"/>
            <line number="917" hits="5" branch="false"/>
            <line number="920" hits="5" branch="false"/>
            <line number="922" hits="5" branch="true" condition-coverage="100% (1/1)"/>
            <line number="923" hits="1" branch="false"/>
            <line number="925" hits="5" branch="false"/>
            <line number="928" hits="5" branch="false"/>
            <line number="934" hits="4" branch="true" condition-coverage="100% (1/1)"/>
            <line number="935" hits="2" branch="false"/>
            <line number="944" hits="4" branch="false"/>
            <line number="945" hits="4" branch="false"/>
            <line number="946" hits="3" branch="false"/>
            <line number="948" hits="3" branch="true" condition-coverage="50% (1/2)"/>
            <line number="949" hits="0" branch="false"/>
            <line number="956" hits="3" branch="false"/>
            <line number="963" hits="3" branch="false"/>
            <line number="964" hits="3" branch="false"/>
            <line number="968" hits="4" branch="true" condition-coverage="100% (2/2)"/>
            <line number="971" hits="4" branch="false"/>
            <line number="982" hits="4" branch="true" condition-coverage="0% (0/1)"/>
            <line number="983" hits="0" branch="false"/>
            <line number="984" hits="0" branch="false"/>
            <line number="993" hits="0" branch="false"/>
            <line number="997" hits="4" branch="false"/>
            <line number="998" hits="4" branch="false"/>
            <line number="999" hits="4" branch="false"/>
            <line number="1001" hits="1" branch="false"/>
            <line number="1004" hits="5" branch="false"/>
            <line number="1005" hits="5" branch="false"/>
            <line number="1007" hits="5" branch="false"/>
            <line number="1008" hits="5" branch="false"/>
            <line number="1015" hits="151" branch="true" condition-coverage="100% (4/4)"/>
            <line number="1016" hits="111" branch="true" condition-coverage="0% (0/1)"/>
            <line number="1018" hits="111" branch="false"/>
            <line number="1032" hits="541" branch="false"/>
            <line number="1036" hits="245" branch="false"/>
            <line number="1037" hits="2" branch="false"/>
            <line number="1043" hits="272" branch="false"/>
            <line number="1052" hits="0" branch="false"/>
            <line number="1062" hits="0" branch="false"/>
            <line number="1063" hits="0" branch="false"/>
            <line number="1065" hits="0" branch="true" condition-coverage="0% (0/2)"/>
            <line number="1070" hits="35" branch="true" condition-coverage="100% (6/6)"/>
            <line number="1072" hits="35" branch="true" condition-coverage="100% (6/6)"/>
            <line number="1073" hits="35" branch="true" condition-coverage="100% (6/6)"/>
            <line number="1074" hits="35" branch="true" condition-coverage="100% (6/6)"/>
            <line number="1084" hits="24" branch="false"/>
            <line number="1086" hits="7" branch="false"/>
            <line number="1088" hits="2" branch="false"/>
            <line number="1091" hits="15" branch="false"/>
            <line number="1097" hits="64" branch="false"/>
            <line number="1111" hits="0" branch="false"/>
            <line number="1112" hits="0" branch="false"/>
            <line number="1120" hits="1" branch="false"/>
          </lines>
        </class>
        <class name="UploadProgress.tsx" filename="src/ui-components/UploadProgress.tsx" line-rate="1" branch-rate="1">
          <methods>
            <method name="(anonymous_0)" hits="62" signature="()V">
              <lines>
                <line number="12" hits="62"/>
              </lines>
            </method>
          </methods>
          <lines>
            <line number="1" hits="6" branch="false"/>
            <line number="2" hits="6" branch="false"/>
            <line number="3" hits="6" branch="false"/>
            <line number="12" hits="6" branch="false"/>
            <line number="13" hits="62" branch="false"/>
            <line number="14" hits="62" branch="true" condition-coverage="100% (1/1)"/>
            <line number="16" hits="8" branch="false"/>
          </lines>
        </class>
        <class name="WelcomeName.tsx" filename="src/ui-components/WelcomeName.tsx" line-rate="1" branch-rate="1">
          <methods>
            <method name="(anonymous_0)" hits="3" signature="()V">
              <lines>
                <line number="6" hits="3"/>
              </lines>
            </method>
            <method name="(anonymous_1)" hits="2" signature="()V">
              <lines>
                <line number="12" hits="2"/>
              </lines>
            </method>
          </methods>
          <lines>
            <line number="1" hits="1" branch="false"/>
            <line number="2" hits="1" branch="false"/>
            <line number="3" hits="1" branch="false"/>
            <line number="4" hits="1" branch="false"/>
            <line number="6" hits="1" branch="false"/>
            <line number="7" hits="3" branch="false"/>
            <line number="8" hits="3" branch="false"/>
            <line number="9" hits="3" branch="true" condition-coverage="100% (2/2)"/>
            <line number="10" hits="3" branch="false"/>
            <line number="12" hits="3" branch="false"/>
            <line number="13" hits="2" branch="true" condition-coverage="100% (4/4)"/>
            <line number="14" hits="1" branch="false"/>
            <line number="16" hits="1" branch="false"/>
            <line number="20" hits="3" branch="true" condition-coverage="100% (2/2)"/>
            <line number="21" hits="1" branch="false"/>
            <line number="23" hits="2" branch="false"/>
            <line number="27" hits="1" branch="false"/>
          </lines>
        </class>
      </classes>
    </package>
    <package name="src.utils" line-rate="0.9229999999999999" branch-rate="0.6165999999999999">
      <classes>
        <class name="Logger.ts" filename="src/utils/Logger.ts" line-rate="0.9354" branch-rate="0.826">
          <methods>
            <method name="(anonymous_0)" hits="13" signature="()V">
              <lines>
                <line number="31" hits="13"/>
              </lines>
            </method>
            <method name="(anonymous_1)" hits="13" signature="()V">
              <lines>
                <line number="49" hits="13"/>
              </lines>
            </method>
            <method name="(anonymous_2)" hits="13" signature="()V">
              <lines>
                <line number="49" hits="13"/>
              </lines>
            </method>
          </methods>
          <lines>
            <line number="28" hits="8" branch="false"/>
            <line number="29" hits="8" branch="false"/>
            <line number="31" hits="8" branch="false"/>
            <line number="32" hits="13" branch="false"/>
            <line number="34" hits="13" branch="true" condition-coverage="100% (1/1)"/>
            <line number="35" hits="13" branch="true" condition-coverage="100% (1/1)"/>
            <line number="36" hits="13" branch="true" condition-coverage="100% (1/1)"/>
            <line number="37" hits="13" branch="true" condition-coverage="100% (1/1)"/>
            <line number="38" hits="13" branch="true" condition-coverage="100% (1/1)"/>
            <line number="39" hits="13" branch="true" condition-coverage="100% (1/1)"/>
            <line number="40" hits="13" branch="true" condition-coverage="100% (1/1)"/>
            <line number="41" hits="13" branch="true" condition-coverage="100% (1/1)"/>
            <line number="42" hits="13" branch="true" condition-coverage="100% (1/1)"/>
            <line number="43" hits="13" branch="true" condition-coverage="100% (1/1)"/>
            <line number="44" hits="13" branch="true" condition-coverage="100% (1/1)"/>
            <line number="46" hits="13" branch="false"/>
            <line number="49" hits="13" branch="false"/>
            <line number="51" hits="13" branch="false"/>
            <line number="53" hits="13" branch="false"/>
            <line number="55" hits="13" branch="false"/>
            <line number="57" hits="13" branch="false"/>
            <line number="70" hits="13" branch="false"/>
            <line number="71" hits="13" branch="false"/>
            <line number="80" hits="13" branch="true" condition-coverage="100% (2/2)"/>
            <line number="81" hits="2" branch="false"/>
            <line number="82" hits="2" branch="true" condition-coverage="100% (2/2)"/>
            <line number="83" hits="2" branch="false"/>
            <line number="89" hits="11" branch="true" condition-coverage="100% (2/2)"/>
            <line number="90" hits="11" branch="false"/>
            <line number="94" hits="0" branch="true" condition-coverage="0% (0/2)"/>
            <line number="95" hits="0" branch="false"/>
          </lines>
        </class>
        <class name="MsGraphApiCall.ts" filename="src/utils/MsGraphApiCall.ts" line-rate="0.9285" branch-rate="1">
          <methods>
            <method name="callMsGraph" hits="2" signature="()V">
              <lines>
                <line number="4" hits="2"/>
              </lines>
            </method>
            <method name="(anonymous_2)" hits="1" signature="()V">
              <lines>
                <line number="26" hits="1"/>
              </lines>
            </method>
            <method name="(anonymous_3)" hits="0" signature="()V">
              <lines>
                <line number="27" hits="0"/>
              </lines>
            </method>
          </methods>
          <lines>
            <line number="1" hits="2" branch="false"/>
            <line number="2" hits="2" branch="false"/>
            <line number="4" hits="2" branch="false"/>
            <line number="5" hits="2" branch="false"/>
            <line number="6" hits="2" branch="true" condition-coverage="100% (1/1)"/>
            <line number="7" hits="1" branch="false"/>
            <line number="10" hits="1" branch="false"/>
            <line number="15" hits="1" branch="false"/>
            <line number="16" hits="1" branch="false"/>
            <line number="18" hits="1" branch="false"/>
            <line number="20" hits="1" branch="false"/>
            <line number="25" hits="1" branch="false"/>
            <line number="26" hits="1" branch="false"/>
            <line number="27" hits="0" branch="false"/>
          </lines>
        </class>
        <class name="NavigationClient.ts" filename="src/utils/NavigationClient.ts" line-rate="1" branch-rate="1">
          <methods>
            <method name="(anonymous_0)" hits="3" signature="()V">
              <lines>
                <line number="10" hits="3"/>
              </lines>
            </method>
            <method name="(anonymous_1)" hits="2" signature="()V">
              <lines>
                <line number="21" hits="2"/>
              </lines>
            </method>
          </methods>
          <lines>
            <line number="1" hits="2" branch="false"/>
            <line number="7" hits="2" branch="false"/>
            <line number="11" hits="3" branch="false"/>
            <line number="12" hits="3" branch="false"/>
            <line number="22" hits="2" branch="false"/>
            <line number="23" hits="2" branch="true" condition-coverage="100% (2/2)"/>
            <line number="24" hits="1" branch="false"/>
            <line number="26" hits="1" branch="false"/>
            <line number="29" hits="2" branch="false"/>
          </lines>
        </class>
        <class name="reportingAccess.ts" filename="src/utils/reportingAccess.ts" line-rate="0.8181" branch-rate="0.4411">
          <methods>
            <method name="normalizeReportingUserId" hits="8" signature="()V">
              <lines>
                <line number="13" hits="8"/>
              </lines>
            </method>
            <method name="isReportingUserAllowed" hits="8" signature="()V">
              <lines>
                <line number="22" hits="8"/>
              </lines>
            </method>
            <method name="(anonymous_2)" hits="9" signature="()V">
              <lines>
                <line number="28" hits="9"/>
              </lines>
            </method>
          </methods>
          <lines>
            <line number="1" hits="4" branch="false"/>
            <line number="13" hits="4" branch="false"/>
            <line number="14" hits="8" branch="true" condition-coverage="46.875% (15/32)"/>
            <line number="15" hits="8" branch="true" condition-coverage="0% (0/1)"/>
            <line number="16" hits="0" branch="false"/>
            <line number="19" hits="8" branch="false"/>
            <line number="22" hits="4" branch="false"/>
            <line number="23" hits="8" branch="false"/>
            <line number="24" hits="8" branch="true" condition-coverage="0% (0/1)"/>
            <line number="25" hits="0" branch="false"/>
            <line number="28" hits="9" branch="false"/>
          </lines>
        </class>
      </classes>
    </package>
  </packages>
</coverage>
