{"/workspaces/redIT_Baumgartner_BildUpload/src/App.tsx": {"path":"/workspaces/redIT_Baumgartner_BildUpload/src/App.tsx","statementMap":{"0":{"start":{"line":1,"column":0},"end":{"line":1,"column":62}},"1":{"start":{"line":3,"column":0},"end":{"line":3,"column":66}},"2":{"start":{"line":6,"column":0},"end":{"line":6,"column":49}},"3":{"start":{"line":8,"column":0},"end":{"line":8,"column":66}},"4":{"start":{"line":11,"column":0},"end":{"line":11,"column":56}},"5":{"start":{"line":12,"column":0},"end":{"line":12,"column":50}},"6":{"start":{"line":13,"column":0},"end":{"line":13,"column":22}},"7":{"start":{"line":21,"column":21},"end":{"line":21,"column":34}},"8":{"start":{"line":22,"column":29},"end":{"line":22,"column":65}},"9":{"start":{"line":23,"column":4},"end":{"line":23,"column":46}},"10":{"start":{"line":25,"column":4},"end":{"line":43,"column":6}},"11":{"start":{"line":46,"column":0},"end":{"line":46,"column":19}}},"fnMap":{"0":{"name":"App","decl":{"start":{"line":19,"column":9},"end":{"line":19,"column":12}},"loc":{"start":{"line":19,"column":30},"end":{"line":44,"column":1}}}},"branchMap":{},"s":{"0":1,"1":1,"2":1,"3":1,"4":1,"5":1,"6":1,"7":1,"8":1,"9":1,"10":1,"11":1},"f":{"0":1},"b":{}}
,"/workspaces/redIT_Baumgartner_BildUpload/src/authConfig.ts": {"path":"/workspaces/redIT_Baumgartner_BildUpload/src/authConfig.ts","statementMap":{"0":{"start":{"line":4,"column":13},"end":{"line":18,"column":2}},"1":{"start":{"line":21,"column":13},"end":{"line":23,"column":2}},"2":{"start":{"line":26,"column":13},"end":{"line":28,"column":2}}},"fnMap":{},"branchMap":{},"s":{"0":10,"1":10,"2":10},"f":{},"b":{}}
,"/workspaces/redIT_Baumgartner_BildUpload/src/db.ts": {"path":"/workspaces/redIT_Baumgartner_BildUpload/src/db.ts","statementMap":{"0":{"start":{"line":1,"column":0},"end":{"line":1,"column":26}},"1":{"start":{"line":50,"column":8},"end":{"line":50,"column":29}},"2":{"start":{"line":53,"column":8},"end":{"line":57,"column":11}},"3":{"start":{"line":61,"column":8},"end":{"line":65,"column":11}},"4":{"start":{"line":68,"column":8},"end":{"line":72,"column":11}},"5":{"start":{"line":44,"column":0},"end":{"line":44,"column":13}},"6":{"start":{"line":76,"column":13},"end":{"line":76,"column":34}}},"fnMap":{"0":{"name":"(anonymous_0)","decl":{"start":{"line":49,"column":4},"end":{"line":49,"column":null}},"loc":{"start":{"line":49,"column":4},"end":{"line":73,"column":5}}}},"branchMap":{},"s":{"0":1,"1":2,"2":2,"3":2,"4":2,"5":1,"6":1},"f":{"0":2},"b":{}}
,"/workspaces/redIT_Baumgartner_BildUpload/src/graph.tsx": {"path":"/workspaces/redIT_Baumgartner_BildUpload/src/graph.tsx","statementMap":{"0":{"start":{"line":1,"column":0},"end":{"line":1,"column":26}},"1":{"start":{"line":2,"column":0},"end":{"line":2,"column":43}},"2":{"start":{"line":5,"column":20},"end":{"line":5,"column":33}},"3":{"start":{"line":6,"column":19},"end":{"line":6,"column":42}},"4":{"start":{"line":8,"column":4},"end":{"line":8,"column":44}},"5":{"start":{"line":10,"column":20},"end":{"line":13,"column":6}},"6":{"start":{"line":15,"column":4},"end":{"line":17,"column":44}},"7":{"start":{"line":16,"column":26},"end":{"line":16,"column":41}},"8":{"start":{"line":17,"column":24},"end":{"line":17,"column":42}},"9":{"start":{"line":4,"column":0},"end":{"line":4,"column":22}},"10":{"start":{"line":20,"column":27},"end":{"line":29,"column":1}},"11":{"start":{"line":21,"column":4},"end":{"line":28,"column":6}},"12":{"start":{"line":20,"column":13},"end":{"line":20,"column":27}}},"fnMap":{"0":{"name":"callMsGraph","decl":{"start":{"line":4,"column":22},"end":{"line":4,"column":33}},"loc":{"start":{"line":4,"column":53},"end":{"line":18,"column":null}}},"1":{"name":"(anonymous_2)","decl":{"start":{"line":16,"column":14},"end":{"line":16,"column":22}},"loc":{"start":{"line":16,"column":26},"end":{"line":16,"column":41}}},"2":{"name":"(anonymous_3)","decl":{"start":{"line":17,"column":15},"end":{"line":17,"column":20}},"loc":{"start":{"line":17,"column":24},"end":{"line":17,"column":42}}},"3":{"name":"(anonymous_4)","decl":{"start":{"line":20,"column":27},"end":{"line":20,"column":28}},"loc":{"start":{"line":20,"column":42},"end":{"line":29,"column":1}}}},"branchMap":{},"s":{"0":1,"1":1,"2":2,"3":2,"4":2,"5":2,"6":2,"7":1,"8":1,"9":1,"10":1,"11":0,"12":1},"f":{"0":2,"1":1,"2":1,"3":0},"b":{}}
,"/workspaces/redIT_Baumgartner_BildUpload/src/styles/theme.ts": {"path":"/workspaces/redIT_Baumgartner_BildUpload/src/styles/theme.ts","statementMap":{"0":{"start":{"line":1,"column":0},"end":{"line":1,"column":91}},"1":{"start":{"line":2,"column":0},"end":{"line":2,"column":43}},"2":{"start":{"line":5,"column":13},"end":{"line":20,"column":3}}},"fnMap":{},"branchMap":{},"s":{"0":1,"1":1,"2":1},"f":{},"b":{}}
,"/workspaces/redIT_Baumgartner_BildUpload/src/ui-components/ChannelsList.tsx": {"path":"/workspaces/redIT_Baumgartner_BildUpload/src/ui-components/ChannelsList.tsx","statementMap":{"0":{"start":{"line":1,"column":0},"end":{"line":1,"column":51}},"1":{"start":{"line":2,"column":0},"end":{"line":2,"column":56}},"2":{"start":{"line":3,"column":0},"end":{"line":3,"column":67}},"3":{"start":{"line":4,"column":0},"end":{"line":4,"column":45}},"4":{"start":{"line":5,"column":0},"end":{"line":5,"column":40}},"5":{"start":{"line":6,"column":0},"end":{"line":6,"column":89}},"6":{"start":{"line":31,"column":50},"end":{"line":156,"column":1}},"7":{"start":{"line":42,"column":35},"end":{"line":42,"column":44}},"8":{"start":{"line":43,"column":20},"end":{"line":43,"column":49}},"9":{"start":{"line":44,"column":36},"end":{"line":44,"column":59}},"10":{"start":{"line":45,"column":34},"end":{"line":45,"column":57}},"11":{"start":{"line":46,"column":30},"end":{"line":46,"column":59}},"12":{"start":{"line":47,"column":50},"end":{"line":47,"column":80}},"13":{"start":{"line":48,"column":36},"end":{"line":48,"column":62}},"14":{"start":{"line":51,"column":4},"end":{"line":60,"column":11}},"15":{"start":{"line":52,"column":29},"end":{"line":52,"column":52}},"16":{"start":{"line":52,"column":35},"end":{"line":52,"column":52}},"17":{"start":{"line":53,"column":30},"end":{"line":53,"column":54}},"18":{"start":{"line":53,"column":36},"end":{"line":53,"column":54}},"19":{"start":{"line":54,"column":8},"end":{"line":54,"column":56}},"20":{"start":{"line":55,"column":8},"end":{"line":55,"column":58}},"21":{"start":{"line":56,"column":8},"end":{"line":59,"column":10}},"22":{"start":{"line":57,"column":12},"end":{"line":57,"column":63}},"23":{"start":{"line":58,"column":12},"end":{"line":58,"column":65}},"24":{"start":{"line":62,"column":4},"end":{"line":103,"column":63}},"25":{"start":{"line":63,"column":30},"end":{"line":100,"column":10}},"26":{"start":{"line":63,"column":41},"end":{"line":100,"column":10}},"27":{"start":{"line":64,"column":12},"end":{"line":68,"column":null}},"28":{"start":{"line":65,"column":16},"end":{"line":65,"column":44}},"29":{"start":{"line":66,"column":16},"end":{"line":66,"column":34}},"30":{"start":{"line":67,"column":16},"end":{"line":67,"column":23}},"31":{"start":{"line":70,"column":25},"end":{"line":70,"column":56}},"32":{"start":{"line":72,"column":12},"end":{"line":99,"column":null}},"33":{"start":{"line":73,"column":33},"end":{"line":73,"column":75}},"34":{"start":{"line":74,"column":36},"end":{"line":74,"column":56}},"35":{"start":{"line":76,"column":38},"end":{"line":78,"column":18}},"36":{"start":{"line":80,"column":16},"end":{"line":85,"column":null}},"37":{"start":{"line":81,"column":33},"end":{"line":81,"column":59}},"38":{"start":{"line":82,"column":20},"end":{"line":82,"column":44}},"39":{"start":{"line":84,"column":20},"end":{"line":84,"column":57}},"40":{"start":{"line":87,"column":16},"end":{"line":96,"column":null}},"41":{"start":{"line":88,"column":20},"end":{"line":93,"column":23}},"42":{"start":{"line":89,"column":44},"end":{"line":89,"column":64}},"43":{"start":{"line":90,"column":24},"end":{"line":92,"column":93}},"44":{"start":{"line":92,"column":41},"end":{"line":92,"column":51}},"45":{"start":{"line":92,"column":68},"end":{"line":92,"column":91}},"46":{"start":{"line":95,"column":20},"end":{"line":95,"column":56}},"47":{"start":{"line":98,"column":16},"end":{"line":98,"column":34}},"48":{"start":{"line":102,"column":8},"end":{"line":102,"column":24}},"49":{"start":{"line":105,"column":32},"end":{"line":108,"column":5}},"50":{"start":{"line":106,"column":8},"end":{"line":106,"column":36}},"51":{"start":{"line":107,"column":8},"end":{"line":107,"column":33}},"52":{"start":{"line":110,"column":4},"end":{"line":110,"column":105}},"53":{"start":{"line":110,"column":40},"end":{"line":110,"column":105}},"54":{"start":{"line":111,"column":4},"end":{"line":111,"column":89}},"55":{"start":{"line":111,"column":15},"end":{"line":111,"column":89}},"56":{"start":{"line":113,"column":4},"end":{"line":155,"column":6}},"57":{"start":{"line":120,"column":20},"end":{"line":120,"column":null}},"58":{"start":{"line":127,"column":43},"end":{"line":127,"column":71}},"59":{"start":{"line":158,"column":0},"end":{"line":158,"column":28}}},"fnMap":{"0":{"name":"(anonymous_0)","decl":{"start":{"line":31,"column":50},"end":{"line":31,"column":51}},"loc":{"start":{"line":41,"column":5},"end":{"line":156,"column":1}}},"1":{"name":"(anonymous_1)","decl":{"start":{"line":51,"column":14},"end":{"line":51,"column":17}},"loc":{"start":{"line":51,"column":19},"end":{"line":60,"column":5}}},"2":{"name":"(anonymous_2)","decl":{"start":{"line":52,"column":29},"end":{"line":52,"column":32}},"loc":{"start":{"line":52,"column":35},"end":{"line":52,"column":52}}},"3":{"name":"(anonymous_3)","decl":{"start":{"line":53,"column":30},"end":{"line":53,"column":33}},"loc":{"start":{"line":53,"column":36},"end":{"line":53,"column":54}}},"4":{"name":"(anonymous_4)","decl":{"start":{"line":56,"column":15},"end":{"line":56,"column":18}},"loc":{"start":{"line":56,"column":20},"end":{"line":59,"column":9}}},"5":{"name":"(anonymous_5)","decl":{"start":{"line":62,"column":14},"end":{"line":62,"column":17}},"loc":{"start":{"line":62,"column":19},"end":{"line":103,"column":5}}},"6":{"name":"(anonymous_6)","decl":{"start":{"line":63,"column":30},"end":{"line":63,"column":39}},"loc":{"start":{"line":63,"column":41},"end":{"line":100,"column":10}}},"7":{"name":"(anonymous_7)","decl":{"start":{"line":63,"column":41},"end":{"line":63,"column":null}},"loc":{"start":{"line":63,"column":41},"end":{"line":100,"column":9}}},"8":{"name":"(anonymous_8)","decl":{"start":{"line":88,"column":61},"end":{"line":88,"column":62}},"loc":{"start":{"line":88,"column":74},"end":{"line":93,"column":21}}},"9":{"name":"(anonymous_9)","decl":{"start":{"line":92,"column":32},"end":{"line":92,"column":33}},"loc":{"start":{"line":92,"column":41},"end":{"line":92,"column":51}}},"10":{"name":"(anonymous_10)","decl":{"start":{"line":92,"column":58},"end":{"line":92,"column":59}},"loc":{"start":{"line":92,"column":68},"end":{"line":92,"column":91}}},"11":{"name":"(anonymous_11)","decl":{"start":{"line":105,"column":32},"end":{"line":105,"column":33}},"loc":{"start":{"line":105,"column":53},"end":{"line":108,"column":5}}},"12":{"name":"(anonymous_12)","decl":{"start":{"line":119,"column":30},"end":{"line":119,"column":31}},"loc":{"start":{"line":120,"column":20},"end":{"line":120,"column":null}}},"13":{"name":"(anonymous_13)","decl":{"start":{"line":127,"column":37},"end":{"line":127,"column":40}},"loc":{"start":{"line":127,"column":43},"end":{"line":127,"column":71}}}},"branchMap":{"0":{"loc":{"start":{"line":38,"column":4},"end":{"line":38,"column":23}},"type":"default-arg","locations":[{"start":{"line":38,"column":21},"end":{"line":38,"column":23}}]},"1":{"loc":{"start":{"line":40,"column":4},"end":{"line":40,"column":25}},"type":"default-arg","locations":[{"start":{"line":40,"column":23},"end":{"line":40,"column":25}}]},"2":{"loc":{"start":{"line":43,"column":31},"end":{"line":43,"column":48}},"type":"binary-expr","locations":[{"start":{"line":43,"column":31},"end":{"line":43,"column":42}},{"start":{"line":43,"column":46},"end":{"line":43,"column":48}}]},"3":{"loc":{"start":{"line":64,"column":12},"end":{"line":68,"column":null}},"type":"if","locations":[{"start":{"line":64,"column":12},"end":{"line":68,"column":null}}]},"4":{"loc":{"start":{"line":64,"column":16},"end":{"line":64,"column":37}},"type":"binary-expr","locations":[{"start":{"line":64,"column":16},"end":{"line":64,"column":24}},{"start":{"line":64,"column":28},"end":{"line":64,"column":37}}]},"5":{"loc":{"start":{"line":80,"column":16},"end":{"line":85,"column":null}},"type":"if","locations":[{"start":{"line":80,"column":16},"end":{"line":85,"column":null}},{"start":{"line":83,"column":23},"end":{"line":85,"column":null}}]},"6":{"loc":{"start":{"line":87,"column":16},"end":{"line":96,"column":null}},"type":"if","locations":[{"start":{"line":87,"column":16},"end":{"line":96,"column":null}},{"start":{"line":94,"column":23},"end":{"line":96,"column":null}}]},"7":{"loc":{"start":{"line":110,"column":4},"end":{"line":110,"column":105}},"type":"if","locations":[{"start":{"line":110,"column":4},"end":{"line":110,"column":105}}]},"8":{"loc":{"start":{"line":110,"column":8},"end":{"line":110,"column":38}},"type":"binary-expr","locations":[{"start":{"line":110,"column":8},"end":{"line":110,"column":15}},{"start":{"line":110,"column":19},"end":{"line":110,"column":26}},{"start":{"line":110,"column":30},"end":{"line":110,"column":38}}]},"9":{"loc":{"start":{"line":111,"column":4},"end":{"line":111,"column":89}},"type":"if","locations":[{"start":{"line":111,"column":4},"end":{"line":111,"column":89}}]},"10":{"loc":{"start":{"line":116,"column":34},"end":{"line":116,"column":84}},"type":"cond-expr","locations":[{"start":{"line":116,"column":56},"end":{"line":116,"column":64}},{"start":{"line":116,"column":67},"end":{"line":116,"column":84}}]},"11":{"loc":{"start":{"line":116,"column":34},"end":{"line":116,"column":53}},"type":"binary-expr","locations":[{"start":{"line":116,"column":34},"end":{"line":116,"column":42}},{"start":{"line":116,"column":46},"end":{"line":116,"column":53}}]},"12":{"loc":{"start":{"line":124,"column":40},"end":{"line":124,"column":115}},"type":"cond-expr","locations":[{"start":{"line":124,"column":77},"end":{"line":124,"column":96}},{"start":{"line":124,"column":99},"end":{"line":124,"column":115}}]},"13":{"loc":{"start":{"line":124,"column":40},"end":{"line":124,"column":59}},"type":"cond-expr","locations":[{"start":{"line":124,"column":55},"end":{"line":124,"column":57}},{"start":{"line":124,"column":40},"end":{"line":124,"column":59}}]},"14":{"loc":{"start":{"line":124,"column":40},"end":{"line":124,"column":57}},"type":"binary-expr","locations":[{"start":{"line":124,"column":40},"end":{"line":124,"column":57}},{"start":{"line":124,"column":40},"end":{"line":124,"column":57}}]},"15":{"loc":{"start":{"line":142,"column":13},"end":{"line":152,"column":null}},"type":"binary-expr","locations":[{"start":{"line":142,"column":13},"end":{"line":142,"column":28}},{"start":{"line":143,"column":16},"end":{"line":151,"column":null}}]},"16":{"loc":{"start":{"line":151,"column":38},"end":{"line":151,"column":80}},"type":"binary-expr","locations":[{"start":{"line":151,"column":38},"end":{"line":151,"column":74}},{"start":{"line":151,"column":78},"end":{"line":151,"column":80}}]}},"s":{"0":1,"1":1,"2":1,"3":1,"4":1,"5":1,"6":1,"7":7,"8":7,"9":7,"10":7,"11":7,"12":7,"13":7,"14":7,"15":3,"16":0,"17":3,"18":0,"19":3,"20":3,"21":3,"22":3,"23":3,"24":7,"25":3,"26":3,"27":3,"28":1,"29":1,"30":1,"31":2,"32":2,"33":2,"34":2,"35":2,"36":2,"37":1,"38":1,"39":1,"40":0,"41":0,"42":0,"43":0,"44":0,"45":0,"46":0,"47":2,"48":3,"49":7,"50":1,"51":1,"52":7,"53":2,"54":5,"55":1,"56":4,"57":5,"58":1,"59":1},"f":{"0":7,"1":3,"2":0,"3":0,"4":3,"5":3,"6":3,"7":3,"8":0,"9":0,"10":0,"11":1,"12":5,"13":1},"b":{"0":[0],"1":[0],"2":[7,2],"3":[1],"4":[3,2],"5":[1,1],"6":[0,0],"7":[2],"8":[7,3,2],"9":[1],"10":[2,2],"11":[4,2],"12":[1,4],"13":[3,2],"14":[5,2],"15":[4,1],"16":[1,1]}}
,"/workspaces/redIT_Baumgartner_BildUpload/src/ui-components/ErrorComponent.tsx": {"path":"/workspaces/redIT_Baumgartner_BildUpload/src/ui-components/ErrorComponent.tsx","statementMap":{"0":{"start":{"line":1,"column":0},"end":{"line":1,"column":43}},"1":{"start":{"line":4,"column":66},"end":{"line":6,"column":1}},"2":{"start":{"line":5,"column":4},"end":{"line":5,"column":112}},"3":{"start":{"line":4,"column":13},"end":{"line":4,"column":66}}},"fnMap":{"0":{"name":"(anonymous_0)","decl":{"start":{"line":4,"column":66},"end":{"line":4,"column":67}},"loc":{"start":{"line":4,"column":78},"end":{"line":6,"column":1}}}},"branchMap":{"0":{"loc":{"start":{"line":5,"column":56},"end":{"line":5,"column":97}},"type":"cond-expr","locations":[{"start":{"line":5,"column":64},"end":{"line":5,"column":79}},{"start":{"line":5,"column":82},"end":{"line":5,"column":97}}]}},"s":{"0":1,"1":1,"2":2,"3":1},"f":{"0":2},"b":{"0":[1,1]}}
,"/workspaces/redIT_Baumgartner_BildUpload/src/ui-components/ImageUpload.tsx": {"path":"/workspaces/redIT_Baumgartner_BildUpload/src/ui-components/ImageUpload.tsx","statementMap":{"0":{"start":{"line":2,"column":0},"end":{"line":2,"column":59}},"1":{"start":{"line":3,"column":0},"end":{"line":3,"column":56}},"2":{"start":{"line":4,"column":0},"end":{"line":4,"column":67}},"3":{"start":{"line":5,"column":0},"end":{"line":5,"column":45}},"4":{"start":{"line":7,"column":0},"end":{"line":7,"column":191}},"5":{"start":{"line":8,"column":0},"end":{"line":8,"column":59}},"6":{"start":{"line":10,"column":0},"end":{"line":10,"column":50}},"7":{"start":{"line":11,"column":0},"end":{"line":11,"column":50}},"8":{"start":{"line":44,"column":22},"end":{"line":54,"column":1}},"9":{"start":{"line":45,"column":16},"end":{"line":45,"column":34}},"10":{"start":{"line":46,"column":17},"end":{"line":46,"column":44}},"11":{"start":{"line":47,"column":17},"end":{"line":47,"column":29}},"12":{"start":{"line":48,"column":12},"end":{"line":48,"column":23}},"13":{"start":{"line":49,"column":18},"end":{"line":49,"column":35}},"14":{"start":{"line":50,"column":4},"end":{"line":52,"column":null}},"15":{"start":{"line":51,"column":8},"end":{"line":51,"column":38}},"16":{"start":{"line":53,"column":4},"end":{"line":53,"column":45}},"17":{"start":{"line":57,"column":29},"end":{"line":59,"column":1}},"18":{"start":{"line":58,"column":4},"end":{"line":58,"column":42}},"19":{"start":{"line":57,"column":13},"end":{"line":57,"column":29}},"20":{"start":{"line":62,"column":33},"end":{"line":67,"column":2}},"21":{"start":{"line":62,"column":117},"end":{"line":67,"column":2}},"22":{"start":{"line":63,"column":26},"end":{"line":65,"column":6}},"23":{"start":{"line":66,"column":4},"end":{"line":66,"column":28}},"24":{"start":{"line":62,"column":13},"end":{"line":62,"column":33}},"25":{"start":{"line":69,"column":28},"end":{"line":89,"column":2}},"26":{"start":{"line":69,"column":109},"end":{"line":89,"column":2}},"27":{"start":{"line":70,"column":23},"end":{"line":70,"column":75}},"28":{"start":{"line":71,"column":23},"end":{"line":71,"column":51}},"29":{"start":{"line":73,"column":27},"end":{"line":84,"column":6}},"30":{"start":{"line":86,"column":4},"end":{"line":88,"column":null}},"31":{"start":{"line":87,"column":8},"end":{"line":87,"column":65}},"32":{"start":{"line":69,"column":13},"end":{"line":69,"column":28}},"33":{"start":{"line":91,"column":31},"end":{"line":140,"column":2}},"34":{"start":{"line":91,"column":126},"end":{"line":140,"column":2}},"35":{"start":{"line":92,"column":21},"end":{"line":92,"column":49}},"36":{"start":{"line":95,"column":28},"end":{"line":101,"column":6}},"37":{"start":{"line":103,"column":4},"end":{"line":105,"column":null}},"38":{"start":{"line":104,"column":8},"end":{"line":104,"column":76}},"39":{"start":{"line":107,"column":24},"end":{"line":107,"column":52}},"40":{"start":{"line":108,"column":22},"end":{"line":108,"column":43}},"41":{"start":{"line":111,"column":22},"end":{"line":111,"column":28}},"42":{"start":{"line":112,"column":24},"end":{"line":112,"column":25}},"43":{"start":{"line":114,"column":4},"end":{"line":132,"column":null}},"44":{"start":{"line":115,"column":22},"end":{"line":115,"column":74}},"45":{"start":{"line":116,"column":24},"end":{"line":116,"column":79}},"46":{"start":{"line":118,"column":31},"end":{"line":125,"column":10}},"47":{"start":{"line":127,"column":8},"end":{"line":129,"column":null}},"48":{"start":{"line":128,"column":12},"end":{"line":128,"column":71}},"49":{"start":{"line":131,"column":8},"end":{"line":131,"column":36}},"50":{"start":{"line":135,"column":26},"end":{"line":137,"column":6}},"51":{"start":{"line":138,"column":22},"end":{"line":138,"column":48}},"52":{"start":{"line":139,"column":4},"end":{"line":139,"column":28}},"53":{"start":{"line":91,"column":13},"end":{"line":91,"column":31}},"54":{"start":{"line":142,"column":31},"end":{"line":163,"column":2}},"55":{"start":{"line":142,"column":126},"end":{"line":163,"column":2}},"56":{"start":{"line":143,"column":27},"end":{"line":150,"column":6}},"57":{"start":{"line":152,"column":4},"end":{"line":155,"column":null}},"58":{"start":{"line":153,"column":26},"end":{"line":153,"column":53}},"59":{"start":{"line":154,"column":8},"end":{"line":154,"column":96}},"60":{"start":{"line":158,"column":24},"end":{"line":160,"column":6}},"61":{"start":{"line":161,"column":20},"end":{"line":161,"column":44}},"62":{"start":{"line":162,"column":4},"end":{"line":162,"column":26}},"63":{"start":{"line":142,"column":13},"end":{"line":142,"column":31}},"64":{"start":{"line":167,"column":27},"end":{"line":207,"column":1}},"65":{"start":{"line":168,"column":4},"end":{"line":206,"column":7}},"66":{"start":{"line":169,"column":20},"end":{"line":169,"column":31}},"67":{"start":{"line":170,"column":8},"end":{"line":203,"column":10}},"68":{"start":{"line":171,"column":27},"end":{"line":171,"column":59}},"69":{"start":{"line":172,"column":24},"end":{"line":172,"column":48}},"70":{"start":{"line":175,"column":36},"end":{"line":175,"column":39}},"71":{"start":{"line":176,"column":12},"end":{"line":186,"column":null}},"72":{"start":{"line":177,"column":16},"end":{"line":180,"column":null}},"73":{"start":{"line":178,"column":20},"end":{"line":178,"column":57}},"74":{"start":{"line":179,"column":20},"end":{"line":179,"column":37}},"75":{"start":{"line":182,"column":16},"end":{"line":185,"column":null}},"76":{"start":{"line":183,"column":20},"end":{"line":183,"column":57}},"77":{"start":{"line":184,"column":20},"end":{"line":184,"column":39}},"78":{"start":{"line":188,"column":12},"end":{"line":188,"column":33}},"79":{"start":{"line":189,"column":12},"end":{"line":189,"column":35}},"80":{"start":{"line":190,"column":12},"end":{"line":190,"column":52}},"81":{"start":{"line":193,"column":12},"end":{"line":202,"column":38}},"82":{"start":{"line":194,"column":16},"end":{"line":201,"column":null}},"83":{"start":{"line":195,"column":35},"end":{"line":195,"column":51}},"84":{"start":{"line":196,"column":20},"end":{"line":196,"column":75}},"85":{"start":{"line":196,"column":42},"end":{"line":196,"column":74}},"86":{"start":{"line":197,"column":20},"end":{"line":197,"column":44}},"87":{"start":{"line":198,"column":20},"end":{"line":198,"column":47}},"88":{"start":{"line":200,"column":20},"end":{"line":200,"column":62}},"89":{"start":{"line":204,"column":8},"end":{"line":204,"column":29}},"90":{"start":{"line":205,"column":8},"end":{"line":205,"column":44}},"91":{"start":{"line":167,"column":13},"end":{"line":167,"column":27}},"92":{"start":{"line":210,"column":35},"end":{"line":224,"column":2}},"93":{"start":{"line":210,"column":78},"end":{"line":224,"column":2}},"94":{"start":{"line":212,"column":23},"end":{"line":212,"column":93}},"95":{"start":{"line":212,"column":59},"end":{"line":212,"column":91}},"96":{"start":{"line":213,"column":20},"end":{"line":213,"column":83}},"97":{"start":{"line":213,"column":54},"end":{"line":213,"column":79}},"98":{"start":{"line":216,"column":18},"end":{"line":216,"column":21}},"99":{"start":{"line":217,"column":4},"end":{"line":221,"column":null}},"100":{"start":{"line":218,"column":8},"end":{"line":218,"column":24}},"101":{"start":{"line":219,"column":8},"end":{"line":219,"column":98}},"102":{"start":{"line":219,"column":59},"end":{"line":219,"column":95}},"103":{"start":{"line":220,"column":8},"end":{"line":220,"column":84}},"104":{"start":{"line":220,"column":54},"end":{"line":220,"column":79}},"105":{"start":{"line":223,"column":4},"end":{"line":223,"column":24}},"106":{"start":{"line":210,"column":13},"end":{"line":210,"column":35}},"107":{"start":{"line":226,"column":48},"end":{"line":611,"column":1}},"108":{"start":{"line":236,"column":35},"end":{"line":236,"column":44}},"109":{"start":{"line":237,"column":20},"end":{"line":237,"column":49}},"110":{"start":{"line":238,"column":46},"end":{"line":238,"column":66}},"111":{"start":{"line":239,"column":38},"end":{"line":239,"column":62}},"112":{"start":{"line":240,"column":44},"end":{"line":240,"column":90}},"113":{"start":{"line":241,"column":30},"end":{"line":241,"column":59}},"114":{"start":{"line":242,"column":34},"end":{"line":242,"column":63}},"115":{"start":{"line":243,"column":40},"end":{"line":243,"column":62}},"116":{"start":{"line":246,"column":40},"end":{"line":246,"column":65}},"117":{"start":{"line":247,"column":54},"end":{"line":247,"column":96}},"118":{"start":{"line":248,"column":48},"end":{"line":248,"column":72}},"119":{"start":{"line":250,"column":25},"end":{"line":250,"column":55}},"120":{"start":{"line":251,"column":21},"end":{"line":251,"column":37}},"121":{"start":{"line":254,"column":4},"end":{"line":312,"column":86}},"122":{"start":{"line":255,"column":32},"end":{"line":309,"column":10}},"123":{"start":{"line":255,"column":43},"end":{"line":309,"column":10}},"124":{"start":{"line":256,"column":12},"end":{"line":256,"column":30}},"125":{"start":{"line":260,"column":12},"end":{"line":268,"column":null}},"126":{"start":{"line":261,"column":16},"end":{"line":265,"column":null}},"127":{"start":{"line":262,"column":20},"end":{"line":262,"column":52}},"128":{"start":{"line":264,"column":20},"end":{"line":264,"column":38}},"129":{"start":{"line":266,"column":16},"end":{"line":266,"column":41}},"130":{"start":{"line":267,"column":16},"end":{"line":267,"column":23}},"131":{"start":{"line":270,"column":12},"end":{"line":270,"column":36}},"132":{"start":{"line":272,"column":25},"end":{"line":272,"column":56}},"133":{"start":{"line":274,"column":12},"end":{"line":308,"column":null}},"134":{"start":{"line":275,"column":33},"end":{"line":275,"column":75}},"135":{"start":{"line":276,"column":36},"end":{"line":276,"column":56}},"136":{"start":{"line":279,"column":37},"end":{"line":281,"column":18}},"137":{"start":{"line":282,"column":16},"end":{"line":282,"column":79}},"138":{"start":{"line":282,"column":38},"end":{"line":282,"column":79}},"139":{"start":{"line":283,"column":33},"end":{"line":283,"column":58}},"140":{"start":{"line":284,"column":31},"end":{"line":284,"column":42}},"141":{"start":{"line":287,"column":35},"end":{"line":287,"column":69}},"142":{"start":{"line":290,"column":41},"end":{"line":292,"column":null}},"143":{"start":{"line":295,"column":16},"end":{"line":302,"column":null}},"144":{"start":{"line":296,"column":33},"end":{"line":296,"column":62}},"145":{"start":{"line":297,"column":20},"end":{"line":297,"column":101}},"146":{"start":{"line":297,"column":65},"end":{"line":297,"column":97}},"147":{"start":{"line":298,"column":23},"end":{"line":302,"column":null}},"148":{"start":{"line":300,"column":20},"end":{"line":300,"column":69}},"149":{"start":{"line":301,"column":20},"end":{"line":301,"column":38}},"150":{"start":{"line":304,"column":16},"end":{"line":304,"column":65}},"151":{"start":{"line":305,"column":16},"end":{"line":305,"column":34}},"152":{"start":{"line":307,"column":16},"end":{"line":307,"column":41}},"153":{"start":{"line":311,"column":8},"end":{"line":311,"column":26}},"154":{"start":{"line":314,"column":29},"end":{"line":328,"column":5}},"155":{"start":{"line":315,"column":8},"end":{"line":327,"column":null}},"156":{"start":{"line":316,"column":29},"end":{"line":316,"column":59}},"157":{"start":{"line":317,"column":12},"end":{"line":317,"column":61}},"158":{"start":{"line":317,"column":37},"end":{"line":317,"column":59}},"159":{"start":{"line":320,"column":39},"end":{"line":323,"column":14}},"160":{"start":{"line":320,"column":50},"end":{"line":323,"column":14}},"161":{"start":{"line":321,"column":38},"end":{"line":321,"column":111}},"162":{"start":{"line":321,"column":77},"end":{"line":321,"column":109}},"163":{"start":{"line":322,"column":16},"end":{"line":322,"column":67}},"164":{"start":{"line":322,"column":38},"end":{"line":322,"column":65}},"165":{"start":{"line":324,"column":12},"end":{"line":324,"column":33}},"166":{"start":{"line":326,"column":12},"end":{"line":326,"column":36}},"167":{"start":{"line":330,"column":29},"end":{"line":332,"column":5}},"168":{"start":{"line":331,"column":8},"end":{"line":331,"column":38}},"169":{"start":{"line":334,"column":29},"end":{"line":336,"column":5}},"170":{"start":{"line":335,"column":8},"end":{"line":335,"column":69}},"171":{"start":{"line":335,"column":33},"end":{"line":335,"column":67}},"172":{"start":{"line":335,"column":55},"end":{"line":335,"column":66}},"173":{"start":{"line":338,"column":34},"end":{"line":344,"column":5}},"174":{"start":{"line":339,"column":8},"end":{"line":339,"column":29}},"175":{"start":{"line":340,"column":8},"end":{"line":340,"column":26}},"176":{"start":{"line":341,"column":8},"end":{"line":343,"column":null}},"177":{"start":{"line":342,"column":12},"end":{"line":342,"column":44}},"178":{"start":{"line":346,"column":25},"end":{"line":437,"column":6}},"179":{"start":{"line":346,"column":36},"end":{"line":437,"column":6}},"180":{"start":{"line":347,"column":8},"end":{"line":347,"column":59}},"181":{"start":{"line":347,"column":52},"end":{"line":347,"column":59}},"182":{"start":{"line":349,"column":8},"end":{"line":349,"column":27}},"183":{"start":{"line":350,"column":8},"end":{"line":350,"column":23}},"184":{"start":{"line":351,"column":8},"end":{"line":351,"column":25}},"185":{"start":{"line":353,"column":21},"end":{"line":353,"column":52}},"186":{"start":{"line":355,"column":8},"end":{"line":436,"column":null}},"187":{"start":{"line":356,"column":29},"end":{"line":356,"column":71}},"188":{"start":{"line":357,"column":32},"end":{"line":357,"column":52}},"189":{"start":{"line":360,"column":33},"end":{"line":362,"column":14}},"190":{"start":{"line":363,"column":12},"end":{"line":363,"column":75}},"191":{"start":{"line":363,"column":34},"end":{"line":363,"column":75}},"192":{"start":{"line":364,"column":29},"end":{"line":364,"column":54}},"193":{"start":{"line":365,"column":27},"end":{"line":365,"column":38}},"194":{"start":{"line":368,"column":29},"end":{"line":368,"column":63}},"195":{"start":{"line":371,"column":12},"end":{"line":373,"column":null}},"196":{"start":{"line":372,"column":16},"end":{"line":372,"column":66}},"197":{"start":{"line":375,"column":12},"end":{"line":375,"column":61}},"198":{"start":{"line":382,"column":33},"end":{"line":382,"column":89}},"199":{"start":{"line":383,"column":12},"end":{"line":385,"column":null}},"200":{"start":{"line":384,"column":16},"end":{"line":384,"column":68}},"201":{"start":{"line":388,"column":40},"end":{"line":388,"column":42}},"202":{"start":{"line":389,"column":12},"end":{"line":397,"column":null}},"203":{"start":{"line":391,"column":16},"end":{"line":395,"column":null}},"204":{"start":{"line":392,"column":20},"end":{"line":392,"column":87}},"205":{"start":{"line":394,"column":20},"end":{"line":394,"column":87}},"206":{"start":{"line":396,"column":16},"end":{"line":396,"column":36}},"207":{"start":{"line":400,"column":12},"end":{"line":413,"column":null}},"208":{"start":{"line":401,"column":36},"end":{"line":401,"column":107}},"209":{"start":{"line":401,"column":72},"end":{"line":401,"column":87}},"210":{"start":{"line":402,"column":16},"end":{"line":410,"column":19}},"211":{"start":{"line":412,"column":16},"end":{"line":412,"column":82}},"212":{"start":{"line":416,"column":33},"end":{"line":416,"column":73}},"213":{"start":{"line":419,"column":12},"end":{"line":419,"column":68}},"214":{"start":{"line":420,"column":12},"end":{"line":420,"column":82}},"215":{"start":{"line":423,"column":12},"end":{"line":427,"column":null}},"216":{"start":{"line":429,"column":12},"end":{"line":433,"column":null}},"217":{"start":{"line":430,"column":16},"end":{"line":430,"column":71}},"218":{"start":{"line":432,"column":16},"end":{"line":432,"column":79}},"219":{"start":{"line":435,"column":12},"end":{"line":435,"column":32}},"220":{"start":{"line":439,"column":25},"end":{"line":471,"column":6}},"221":{"start":{"line":439,"column":36},"end":{"line":471,"column":6}},"222":{"start":{"line":440,"column":8},"end":{"line":470,"column":null}},"223":{"start":{"line":441,"column":12},"end":{"line":461,"column":null}},"224":{"start":{"line":442,"column":16},"end":{"line":442,"column":35}},"225":{"start":{"line":443,"column":16},"end":{"line":443,"column":89}},"226":{"start":{"line":444,"column":16},"end":{"line":458,"column":null}},"227":{"start":{"line":447,"column":20},"end":{"line":454,"column":23}},"228":{"start":{"line":452,"column":40},"end":{"line":452,"column":81}},"229":{"start":{"line":453,"column":24},"end":{"line":453,"column":69}},"230":{"start":{"line":456,"column":20},"end":{"line":456,"column":37}},"231":{"start":{"line":457,"column":20},"end":{"line":457,"column":40}},"232":{"start":{"line":460,"column":16},"end":{"line":460,"column":37}},"233":{"start":{"line":464,"column":12},"end":{"line":467,"column":null}},"234":{"start":{"line":466,"column":16},"end":{"line":466,"column":70}},"235":{"start":{"line":468,"column":12},"end":{"line":468,"column":74}},"236":{"start":{"line":469,"column":12},"end":{"line":469,"column":33}},"237":{"start":{"line":473,"column":4},"end":{"line":610,"column":6}},"238":{"start":{"line":486,"column":60},"end":{"line":486,"column":106}},"239":{"start":{"line":493,"column":28},"end":{"line":493,"column":54}},"240":{"start":{"line":537,"column":28},"end":{"line":537,"column":null}},"241":{"start":{"line":550,"column":59},"end":{"line":550,"column":82}},"242":{"start":{"line":583,"column":37},"end":{"line":583,"column":71}},"243":{"start":{"line":613,"column":0},"end":{"line":613,"column":27}}},"fnMap":{"0":{"name":"(anonymous_0)","decl":{"start":{"line":44,"column":22},"end":{"line":44,"column":23}},"loc":{"start":{"line":44,"column":48},"end":{"line":54,"column":1}}},"1":{"name":"(anonymous_1)","decl":{"start":{"line":57,"column":29},"end":{"line":57,"column":30}},"loc":{"start":{"line":57,"column":68},"end":{"line":59,"column":1}}},"2":{"name":"(anonymous_2)","decl":{"start":{"line":62,"column":33},"end":{"line":62,"column":40}},"loc":{"start":{"line":62,"column":117},"end":{"line":67,"column":2}}},"3":{"name":"(anonymous_3)","decl":{"start":{"line":62,"column":117},"end":{"line":62,"column":null}},"loc":{"start":{"line":62,"column":117},"end":{"line":67,"column":1}}},"4":{"name":"(anonymous_4)","decl":{"start":{"line":69,"column":28},"end":{"line":69,"column":35}},"loc":{"start":{"line":69,"column":109},"end":{"line":89,"column":2}}},"5":{"name":"(anonymous_5)","decl":{"start":{"line":69,"column":109},"end":{"line":69,"column":null}},"loc":{"start":{"line":69,"column":109},"end":{"line":89,"column":1}}},"6":{"name":"(anonymous_6)","decl":{"start":{"line":91,"column":31},"end":{"line":91,"column":38}},"loc":{"start":{"line":91,"column":126},"end":{"line":140,"column":2}}},"7":{"name":"(anonymous_7)","decl":{"start":{"line":91,"column":126},"end":{"line":91,"column":null}},"loc":{"start":{"line":91,"column":126},"end":{"line":140,"column":1}}},"8":{"name":"(anonymous_8)","decl":{"start":{"line":142,"column":31},"end":{"line":142,"column":38}},"loc":{"start":{"line":142,"column":126},"end":{"line":163,"column":2}}},"9":{"name":"(anonymous_9)","decl":{"start":{"line":142,"column":126},"end":{"line":142,"column":null}},"loc":{"start":{"line":142,"column":126},"end":{"line":163,"column":1}}},"10":{"name":"(anonymous_10)","decl":{"start":{"line":167,"column":27},"end":{"line":167,"column":28}},"loc":{"start":{"line":167,"column":131},"end":{"line":207,"column":1}}},"11":{"name":"(anonymous_11)","decl":{"start":{"line":168,"column":23},"end":{"line":168,"column":24}},"loc":{"start":{"line":168,"column":43},"end":{"line":206,"column":5}}},"12":{"name":"(anonymous_12)","decl":{"start":{"line":170,"column":21},"end":{"line":170,"column":24}},"loc":{"start":{"line":170,"column":26},"end":{"line":203,"column":9}}},"13":{"name":"(anonymous_13)","decl":{"start":{"line":193,"column":26},"end":{"line":193,"column":27}},"loc":{"start":{"line":193,"column":35},"end":{"line":202,"column":13}}},"14":{"name":"(anonymous_14)","decl":{"start":{"line":196,"column":36},"end":{"line":196,"column":39}},"loc":{"start":{"line":196,"column":42},"end":{"line":196,"column":74}}},"15":{"name":"(anonymous_15)","decl":{"start":{"line":210,"column":35},"end":{"line":210,"column":42}},"loc":{"start":{"line":210,"column":78},"end":{"line":224,"column":2}}},"16":{"name":"(anonymous_16)","decl":{"start":{"line":210,"column":78},"end":{"line":210,"column":null}},"loc":{"start":{"line":210,"column":78},"end":{"line":224,"column":1}}},"17":{"name":"(anonymous_17)","decl":{"start":{"line":212,"column":51},"end":{"line":212,"column":55}},"loc":{"start":{"line":212,"column":59},"end":{"line":212,"column":91}}},"18":{"name":"(anonymous_18)","decl":{"start":{"line":213,"column":40},"end":{"line":213,"column":41}},"loc":{"start":{"line":213,"column":54},"end":{"line":213,"column":79}}},"19":{"name":"(anonymous_19)","decl":{"start":{"line":219,"column":51},"end":{"line":219,"column":55}},"loc":{"start":{"line":219,"column":59},"end":{"line":219,"column":95}}},"20":{"name":"(anonymous_20)","decl":{"start":{"line":220,"column":40},"end":{"line":220,"column":41}},"loc":{"start":{"line":220,"column":54},"end":{"line":220,"column":79}}},"21":{"name":"(anonymous_21)","decl":{"start":{"line":226,"column":48},"end":{"line":226,"column":49}},"loc":{"start":{"line":235,"column":5},"end":{"line":611,"column":1}}},"22":{"name":"(anonymous_22)","decl":{"start":{"line":254,"column":14},"end":{"line":254,"column":17}},"loc":{"start":{"line":254,"column":19},"end":{"line":312,"column":5}}},"23":{"name":"(anonymous_23)","decl":{"start":{"line":255,"column":32},"end":{"line":255,"column":41}},"loc":{"start":{"line":255,"column":43},"end":{"line":309,"column":10}}},"24":{"name":"(anonymous_24)","decl":{"start":{"line":255,"column":43},"end":{"line":255,"column":null}},"loc":{"start":{"line":255,"column":43},"end":{"line":309,"column":9}}},"25":{"name":"(anonymous_25)","decl":{"start":{"line":297,"column":49},"end":{"line":297,"column":50}},"loc":{"start":{"line":297,"column":65},"end":{"line":297,"column":97}}},"26":{"name":"(anonymous_26)","decl":{"start":{"line":314,"column":29},"end":{"line":314,"column":30}},"loc":{"start":{"line":314,"column":76},"end":{"line":328,"column":5}}},"27":{"name":"(anonymous_27)","decl":{"start":{"line":317,"column":29},"end":{"line":317,"column":33}},"loc":{"start":{"line":317,"column":37},"end":{"line":317,"column":59}}},"28":{"name":"(anonymous_28)","decl":{"start":{"line":320,"column":39},"end":{"line":320,"column":48}},"loc":{"start":{"line":320,"column":50},"end":{"line":323,"column":14}}},"29":{"name":"(anonymous_29)","decl":{"start":{"line":320,"column":50},"end":{"line":320,"column":null}},"loc":{"start":{"line":320,"column":50},"end":{"line":323,"column":13}}},"30":{"name":"(anonymous_30)","decl":{"start":{"line":321,"column":69},"end":{"line":321,"column":73}},"loc":{"start":{"line":321,"column":77},"end":{"line":321,"column":109}}},"31":{"name":"(anonymous_31)","decl":{"start":{"line":322,"column":30},"end":{"line":322,"column":34}},"loc":{"start":{"line":322,"column":38},"end":{"line":322,"column":65}}},"32":{"name":"(anonymous_32)","decl":{"start":{"line":330,"column":29},"end":{"line":330,"column":32}},"loc":{"start":{"line":330,"column":34},"end":{"line":332,"column":5}}},"33":{"name":"(anonymous_33)","decl":{"start":{"line":334,"column":29},"end":{"line":334,"column":30}},"loc":{"start":{"line":334,"column":47},"end":{"line":336,"column":5}}},"34":{"name":"(anonymous_34)","decl":{"start":{"line":335,"column":25},"end":{"line":335,"column":29}},"loc":{"start":{"line":335,"column":33},"end":{"line":335,"column":67}}},"35":{"name":"(anonymous_35)","decl":{"start":{"line":335,"column":45},"end":{"line":335,"column":46}},"loc":{"start":{"line":335,"column":55},"end":{"line":335,"column":66}}},"36":{"name":"(anonymous_36)","decl":{"start":{"line":338,"column":34},"end":{"line":338,"column":37}},"loc":{"start":{"line":338,"column":39},"end":{"line":344,"column":5}}},"37":{"name":"(anonymous_37)","decl":{"start":{"line":346,"column":25},"end":{"line":346,"column":34}},"loc":{"start":{"line":346,"column":36},"end":{"line":437,"column":6}}},"38":{"name":"(anonymous_38)","decl":{"start":{"line":346,"column":36},"end":{"line":346,"column":null}},"loc":{"start":{"line":346,"column":36},"end":{"line":437,"column":5}}},"39":{"name":"(anonymous_39)","decl":{"start":{"line":401,"column":57},"end":{"line":401,"column":58}},"loc":{"start":{"line":401,"column":72},"end":{"line":401,"column":87}}},"40":{"name":"(anonymous_40)","decl":{"start":{"line":439,"column":25},"end":{"line":439,"column":34}},"loc":{"start":{"line":439,"column":36},"end":{"line":471,"column":6}}},"41":{"name":"(anonymous_41)","decl":{"start":{"line":439,"column":36},"end":{"line":439,"column":null}},"loc":{"start":{"line":439,"column":36},"end":{"line":471,"column":5}}},"42":{"name":"(anonymous_42)","decl":{"start":{"line":447,"column":74},"end":{"line":447,"column":75}},"loc":{"start":{"line":447,"column":93},"end":{"line":454,"column":21}}},"43":{"name":"(anonymous_43)","decl":{"start":{"line":486,"column":34},"end":{"line":486,"column":35}},"loc":{"start":{"line":486,"column":60},"end":{"line":486,"column":106}}},"44":{"name":"(anonymous_44)","decl":{"start":{"line":492,"column":40},"end":{"line":492,"column":41}},"loc":{"start":{"line":493,"column":28},"end":{"line":493,"column":54}}},"45":{"name":"(anonymous_45)","decl":{"start":{"line":536,"column":43},"end":{"line":536,"column":44}},"loc":{"start":{"line":537,"column":28},"end":{"line":537,"column":null}}},"46":{"name":"(anonymous_46)","decl":{"start":{"line":550,"column":53},"end":{"line":550,"column":56}},"loc":{"start":{"line":550,"column":59},"end":{"line":550,"column":82}}},"47":{"name":"(anonymous_47)","decl":{"start":{"line":583,"column":30},"end":{"line":583,"column":31}},"loc":{"start":{"line":583,"column":37},"end":{"line":583,"column":71}}}},"branchMap":{"0":{"loc":{"start":{"line":86,"column":4},"end":{"line":88,"column":null}},"type":"if","locations":[{"start":{"line":86,"column":4},"end":{"line":88,"column":null}}]},"1":{"loc":{"start":{"line":103,"column":4},"end":{"line":105,"column":null}},"type":"if","locations":[{"start":{"line":103,"column":4},"end":{"line":105,"column":null}}]},"2":{"loc":{"start":{"line":127,"column":8},"end":{"line":129,"column":null}},"type":"if","locations":[{"start":{"line":127,"column":8},"end":{"line":129,"column":null}}]},"3":{"loc":{"start":{"line":152,"column":4},"end":{"line":155,"column":null}},"type":"if","locations":[{"start":{"line":152,"column":4},"end":{"line":155,"column":null}}]},"4":{"loc":{"start":{"line":167,"column":40},"end":{"line":167,"column":62}},"type":"default-arg","locations":[{"start":{"line":167,"column":59},"end":{"line":167,"column":62}}]},"5":{"loc":{"start":{"line":167,"column":64},"end":{"line":167,"column":87}},"type":"default-arg","locations":[{"start":{"line":167,"column":84},"end":{"line":167,"column":87}}]},"6":{"loc":{"start":{"line":167,"column":89},"end":{"line":167,"column":110}},"type":"default-arg","locations":[{"start":{"line":167,"column":107},"end":{"line":167,"column":110}}]},"7":{"loc":{"start":{"line":176,"column":12},"end":{"line":186,"column":null}},"type":"if","locations":[{"start":{"line":176,"column":12},"end":{"line":186,"column":null}},{"start":{"line":181,"column":19},"end":{"line":186,"column":null}}]},"8":{"loc":{"start":{"line":177,"column":16},"end":{"line":180,"column":null}},"type":"if","locations":[{"start":{"line":177,"column":16},"end":{"line":180,"column":null}}]},"9":{"loc":{"start":{"line":182,"column":16},"end":{"line":185,"column":null}},"type":"if","locations":[{"start":{"line":182,"column":16},"end":{"line":185,"column":null}}]},"10":{"loc":{"start":{"line":194,"column":16},"end":{"line":201,"column":null}},"type":"if","locations":[{"start":{"line":194,"column":16},"end":{"line":201,"column":null}},{"start":{"line":199,"column":23},"end":{"line":201,"column":null}}]},"11":{"loc":{"start":{"line":217,"column":11},"end":{"line":217,"column":45}},"type":"binary-expr","locations":[{"start":{"line":217,"column":11},"end":{"line":217,"column":28}},{"start":{"line":217,"column":32},"end":{"line":217,"column":45}}]},"12":{"loc":{"start":{"line":233,"column":4},"end":{"line":233,"column":25}},"type":"default-arg","locations":[{"start":{"line":233,"column":23},"end":{"line":233,"column":25}}]},"13":{"loc":{"start":{"line":234,"column":4},"end":{"line":234,"column":33}},"type":"default-arg","locations":[{"start":{"line":234,"column":31},"end":{"line":234,"column":33}}]},"14":{"loc":{"start":{"line":237,"column":31},"end":{"line":237,"column":48}},"type":"binary-expr","locations":[{"start":{"line":237,"column":31},"end":{"line":237,"column":42}},{"start":{"line":237,"column":46},"end":{"line":237,"column":48}}]},"15":{"loc":{"start":{"line":260,"column":12},"end":{"line":268,"column":null}},"type":"if","locations":[{"start":{"line":260,"column":12},"end":{"line":268,"column":null}}]},"16":{"loc":{"start":{"line":260,"column":16},"end":{"line":260,"column":37}},"type":"binary-expr","locations":[{"start":{"line":260,"column":16},"end":{"line":260,"column":24}},{"start":{"line":260,"column":28},"end":{"line":260,"column":37}}]},"17":{"loc":{"start":{"line":261,"column":16},"end":{"line":265,"column":null}},"type":"if","locations":[{"start":{"line":261,"column":16},"end":{"line":265,"column":null}},{"start":{"line":263,"column":23},"end":{"line":265,"column":null}}]},"18":{"loc":{"start":{"line":261,"column":20},"end":{"line":261,"column":67}},"type":"binary-expr","locations":[{"start":{"line":261,"column":20},"end":{"line":261,"column":36}},{"start":{"line":261,"column":40},"end":{"line":261,"column":67}}]},"19":{"loc":{"start":{"line":282,"column":16},"end":{"line":282,"column":79}},"type":"if","locations":[{"start":{"line":282,"column":16},"end":{"line":282,"column":79}}]},"20":{"loc":{"start":{"line":295,"column":16},"end":{"line":302,"column":null}},"type":"if","locations":[{"start":{"line":295,"column":16},"end":{"line":302,"column":null}},{"start":{"line":298,"column":23},"end":{"line":302,"column":null}}]},"21":{"loc":{"start":{"line":298,"column":23},"end":{"line":302,"column":null}},"type":"if","locations":[{"start":{"line":298,"column":23},"end":{"line":302,"column":null}}]},"22":{"loc":{"start":{"line":315,"column":8},"end":{"line":327,"column":null}},"type":"if","locations":[{"start":{"line":315,"column":8},"end":{"line":327,"column":null}}]},"23":{"loc":{"start":{"line":315,"column":12},"end":{"line":315,"column":63}},"type":"binary-expr","locations":[{"start":{"line":315,"column":12},"end":{"line":315,"column":30}},{"start":{"line":315,"column":34},"end":{"line":315,"column":63}}]},"24":{"loc":{"start":{"line":331,"column":8},"end":{"line":331,"column":37}},"type":"cond-expr","locations":[{"start":{"line":331,"column":28},"end":{"line":331,"column":30}},{"start":{"line":331,"column":28},"end":{"line":331,"column":37}}]},"25":{"loc":{"start":{"line":331,"column":8},"end":{"line":331,"column":30}},"type":"binary-expr","locations":[{"start":{"line":331,"column":8},"end":{"line":331,"column":30}},{"start":{"line":331,"column":28},"end":{"line":331,"column":30}}]},"26":{"loc":{"start":{"line":341,"column":8},"end":{"line":343,"column":null}},"type":"if","locations":[{"start":{"line":341,"column":8},"end":{"line":343,"column":null}}]},"27":{"loc":{"start":{"line":347,"column":8},"end":{"line":347,"column":59}},"type":"if","locations":[{"start":{"line":347,"column":8},"end":{"line":347,"column":59}}]},"28":{"loc":{"start":{"line":347,"column":12},"end":{"line":347,"column":50}},"type":"binary-expr","locations":[{"start":{"line":347,"column":12},"end":{"line":347,"column":20}},{"start":{"line":347,"column":24},"end":{"line":347,"column":50}}]},"29":{"loc":{"start":{"line":363,"column":12},"end":{"line":363,"column":75}},"type":"if","locations":[{"start":{"line":363,"column":12},"end":{"line":363,"column":75}}]},"30":{"loc":{"start":{"line":371,"column":12},"end":{"line":373,"column":null}},"type":"if","locations":[{"start":{"line":371,"column":12},"end":{"line":373,"column":null}}]},"31":{"loc":{"start":{"line":383,"column":12},"end":{"line":385,"column":null}},"type":"if","locations":[{"start":{"line":383,"column":12},"end":{"line":385,"column":null}}]},"32":{"loc":{"start":{"line":391,"column":16},"end":{"line":395,"column":null}},"type":"if","locations":[{"start":{"line":391,"column":16},"end":{"line":395,"column":null}},{"start":{"line":393,"column":23},"end":{"line":395,"column":null}}]},"33":{"loc":{"start":{"line":405,"column":104},"end":{"line":405,"column":131}},"type":"binary-expr","locations":[{"start":{"line":405,"column":104},"end":{"line":405,"column":121}},{"start":{"line":405,"column":125},"end":{"line":405,"column":131}}]},"34":{"loc":{"start":{"line":423,"column":12},"end":{"line":427,"column":null}},"type":"if","locations":[{"start":{"line":423,"column":12},"end":{"line":427,"column":null}}]},"35":{"loc":{"start":{"line":429,"column":12},"end":{"line":433,"column":null}},"type":"if","locations":[{"start":{"line":429,"column":12},"end":{"line":433,"column":null}},{"start":{"line":431,"column":19},"end":{"line":433,"column":null}}]},"36":{"loc":{"start":{"line":432,"column":25},"end":{"line":432,"column":77}},"type":"cond-expr","locations":[{"start":{"line":432,"column":48},"end":{"line":432,"column":59}},{"start":{"line":432,"column":62},"end":{"line":432,"column":77}}]},"37":{"loc":{"start":{"line":440,"column":8},"end":{"line":470,"column":null}},"type":"if","locations":[{"start":{"line":440,"column":8},"end":{"line":470,"column":null}},{"start":{"line":462,"column":15},"end":{"line":470,"column":null}}]},"38":{"loc":{"start":{"line":440,"column":12},"end":{"line":440,"column":31}},"type":"binary-expr","locations":[{"start":{"line":440,"column":12},"end":{"line":440,"column":20}},{"start":{"line":440,"column":24},"end":{"line":440,"column":31}}]},"39":{"loc":{"start":{"line":441,"column":12},"end":{"line":461,"column":null}},"type":"if","locations":[{"start":{"line":441,"column":12},"end":{"line":461,"column":null}},{"start":{"line":459,"column":19},"end":{"line":461,"column":null}}]},"40":{"loc":{"start":{"line":464,"column":12},"end":{"line":467,"column":null}},"type":"if","locations":[{"start":{"line":464,"column":12},"end":{"line":467,"column":null}}]},"41":{"loc":{"start":{"line":480,"column":13},"end":{"line":503,"column":null}},"type":"binary-expr","locations":[{"start":{"line":480,"column":14},"end":{"line":480,"column":22}},{"start":{"line":480,"column":26},"end":{"line":480,"column":47}},{"start":{"line":481,"column":16},"end":{"line":502,"column":null}}]},"42":{"loc":{"start":{"line":481,"column":83},"end":{"line":481,"column":139}},"type":"binary-expr","locations":[{"start":{"line":481,"column":83},"end":{"line":481,"column":97}},{"start":{"line":481,"column":102},"end":{"line":481,"column":125}},{"start":{"line":481,"column":129},"end":{"line":481,"column":138}}]},"43":{"loc":{"start":{"line":498,"column":21},"end":{"line":501,"column":null}},"type":"binary-expr","locations":[{"start":{"line":498,"column":21},"end":{"line":498,"column":44}},{"start":{"line":498,"column":48},"end":{"line":498,"column":63}},{"start":{"line":499,"column":24},"end":{"line":500,"column":null}}]},"44":{"loc":{"start":{"line":500,"column":29},"end":{"line":500,"column":112}},"type":"cond-expr","locations":[{"start":{"line":500,"column":40},"end":{"line":500,"column":69}},{"start":{"line":500,"column":72},"end":{"line":500,"column":112}}]},"45":{"loc":{"start":{"line":521,"column":21},"end":{"line":521,"column":116}},"type":"cond-expr","locations":[{"start":{"line":521,"column":48},"end":{"line":521,"column":94}},{"start":{"line":521,"column":97},"end":{"line":521,"column":116}}]},"46":{"loc":{"start":{"line":523,"column":17},"end":{"line":530,"column":null}},"type":"binary-expr","locations":[{"start":{"line":523,"column":17},"end":{"line":523,"column":41}},{"start":{"line":524,"column":20},"end":{"line":529,"column":null}}]},"47":{"loc":{"start":{"line":533,"column":13},"end":{"line":575,"column":null}},"type":"binary-expr","locations":[{"start":{"line":533,"column":13},"end":{"line":533,"column":37}},{"start":{"line":534,"column":16},"end":{"line":574,"column":null}}]},"48":{"loc":{"start":{"line":543,"column":51},"end":{"line":543,"column":74}},"type":"binary-expr","locations":[{"start":{"line":543,"column":51},"end":{"line":543,"column":68}},{"start":{"line":543,"column":72},"end":{"line":543,"column":74}}]},"49":{"loc":{"start":{"line":578,"column":13},"end":{"line":586,"column":null}},"type":"binary-expr","locations":[{"start":{"line":578,"column":13},"end":{"line":578,"column":37}},{"start":{"line":579,"column":16},"end":{"line":585,"column":null}}]},"50":{"loc":{"start":{"line":601,"column":26},"end":{"line":601,"column":97}},"type":"binary-expr","locations":[{"start":{"line":601,"column":26},"end":{"line":601,"column":47}},{"start":{"line":601,"column":51},"end":{"line":601,"column":60}},{"start":{"line":601,"column":65},"end":{"line":601,"column":74}},{"start":{"line":601,"column":78},"end":{"line":601,"column":96}}]},"51":{"loc":{"start":{"line":605,"column":17},"end":{"line":605,"column":150}},"type":"cond-expr","locations":[{"start":{"line":605,"column":29},"end":{"line":605,"column":91}},{"start":{"line":605,"column":95},"end":{"line":605,"column":149}}]},"52":{"loc":{"start":{"line":605,"column":95},"end":{"line":605,"column":149}},"type":"cond-expr","locations":[{"start":{"line":605,"column":106},"end":{"line":605,"column":127}},{"start":{"line":605,"column":130},"end":{"line":605,"column":149}}]},"53":{"loc":{"start":{"line":607,"column":13},"end":{"line":607,"column":83}},"type":"binary-expr","locations":[{"start":{"line":607,"column":13},"end":{"line":607,"column":18}},{"start":{"line":607,"column":22},"end":{"line":607,"column":83}}]},"54":{"loc":{"start":{"line":608,"column":13},"end":{"line":608,"column":82}},"type":"binary-expr","locations":[{"start":{"line":608,"column":13},"end":{"line":608,"column":20}},{"start":{"line":608,"column":24},"end":{"line":608,"column":82}}]}},"s":{"0":5,"1":5,"2":5,"3":5,"4":5,"5":5,"6":5,"7":5,"8":5,"9":0,"10":0,"11":0,"12":0,"13":0,"14":0,"15":0,"16":0,"17":5,"18":17,"19":5,"20":5,"21":11,"22":11,"23":11,"24":5,"25":5,"26":8,"27":8,"28":8,"29":8,"30":8,"31":4,"32":5,"33":5,"34":7,"35":7,"36":7,"37":7,"38":1,"39":6,"40":6,"41":6,"42":6,"43":6,"44":26,"45":26,"46":26,"47":26,"48":1,"49":25,"50":5,"51":5,"52":5,"53":5,"54":5,"55":7,"56":7,"57":7,"58":2,"59":2,"60":5,"61":5,"62":5,"63":5,"64":5,"65":0,"66":0,"67":0,"68":0,"69":0,"70":0,"71":0,"72":0,"73":0,"74":0,"75":0,"76":0,"77":0,"78":0,"79":0,"80":0,"81":0,"82":0,"83":0,"84":0,"85":0,"86":0,"87":0,"88":0,"89":0,"90":0,"91":5,"92":5,"93":3,"94":3,"95":4,"96":3,"97":4,"98":3,"99":3,"100":1,"101":1,"102":1,"103":1,"104":1,"105":3,"106":5,"107":5,"108":41,"109":41,"110":41,"111":41,"112":41,"113":41,"114":41,"115":41,"116":41,"117":41,"118":41,"119":41,"120":41,"121":41,"122":8,"123":8,"124":8,"125":8,"126":2,"127":1,"128":1,"129":2,"130":2,"131":6,"132":6,"133":6,"134":6,"135":6,"136":6,"137":6,"138":0,"139":6,"140":6,"141":6,"142":6,"143":6,"144":3,"145":3,"146":1,"147":3,"148":3,"149":3,"150":1,"151":1,"152":6,"153":8,"154":41,"155":6,"156":6,"157":6,"158":6,"159":6,"160":6,"161":6,"162":6,"163":6,"164":6,"165":6,"166":6,"167":41,"168":0,"169":41,"170":1,"171":1,"172":1,"173":41,"174":0,"175":0,"176":0,"177":0,"178":41,"179":3,"180":3,"181":0,"182":3,"183":3,"184":3,"185":3,"186":3,"187":3,"188":3,"189":3,"190":3,"191":0,"192":3,"193":3,"194":3,"195":3,"196":0,"197":3,"198":3,"199":3,"200":2,"201":2,"202":2,"203":2,"204":1,"205":1,"206":2,"207":2,"208":2,"209":2,"210":2,"211":0,"212":2,"213":2,"214":2,"215":1,"216":1,"217":0,"218":1,"219":3,"220":41,"221":5,"222":5,"223":4,"224":1,"225":1,"226":1,"227":1,"228":0,"229":0,"230":0,"231":0,"232":3,"233":1,"234":1,"235":1,"236":1,"237":41,"238":0,"239":5,"240":20,"241":1,"242":0,"243":5},"f":{"0":0,"1":17,"2":11,"3":11,"4":8,"5":8,"6":7,"7":7,"8":7,"9":7,"10":0,"11":0,"12":0,"13":0,"14":0,"15":3,"16":3,"17":4,"18":4,"19":1,"20":1,"21":41,"22":8,"23":8,"24":8,"25":1,"26":6,"27":6,"28":6,"29":6,"30":6,"31":6,"32":0,"33":1,"34":1,"35":1,"36":0,"37":3,"38":3,"39":2,"40":5,"41":5,"42":0,"43":0,"44":5,"45":20,"46":1,"47":0},"b":{"0":[4],"1":[1],"2":[1],"3":[2],"4":[0],"5":[0],"6":[0],"7":[0,0],"8":[0],"9":[0],"10":[0,0],"11":[4,1],"12":[0],"13":[36],"14":[41,10],"15":[2],"16":[8,6],"17":[1,1],"18":[2,2],"19":[0],"20":[3,3],"21":[3],"22":[6],"23":[6,6],"24":[0,0],"25":[0,0],"26":[0],"27":[0],"28":[3,3],"29":[0],"30":[0],"31":[2],"32":[1,1],"33":[2,2],"34":[1],"35":[0,1],"36":[1,0],"37":[4,1],"38":[5,4],"39":[1,3],"40":[1],"41":[41,5,40],"42":[40,34,29],"43":[40,35,29],"44":[29,0],"45":[20,21],"46":[41,20],"47":[41,20],"48":[20,6],"49":[41,20],"50":[41,20,15,2],"51":[5,36],"52":[31,5],"53":[41,1],"54":[41,3]}}
,"/workspaces/redIT_Baumgartner_BildUpload/src/ui-components/Loading.tsx": {"path":"/workspaces/redIT_Baumgartner_BildUpload/src/ui-components/Loading.tsx","statementMap":{"0":{"start":{"line":1,"column":0},"end":{"line":1,"column":43}},"1":{"start":{"line":3,"column":23},"end":{"line":5,"column":1}},"2":{"start":{"line":4,"column":4},"end":{"line":4,"column":null}},"3":{"start":{"line":3,"column":13},"end":{"line":3,"column":23}}},"fnMap":{"0":{"name":"(anonymous_0)","decl":{"start":{"line":3,"column":23},"end":{"line":3,"column":26}},"loc":{"start":{"line":3,"column":28},"end":{"line":5,"column":1}}}},"branchMap":{},"s":{"0":1,"1":1,"2":1,"3":1},"f":{"0":1},"b":{}}
,"/workspaces/redIT_Baumgartner_BildUpload/src/ui-components/NavBar.tsx": {"path":"/workspaces/redIT_Baumgartner_BildUpload/src/ui-components/NavBar.tsx","statementMap":{"0":{"start":{"line":1,"column":0},"end":{"line":1,"column":51}},"1":{"start":{"line":2,"column":0},"end":{"line":2,"column":42}},"2":{"start":{"line":3,"column":0},"end":{"line":3,"column":44}},"3":{"start":{"line":5,"column":0},"end":{"line":5,"column":50}},"4":{"start":{"line":6,"column":0},"end":{"line":6,"column":52}},"5":{"start":{"line":7,"column":0},"end":{"line":7,"column":45}},"6":{"start":{"line":8,"column":0},"end":{"line":8,"column":40}},"7":{"start":{"line":9,"column":0},"end":{"line":9,"column":56}},"8":{"start":{"line":12,"column":15},"end":{"line":46,"column":1}},"9":{"start":{"line":13,"column":36},"end":{"line":13,"column":62}},"10":{"start":{"line":15,"column":4},"end":{"line":26,"column":11}},"11":{"start":{"line":16,"column":29},"end":{"line":16,"column":52}},"12":{"start":{"line":16,"column":35},"end":{"line":16,"column":52}},"13":{"start":{"line":17,"column":30},"end":{"line":17,"column":54}},"14":{"start":{"line":17,"column":36},"end":{"line":17,"column":54}},"15":{"start":{"line":19,"column":8},"end":{"line":19,"column":56}},"16":{"start":{"line":20,"column":8},"end":{"line":20,"column":58}},"17":{"start":{"line":22,"column":8},"end":{"line":25,"column":10}},"18":{"start":{"line":23,"column":12},"end":{"line":23,"column":63}},"19":{"start":{"line":24,"column":12},"end":{"line":24,"column":65}},"20":{"start":{"line":28,"column":4},"end":{"line":45,"column":6}},"21":{"start":{"line":48,"column":0},"end":{"line":48,"column":22}}},"fnMap":{"0":{"name":"(anonymous_0)","decl":{"start":{"line":12,"column":15},"end":{"line":12,"column":18}},"loc":{"start":{"line":12,"column":20},"end":{"line":46,"column":1}}},"1":{"name":"(anonymous_1)","decl":{"start":{"line":15,"column":14},"end":{"line":15,"column":17}},"loc":{"start":{"line":15,"column":19},"end":{"line":26,"column":5}}},"2":{"name":"(anonymous_2)","decl":{"start":{"line":16,"column":29},"end":{"line":16,"column":32}},"loc":{"start":{"line":16,"column":35},"end":{"line":16,"column":52}}},"3":{"name":"(anonymous_3)","decl":{"start":{"line":17,"column":30},"end":{"line":17,"column":33}},"loc":{"start":{"line":17,"column":36},"end":{"line":17,"column":54}}},"4":{"name":"(anonymous_4)","decl":{"start":{"line":22,"column":15},"end":{"line":22,"column":18}},"loc":{"start":{"line":22,"column":20},"end":{"line":25,"column":9}}}},"branchMap":{"0":{"loc":{"start":{"line":37,"column":40},"end":{"line":37,"column":71}},"type":"cond-expr","locations":[{"start":{"line":37,"column":51},"end":{"line":37,"column":59}},{"start":{"line":37,"column":62},"end":{"line":37,"column":71}}]},"1":{"loc":{"start":{"line":38,"column":29},"end":{"line":38,"column":62}},"type":"cond-expr","locations":[{"start":{"line":38,"column":40},"end":{"line":38,"column":48}},{"start":{"line":38,"column":51},"end":{"line":38,"column":62}}]}},"s":{"0":2,"1":2,"2":2,"3":2,"4":2,"5":2,"6":2,"7":2,"8":2,"9":9,"10":9,"11":6,"12":2,"13":6,"14":2,"15":6,"16":6,"17":6,"18":6,"19":6,"20":9,"21":2},"f":{"0":9,"1":6,"2":2,"3":2,"4":6},"b":{"0":[7,2],"1":[7,2]}}
,"/workspaces/redIT_Baumgartner_BildUpload/src/ui-components/PageLayout.tsx": {"path":"/workspaces/redIT_Baumgartner_BildUpload/src/ui-components/PageLayout.tsx","statementMap":{"0":{"start":{"line":2,"column":0},"end":{"line":2,"column":30}},"1":{"start":{"line":8,"column":43},"end":{"line":16,"column":1}},"2":{"start":{"line":9,"column":4},"end":{"line":15,"column":6}},"3":{"start":{"line":8,"column":13},"end":{"line":8,"column":43}}},"fnMap":{"0":{"name":"(anonymous_0)","decl":{"start":{"line":8,"column":43},"end":{"line":8,"column":44}},"loc":{"start":{"line":8,"column":58},"end":{"line":16,"column":1}}}},"branchMap":{},"s":{"0":1,"1":1,"2":1,"3":1},"f":{"0":1},"b":{}}
,"/workspaces/redIT_Baumgartner_BildUpload/src/ui-components/PostMessage.tsx": {"path":"/workspaces/redIT_Baumgartner_BildUpload/src/ui-components/PostMessage.tsx","statementMap":{"0":{"start":{"line":32,"column":26},"end":{"line":45,"column":2}},"1":{"start":{"line":32,"column":86},"end":{"line":45,"column":2}},"2":{"start":{"line":33,"column":21},"end":{"line":37,"column":6}},"3":{"start":{"line":38,"column":17},"end":{"line":38,"column":38}},"4":{"start":{"line":39,"column":4},"end":{"line":44,"column":7}},"5":{"start":{"line":40,"column":23},"end":{"line":40,"column":39}},"6":{"start":{"line":41,"column":8},"end":{"line":41,"column":63}},"7":{"start":{"line":41,"column":30},"end":{"line":41,"column":62}},"8":{"start":{"line":42,"column":8},"end":{"line":42,"column":32}},"9":{"start":{"line":43,"column":8},"end":{"line":43,"column":35}},"10":{"start":{"line":48,"column":37},"end":{"line":94,"column":1}},"11":{"start":{"line":49,"column":4},"end":{"line":93,"column":7}},"12":{"start":{"line":50,"column":20},"end":{"line":50,"column":31}},"13":{"start":{"line":51,"column":8},"end":{"line":90,"column":10}},"14":{"start":{"line":52,"column":27},"end":{"line":52,"column":59}},"15":{"start":{"line":53,"column":24},"end":{"line":53,"column":48}},"16":{"start":{"line":56,"column":27},"end":{"line":56,"column":31}},"17":{"start":{"line":57,"column":36},"end":{"line":57,"column":39}},"18":{"start":{"line":59,"column":12},"end":{"line":69,"column":null}},"19":{"start":{"line":60,"column":16},"end":{"line":63,"column":null}},"20":{"start":{"line":61,"column":20},"end":{"line":61,"column":55}},"21":{"start":{"line":62,"column":20},"end":{"line":62,"column":35}},"22":{"start":{"line":65,"column":16},"end":{"line":68,"column":null}},"23":{"start":{"line":66,"column":20},"end":{"line":66,"column":54}},"24":{"start":{"line":67,"column":20},"end":{"line":67,"column":36}},"25":{"start":{"line":71,"column":12},"end":{"line":71,"column":33}},"26":{"start":{"line":72,"column":12},"end":{"line":72,"column":35}},"27":{"start":{"line":73,"column":12},"end":{"line":73,"column":52}},"28":{"start":{"line":76,"column":12},"end":{"line":89,"column":34}},"29":{"start":{"line":77,"column":16},"end":{"line":88,"column":null}},"30":{"start":{"line":78,"column":35},"end":{"line":78,"column":51}},"31":{"start":{"line":79,"column":20},"end":{"line":83,"column":22}},"32":{"start":{"line":80,"column":39},"end":{"line":80,"column":62}},"33":{"start":{"line":82,"column":24},"end":{"line":82,"column":54}},"34":{"start":{"line":84,"column":20},"end":{"line":84,"column":44}},"35":{"start":{"line":85,"column":20},"end":{"line":85,"column":47}},"36":{"start":{"line":87,"column":20},"end":{"line":87,"column":62}},"37":{"start":{"line":91,"column":8},"end":{"line":91,"column":29}},"38":{"start":{"line":92,"column":8},"end":{"line":92,"column":44}},"39":{"start":{"line":97,"column":19},"end":{"line":108,"column":1}},"40":{"start":{"line":98,"column":4},"end":{"line":107,"column":7}},"41":{"start":{"line":99,"column":8},"end":{"line":106,"column":null}},"42":{"start":{"line":100,"column":22},"end":{"line":100,"column":37}},"43":{"start":{"line":101,"column":22},"end":{"line":101,"column":36}},"44":{"start":{"line":102,"column":22},"end":{"line":102,"column":36}},"45":{"start":{"line":103,"column":22},"end":{"line":103,"column":38}},"46":{"start":{"line":104,"column":22},"end":{"line":104,"column":37}},"47":{"start":{"line":105,"column":21},"end":{"line":105,"column":30}},"48":{"start":{"line":110,"column":36},"end":{"line":201,"column":2}},"49":{"start":{"line":118,"column":19},"end":{"line":201,"column":2}},"50":{"start":{"line":121,"column":27},"end":{"line":128,"column":7}},"51":{"start":{"line":121,"column":77},"end":{"line":128,"column":6}},"52":{"start":{"line":122,"column":29},"end":{"line":122,"column":69}},"53":{"start":{"line":123,"column":8},"end":{"line":127,"column":10}},"54":{"start":{"line":132,"column":26},"end":{"line":132,"column":69}},"55":{"start":{"line":132,"column":47},"end":{"line":132,"column":68}},"56":{"start":{"line":134,"column":28},"end":{"line":144,"column":7}},"57":{"start":{"line":134,"column":64},"end":{"line":144,"column":6}},"58":{"start":{"line":148,"column":25},"end":{"line":148,"column":127}},"59":{"start":{"line":148,"column":60},"end":{"line":148,"column":116}},"60":{"start":{"line":151,"column":23},"end":{"line":163,"column":15}},"61":{"start":{"line":152,"column":19},"end":{"line":152,"column":53}},"62":{"start":{"line":153,"column":28},"end":{"line":153,"column":51}},"63":{"start":{"line":154,"column":8},"end":{"line":162,"column":20}},"64":{"start":{"line":167,"column":24},"end":{"line":169,"column":140}},"65":{"start":{"line":171,"column":27},"end":{"line":185,"column":6}},"66":{"start":{"line":188,"column":28},"end":{"line":195,"column":6}},"67":{"start":{"line":197,"column":4},"end":{"line":200,"column":null}},"68":{"start":{"line":198,"column":29},"end":{"line":198,"column":57}},"69":{"start":{"line":199,"column":8},"end":{"line":199,"column":104}},"70":{"start":{"line":110,"column":13},"end":{"line":110,"column":36}}},"fnMap":{"0":{"name":"(anonymous_0)","decl":{"start":{"line":32,"column":26},"end":{"line":32,"column":33}},"loc":{"start":{"line":32,"column":86},"end":{"line":45,"column":2}}},"1":{"name":"(anonymous_1)","decl":{"start":{"line":32,"column":86},"end":{"line":32,"column":null}},"loc":{"start":{"line":32,"column":86},"end":{"line":45,"column":1}}},"2":{"name":"(anonymous_2)","decl":{"start":{"line":39,"column":23},"end":{"line":39,"column":24}},"loc":{"start":{"line":39,"column":43},"end":{"line":44,"column":5}}},"3":{"name":"(anonymous_3)","decl":{"start":{"line":41,"column":24},"end":{"line":41,"column":27}},"loc":{"start":{"line":41,"column":30},"end":{"line":41,"column":62}}},"4":{"name":"(anonymous_4)","decl":{"start":{"line":48,"column":37},"end":{"line":48,"column":38}},"loc":{"start":{"line":48,"column":69},"end":{"line":94,"column":1}}},"5":{"name":"(anonymous_5)","decl":{"start":{"line":49,"column":23},"end":{"line":49,"column":24}},"loc":{"start":{"line":49,"column":43},"end":{"line":93,"column":5}}},"6":{"name":"(anonymous_6)","decl":{"start":{"line":51,"column":21},"end":{"line":51,"column":24}},"loc":{"start":{"line":51,"column":26},"end":{"line":90,"column":9}}},"7":{"name":"(anonymous_7)","decl":{"start":{"line":76,"column":26},"end":{"line":76,"column":27}},"loc":{"start":{"line":76,"column":35},"end":{"line":89,"column":13}}},"8":{"name":"(anonymous_8)","decl":{"start":{"line":79,"column":36},"end":{"line":79,"column":39}},"loc":{"start":{"line":79,"column":41},"end":{"line":83,"column":21}}},"9":{"name":"(anonymous_9)","decl":{"start":{"line":97,"column":19},"end":{"line":97,"column":20}},"loc":{"start":{"line":97,"column":35},"end":{"line":108,"column":1}}},"10":{"name":"(anonymous_10)","decl":{"start":{"line":98,"column":35},"end":{"line":98,"column":36}},"loc":{"start":{"line":98,"column":41},"end":{"line":107,"column":5}}},"11":{"name":"(anonymous_11)","decl":{"start":{"line":110,"column":36},"end":{"line":110,"column":null}},"loc":{"start":{"line":118,"column":19},"end":{"line":201,"column":2}}},"12":{"name":"(anonymous_12)","decl":{"start":{"line":118,"column":19},"end":{"line":118,"column":null}},"loc":{"start":{"line":118,"column":19},"end":{"line":201,"column":1}}},"13":{"name":"(anonymous_13)","decl":{"start":{"line":121,"column":55},"end":{"line":121,"column":62}},"loc":{"start":{"line":121,"column":77},"end":{"line":128,"column":6}}},"14":{"name":"(anonymous_14)","decl":{"start":{"line":121,"column":77},"end":{"line":121,"column":null}},"loc":{"start":{"line":121,"column":77},"end":{"line":128,"column":5}}},"15":{"name":"(anonymous_15)","decl":{"start":{"line":132,"column":42},"end":{"line":132,"column":43}},"loc":{"start":{"line":132,"column":47},"end":{"line":132,"column":68}}},"16":{"name":"(anonymous_16)","decl":{"start":{"line":134,"column":46},"end":{"line":134,"column":47}},"loc":{"start":{"line":134,"column":64},"end":{"line":144,"column":6}}},"17":{"name":"(anonymous_17)","decl":{"start":{"line":148,"column":43},"end":{"line":148,"column":44}},"loc":{"start":{"line":148,"column":60},"end":{"line":148,"column":116}}},"18":{"name":"(anonymous_18)","decl":{"start":{"line":151,"column":42},"end":{"line":151,"column":43}},"loc":{"start":{"line":151,"column":56},"end":{"line":163,"column":5}}}},"branchMap":{"0":{"loc":{"start":{"line":59,"column":12},"end":{"line":69,"column":null}},"type":"if","locations":[{"start":{"line":59,"column":12},"end":{"line":69,"column":null}},{"start":{"line":64,"column":19},"end":{"line":69,"column":null}}]},"1":{"loc":{"start":{"line":60,"column":16},"end":{"line":63,"column":null}},"type":"if","locations":[{"start":{"line":60,"column":16},"end":{"line":63,"column":null}}]},"2":{"loc":{"start":{"line":65,"column":16},"end":{"line":68,"column":null}},"type":"if","locations":[{"start":{"line":65,"column":16},"end":{"line":68,"column":null}}]},"3":{"loc":{"start":{"line":77,"column":16},"end":{"line":88,"column":null}},"type":"if","locations":[{"start":{"line":77,"column":16},"end":{"line":88,"column":null}},{"start":{"line":86,"column":23},"end":{"line":88,"column":null}}]},"4":{"loc":{"start":{"line":99,"column":8},"end":{"line":106,"column":null}},"type":"switch","locations":[{"start":{"line":100,"column":12},"end":{"line":100,"column":37}},{"start":{"line":101,"column":12},"end":{"line":101,"column":36}},{"start":{"line":102,"column":12},"end":{"line":102,"column":36}},{"start":{"line":103,"column":12},"end":{"line":103,"column":38}},{"start":{"line":104,"column":12},"end":{"line":104,"column":37}},{"start":{"line":105,"column":12},"end":{"line":105,"column":30}}]},"5":{"loc":{"start":{"line":117,"column":4},"end":{"line":117,"column":32}},"type":"default-arg","locations":[{"start":{"line":117,"column":30},"end":{"line":117,"column":32}}]},"6":{"loc":{"start":{"line":132,"column":47},"end":{"line":132,"column":68}},"type":"binary-expr","locations":[{"start":{"line":132,"column":47},"end":{"line":132,"column":51}},{"start":{"line":132,"column":55},"end":{"line":132,"column":68}}]},"7":{"loc":{"start":{"line":153,"column":28},"end":{"line":153,"column":51}},"type":"binary-expr","locations":[{"start":{"line":153,"column":28},"end":{"line":153,"column":44}},{"start":{"line":153,"column":48},"end":{"line":153,"column":51}}]},"8":{"loc":{"start":{"line":167,"column":24},"end":{"line":169,"column":140}},"type":"cond-expr","locations":[{"start":{"line":168,"column":10},"end":{"line":168,"column":66}},{"start":{"line":169,"column":10},"end":{"line":169,"column":140}}]},"9":{"loc":{"start":{"line":168,"column":43},"end":{"line":168,"column":59}},"type":"binary-expr","locations":[{"start":{"line":168,"column":43},"end":{"line":168,"column":53}},{"start":{"line":168,"column":57},"end":{"line":168,"column":59}}]},"10":{"loc":{"start":{"line":169,"column":92},"end":{"line":169,"column":133}},"type":"binary-expr","locations":[{"start":{"line":169,"column":92},"end":{"line":169,"column":102}},{"start":{"line":169,"column":106},"end":{"line":169,"column":133}}]},"11":{"loc":{"start":{"line":197,"column":4},"end":{"line":200,"column":null}},"type":"if","locations":[{"start":{"line":197,"column":4},"end":{"line":200,"column":null}}]}},"s":{"0":2,"1":0,"2":0,"3":0,"4":0,"5":0,"6":0,"7":0,"8":0,"9":0,"10":2,"11":8,"12":8,"13":8,"14":7,"15":7,"16":7,"17":7,"18":7,"19":2,"20":1,"21":1,"22":5,"23":1,"24":1,"25":7,"26":7,"27":7,"28":7,"29":7,"30":6,"31":6,"32":6,"33":6,"34":6,"35":6,"36":1,"37":8,"38":8,"39":2,"40":17,"41":15,"42":3,"43":5,"44":5,"45":2,"46":0,"47":0,"48":2,"49":15,"50":15,"51":8,"52":8,"53":6,"54":13,"55":5,"56":13,"57":4,"58":13,"59":4,"60":13,"61":6,"62":6,"63":6,"64":13,"65":13,"66":13,"67":13,"68":2,"69":2,"70":2},"f":{"0":0,"1":0,"2":0,"3":0,"4":8,"5":8,"6":7,"7":7,"8":6,"9":17,"10":15,"11":15,"12":15,"13":8,"14":8,"15":5,"16":4,"17":4,"18":6},"b":{"0":[2,5],"1":[1],"2":[1],"3":[6,1],"4":[3,5,5,2,0,0],"5":[0],"6":[5,4],"7":[6,3],"8":[4,9],"9":[4,0],"10":[9,4],"11":[2]}}
,"/workspaces/redIT_Baumgartner_BildUpload/src/ui-components/ProfileData.tsx": {"path":"/workspaces/redIT_Baumgartner_BildUpload/src/ui-components/ProfileData.tsx","statementMap":{"0":{"start":{"line":1,"column":0},"end":{"line":1,"column":38}},"1":{"start":{"line":2,"column":0},"end":{"line":2,"column":46}},"2":{"start":{"line":3,"column":0},"end":{"line":3,"column":54}},"3":{"start":{"line":4,"column":0},"end":{"line":4,"column":58}},"4":{"start":{"line":5,"column":0},"end":{"line":5,"column":42}},"5":{"start":{"line":6,"column":0},"end":{"line":6,"column":52}},"6":{"start":{"line":7,"column":0},"end":{"line":7,"column":49}},"7":{"start":{"line":8,"column":0},"end":{"line":8,"column":48}},"8":{"start":{"line":9,"column":0},"end":{"line":9,"column":50}},"9":{"start":{"line":10,"column":0},"end":{"line":10,"column":60}},"10":{"start":{"line":20,"column":61},"end":{"line":30,"column":1}},"11":{"start":{"line":21,"column":4},"end":{"line":29,"column":6}},"12":{"start":{"line":20,"column":13},"end":{"line":20,"column":61}},"13":{"start":{"line":32,"column":47},"end":{"line":40,"column":null}},"14":{"start":{"line":33,"column":4},"end":{"line":39,"column":null}},"15":{"start":{"line":43,"column":55},"end":{"line":51,"column":null}},"16":{"start":{"line":44,"column":4},"end":{"line":50,"column":null}},"17":{"start":{"line":54,"column":47},"end":{"line":62,"column":null}},"18":{"start":{"line":55,"column":4},"end":{"line":61,"column":null}},"19":{"start":{"line":65,"column":49},"end":{"line":73,"column":null}},"20":{"start":{"line":66,"column":4},"end":{"line":72,"column":null}},"21":{"start":{"line":76,"column":55},"end":{"line":84,"column":null}},"22":{"start":{"line":77,"column":4},"end":{"line":83,"column":null}}},"fnMap":{"0":{"name":"(anonymous_0)","decl":{"start":{"line":20,"column":61},"end":{"line":20,"column":62}},"loc":{"start":{"line":20,"column":77},"end":{"line":30,"column":1}}},"1":{"name":"(anonymous_1)","decl":{"start":{"line":32,"column":47},"end":{"line":32,"column":48}},"loc":{"start":{"line":33,"column":4},"end":{"line":39,"column":null}}},"2":{"name":"(anonymous_2)","decl":{"start":{"line":43,"column":55},"end":{"line":43,"column":56}},"loc":{"start":{"line":44,"column":4},"end":{"line":50,"column":null}}},"3":{"name":"(anonymous_3)","decl":{"start":{"line":54,"column":47},"end":{"line":54,"column":48}},"loc":{"start":{"line":55,"column":4},"end":{"line":61,"column":null}}},"4":{"name":"(anonymous_4)","decl":{"start":{"line":65,"column":49},"end":{"line":65,"column":50}},"loc":{"start":{"line":66,"column":4},"end":{"line":72,"column":null}}},"5":{"name":"(anonymous_5)","decl":{"start":{"line":76,"column":55},"end":{"line":76,"column":56}},"loc":{"start":{"line":77,"column":4},"end":{"line":83,"column":null}}}},"branchMap":{},"s":{"0":1,"1":1,"2":1,"3":1,"4":1,"5":1,"6":1,"7":1,"8":1,"9":1,"10":1,"11":1,"12":1,"13":1,"14":1,"15":1,"16":1,"17":1,"18":1,"19":1,"20":1,"21":1,"22":1},"f":{"0":1,"1":1,"2":1,"3":1,"4":1,"5":1},"b":{}}
,"/workspaces/redIT_Baumgartner_BildUpload/src/ui-components/SignInButton.tsx": {"path":"/workspaces/redIT_Baumgartner_BildUpload/src/ui-components/SignInButton.tsx","statementMap":{"0":{"start":{"line":1,"column":0},"end":{"line":1,"column":33}},"1":{"start":{"line":2,"column":0},"end":{"line":2,"column":44}},"2":{"start":{"line":3,"column":0},"end":{"line":3,"column":42}},"3":{"start":{"line":4,"column":0},"end":{"line":4,"column":46}},"4":{"start":{"line":5,"column":0},"end":{"line":5,"column":38}},"5":{"start":{"line":6,"column":0},"end":{"line":6,"column":45}},"6":{"start":{"line":8,"column":28},"end":{"line":52,"column":1}},"7":{"start":{"line":9,"column":25},"end":{"line":9,"column":34}},"8":{"start":{"line":11,"column":36},"end":{"line":11,"column":70}},"9":{"start":{"line":12,"column":17},"end":{"line":12,"column":34}},"10":{"start":{"line":14,"column":24},"end":{"line":22,"column":5}},"11":{"start":{"line":15,"column":8},"end":{"line":15,"column":26}},"12":{"start":{"line":17,"column":8},"end":{"line":21,"column":null}},"13":{"start":{"line":18,"column":12},"end":{"line":18,"column":46}},"14":{"start":{"line":19,"column":15},"end":{"line":21,"column":null}},"15":{"start":{"line":20,"column":12},"end":{"line":20,"column":49}},"16":{"start":{"line":24,"column":4},"end":{"line":51,"column":null}},"17":{"start":{"line":27,"column":36},"end":{"line":27,"column":68}},"18":{"start":{"line":45,"column":31},"end":{"line":45,"column":48}},"19":{"start":{"line":47,"column":41},"end":{"line":47,"column":61}},"20":{"start":{"line":48,"column":41},"end":{"line":48,"column":64}},"21":{"start":{"line":8,"column":13},"end":{"line":8,"column":28}}},"fnMap":{"0":{"name":"(anonymous_0)","decl":{"start":{"line":8,"column":28},"end":{"line":8,"column":31}},"loc":{"start":{"line":8,"column":33},"end":{"line":52,"column":1}}},"1":{"name":"(anonymous_1)","decl":{"start":{"line":14,"column":24},"end":{"line":14,"column":25}},"loc":{"start":{"line":14,"column":46},"end":{"line":22,"column":5}}},"2":{"name":"(anonymous_2)","decl":{"start":{"line":27,"column":25},"end":{"line":27,"column":26}},"loc":{"start":{"line":27,"column":36},"end":{"line":27,"column":68}}},"3":{"name":"(anonymous_3)","decl":{"start":{"line":45,"column":25},"end":{"line":45,"column":28}},"loc":{"start":{"line":45,"column":31},"end":{"line":45,"
[...]
"line":614,"column":41},"end":{"line":614,"column":57}},{"start":{"line":614,"column":62},"end":{"line":614,"column":73}},{"start":{"line":614,"column":77},"end":{"line":614,"column":99}}]},"85":{"loc":{"start":{"line":634,"column":44},"end":{"line":634,"column":101}},"type":"cond-expr","locations":[{"start":{"line":634,"column":67},"end":{"line":634,"column":78}},{"start":{"line":634,"column":81},"end":{"line":634,"column":101}}]},"86":{"loc":{"start":{"line":642,"column":4},"end":{"line":642,"column":102}},"type":"if","locations":[{"start":{"line":642,"column":4},"end":{"line":642,"column":102}}]},"87":{"loc":{"start":{"line":642,"column":8},"end":{"line":642,"column":38}},"type":"binary-expr","locations":[{"start":{"line":642,"column":8},"end":{"line":642,"column":15}},{"start":{"line":642,"column":19},"end":{"line":642,"column":26}},{"start":{"line":642,"column":30},"end":{"line":642,"column":38}}]},"88":{"loc":{"start":{"line":643,"column":4},"end":{"line":643,"column":69}},"type":"if","locations":[{"start":{"line":643,"column":4},"end":{"line":643,"column":69}}]},"89":{"loc":{"start":{"line":648,"column":13},"end":{"line":651,"column":null}},"type":"binary-expr","locations":[{"start":{"line":648,"column":14},"end":{"line":648,"column":23}},{"start":{"line":648,"column":27},"end":{"line":648,"column":35}},{"start":{"line":649,"column":16},"end":{"line":650,"column":null}}]},"90":{"loc":{"start":{"line":650,"column":21},"end":{"line":650,"column":141}},"type":"cond-expr","locations":[{"start":{"line":650,"column":33},"end":{"line":650,"column":84}},{"start":{"line":650,"column":87},"end":{"line":650,"column":141}}]},"91":{"loc":{"start":{"line":655,"column":33},"end":{"line":655,"column":83}},"type":"cond-expr","locations":[{"start":{"line":655,"column":55},"end":{"line":655,"column":63}},{"start":{"line":655,"column":66},"end":{"line":655,"column":83}}]},"92":{"loc":{"start":{"line":655,"column":33},"end":{"line":655,"column":52}},"type":"binary-expr","locations":[{"start":{"line":655,"column":33},"end":{"line":655,"column":41}},{"start":{"line":655,"column":45},"end":{"line":655,"column":52}}]},"93":{"loc":{"start":{"line":665,"column":29},"end":{"line":665,"column":97}},"type":"cond-expr","locations":[{"start":{"line":665,"column":56},"end":{"line":665,"column":80}},{"start":{"line":665,"column":83},"end":{"line":665,"column":97}}]},"94":{"loc":{"start":{"line":673,"column":13},"end":{"line":714,"column":null}},"type":"binary-expr","locations":[{"start":{"line":673,"column":13},"end":{"line":673,"column":25}},{"start":{"line":674,"column":16},"end":{"line":713,"column":null}}]},"95":{"loc":{"start":{"line":682,"column":45},"end":{"line":682,"column":56}},"type":"binary-expr","locations":[{"start":{"line":682,"column":45},"end":{"line":682,"column":50}},{"start":{"line":682,"column":54},"end":{"line":682,"column":56}}]},"96":{"loc":{"start":{"line":687,"column":40},"end":{"line":687,"column":107}},"type":"binary-expr","locations":[{"start":{"line":687,"column":40},"end":{"line":687,"column":101}},{"start":{"line":687,"column":105},"end":{"line":687,"column":107}}]},"97":{"loc":{"start":{"line":687,"column":40},"end":{"line":687,"column":101}},"type":"cond-expr","locations":[{"start":{"line":687,"column":91},"end":{"line":687,"column":93}},{"start":{"line":687,"column":91},"end":{"line":687,"column":101}}]},"98":{"loc":{"start":{"line":687,"column":40},"end":{"line":687,"column":93}},"type":"binary-expr","locations":[{"start":{"line":687,"column":40},"end":{"line":687,"column":93}},{"start":{"line":687,"column":91},"end":{"line":687,"column":93}}]},"99":{"loc":{"start":{"line":689,"column":42},"end":{"line":689,"column":118}},"type":"binary-expr","locations":[{"start":{"line":689,"column":42},"end":{"line":689,"column":112}},{"start":{"line":689,"column":116},"end":{"line":689,"column":118}}]},"100":{"loc":{"start":{"line":689,"column":42},"end":{"line":689,"column":112}},"type":"cond-expr","locations":[{"start":{"line":689,"column":93},"end":{"line":689,"column":95}},{"start":{"line":689,"column":93},"end":{"line":689,"column":112}}]},"101":{"loc":{"start":{"line":689,"column":42},"end":{"line":689,"column":95}},"type":"binary-expr","locations":[{"start":{"line":689,"column":42},"end":{"line":689,"column":95}},{"start":{"line":689,"column":93},"end":{"line":689,"column":95}}]},"102":{"loc":{"start":{"line":694,"column":21},"end":{"line":712,"column":null}},"type":"binary-expr","locations":[{"start":{"line":694,"column":21},"end":{"line":694,"column":29}},{"start":{"line":695,"column":24},"end":{"line":711,"column":null}}]},"103":{"loc":{"start":{"line":717,"column":13},"end":{"line":726,"column":null}},"type":"binary-expr","locations":[{"start":{"line":717,"column":13},"end":{"line":717,"column":26}},{"start":{"line":717,"column":31},"end":{"line":717,"column":48}},{"start":{"line":717,"column":52},"end":{"line":717,"column":72}},{"start":{"line":717,"column":77},"end":{"line":717,"column":85}},{"start":{"line":717,"column":89},"end":{"line":717,"column":96}},{"start":{"line":718,"column":16},"end":{"line":725,"column":null}}]},"104":{"loc":{"start":{"line":725,"column":21},"end":{"line":725,"column":71}},"type":"cond-expr","locations":[{"start":{"line":725,"column":31},"end":{"line":725,"column":43}},{"start":{"line":725,"column":46},"end":{"line":725,"column":71}}]},"105":{"loc":{"start":{"line":729,"column":13},"end":{"line":732,"column":null}},"type":"binary-expr","locations":[{"start":{"line":729,"column":13},"end":{"line":729,"column":36}},{"start":{"line":729,"column":40},"end":{"line":729,"column":48}},{"start":{"line":729,"column":52},"end":{"line":729,"column":59}},{"start":{"line":730,"column":16},"end":{"line":731,"column":null}}]}},"s":{"0":1,"1":1,"2":1,"3":1,"4":1,"5":1,"6":1,"7":1,"8":1,"9":1,"10":1,"11":1,"12":74,"13":74,"14":74,"15":74,"16":74,"17":74,"18":74,"19":74,"20":74,"21":74,"22":74,"23":74,"24":74,"25":74,"26":74,"27":74,"28":74,"29":74,"30":74,"31":11,"32":0,"33":11,"34":0,"35":11,"36":11,"37":11,"38":11,"39":11,"40":74,"41":32,"42":9,"43":9,"44":9,"45":0,"46":9,"47":2,"48":7,"49":74,"50":11,"51":11,"52":11,"53":11,"54":11,"55":11,"56":11,"57":74,"58":11,"59":11,"60":74,"61":11,"62":11,"63":11,"64":3,"65":3,"66":8,"67":8,"68":8,"69":8,"70":8,"71":8,"72":8,"73":8,"74":0,"75":0,"76":0,"77":0,"78":0,"79":0,"80":0,"81":0,"82":8,"83":11,"84":74,"85":32,"86":32,"87":32,"88":27,"89":5,"90":5,"91":5,"92":5,"93":5,"94":2,"95":1,"96":5,"97":3,"98":5,"99":3,"100":3,"101":3,"102":3,"103":3,"104":1,"105":1,"106":1,"107":1,"108":1,"109":1,"110":0,"111":3,"112":2,"113":2,"114":2,"115":2,"116":2,"117":1,"118":1,"119":2,"120":0,"121":3,"122":3,"123":3,"124":3,"125":3,"126":3,"127":3,"128":2,"129":2,"130":2,"131":2,"132":2,"133":2,"134":1,"135":2,"136":2,"137":0,"138":0,"139":0,"140":0,"141":0,"142":3,"143":3,"144":3,"145":3,"146":2,"147":2,"148":2,"149":2,"150":2,"151":2,"152":0,"153":32,"154":74,"155":2,"156":2,"157":2,"158":1,"159":1,"160":1,"161":1,"162":1,"163":1,"164":1,"165":1,"166":1,"167":1,"168":1,"169":1,"170":1,"171":1,"172":1,"173":1,"174":1,"175":1,"176":1,"177":1,"178":0,"179":1,"180":1,"181":1,"182":1,"183":0,"184":2,"185":2,"186":74,"187":32,"188":26,"189":26,"190":6,"191":5,"192":6,"193":0,"194":0,"195":6,"196":1,"197":1,"198":74,"199":32,"200":32,"201":32,"202":32,"203":26,"204":6,"205":6,"206":6,"207":6,"208":6,"209":6,"210":0,"211":0,"212":0,"213":6,"214":6,"215":6,"216":6,"217":6,"218":1,"219":1,"220":6,"221":6,"222":1,"223":1,"224":0,"225":0,"226":0,"227":0,"228":0,"229":0,"230":32,"231":32,"232":32,"233":74,"234":6,"235":6,"236":6,"237":6,"238":6,"239":6,"240":74,"241":36,"242":10,"243":26,"244":4,"245":74,"246":1,"247":1,"248":0,"249":1,"250":1,"251":1,"252":1,"253":1,"254":1,"255":1,"256":1,"257":1,"258":1,"259":1,"260":1,"261":1,"262":1,"263":1,"264":0,"265":1,"266":1,"267":1,"268":0,"269":1,"270":1,"271":1,"272":1,"273":1,"274":0,"275":1,"276":1,"277":1,"278":0,"279":1,"280":1,"281":1,"282":1,"283":1,"284":1,"285":1,"286":1,"287":1,"288":0,"289":1,"290":1,"291":1,"292":1,"293":0,"294":1,"295":1,"296":74,"297":2,"298":2,"299":0,"300":2,"301":2,"302":2,"303":2,"304":2,"305":2,"306":2,"307":2,"308":2,"309":1,"310":2,"311":2,"312":2,"313":2,"314":2,"315":2,"316":2,"317":2,"318":74,"319":1,"320":1,"321":0,"322":1,"323":1,"324":1,"325":1,"326":1,"327":1,"328":1,"329":1,"330":1,"331":1,"332":0,"333":1,"334":1,"335":1,"336":1,"337":1,"338":1,"339":0,"340":1,"341":1,"342":1,"343":0,"344":1,"345":1,"346":0,"347":0,"348":0,"349":0,"350":0,"351":0,"352":1,"353":1,"354":1,"355":1,"356":0,"357":1,"358":1,"359":1,"360":1,"361":74,"362":1,"363":1,"364":0,"365":1,"366":1,"367":1,"368":1,"369":1,"370":1,"371":1,"372":1,"373":1,"374":1,"375":1,"376":1,"377":0,"378":1,"379":74,"380":16,"381":58,"382":0,"383":58,"384":244,"385":109,"386":2,"387":2,"388":131,"389":1,"390":1,"391":1,"392":19,"393":19,"394":20,"395":1,"396":31,"397":1},"f":{"0":74,"1":11,"2":0,"3":0,"4":11,"5":32,"6":9,"7":11,"8":11,"9":11,"10":11,"11":11,"12":11,"13":11,"14":0,"15":0,"16":0,"17":32,"18":32,"19":32,"20":2,"21":1,"22":3,"23":1,"24":1,"25":1,"26":2,"27":2,"28":2,"29":2,"30":1,"31":1,"32":1,"33":1,"34":0,"35":32,"36":5,"37":32,"38":32,"39":32,"40":1,"41":1,"42":0,"43":0,"44":32,"45":6,"46":36,"47":4,"48":1,"49":1,"50":1,"51":1,"52":1,"53":2,"54":2,"55":1,"56":1,"57":0,"58":1,"59":1,"60":244,"61":109,"62":2,"63":131,"64":1,"65":19,"66":19,"67":20,"68":1,"69":31},"b":{"0":[74,15],"1":[0],"2":[9,0],"3":[2],"4":[9,9],"5":[11,0],"6":[3],"7":[11,8],"8":[8,0],"9":[0,0],"10":[27],"11":[32,26,26],"12":[5,3],"13":[3],"14":[0,3],"15":[3,3],"16":[0,3],"17":[3,3],"18":[3,3],"19":[0,3],"20":[3,3],"21":[1],"22":[1],"23":[2],"24":[2],"25":[3],"26":[3],"27":[2,0],"28":[0],"29":[3],"30":[3,3],"31":[3,0],"32":[2],"33":[1,1],"34":[1],"35":[1,1],"36":[1],"37":[1],"38":[26],"39":[0,6],"40":[6,1],"41":[1,5],"42":[6,6],"43":[1],"44":[26],"45":[32,7,6],"46":[0],"47":[6],"48":[6],"49":[1,1],"50":[1],"51":[0],"52":[0,0],"53":[10],"54":[36,28],"55":[0],"56":[1,1],"57":[0],"58":[0],"59":[0],"60":[0,1],"61":[1,0],"62":[0,1],"63":[1,1],"64":[1,1],"65":[1,0],"66":[0],"67":[0],"68":[2,2,2,2,2],"69":[2],"70":[2,2],"71":[2,1],"72":[1],"73":[2,0],"74":[0,2],"75":[2,2],"76":[1,1],"77":[0],"78":[1,1,1],"79":[0],"80":[0],"81":[0,0],"82":[1,1],"83":[0],"84":[1,1,1,1,0],"85":[0,0],"86":[16],"87":[74,19,16],"88":[0],"89":[58,43,15],"90":[15,0],"91":[43,15],"92":[58,43],"93":[12,97],"94":[58,21],"95":[1,0],"96":[21,17],"97":[2,19],"98":[21,21],"99":[21,17],"100":[2,19],"101":[21,21],"102":[21,18],"103":[58,2,0,2,2,2],"104":[1,1],"105":[58,15,13,13]}}
,"/workspaces/redIT_Baumgartner_BildUpload/src/ui-components/UploadProgress.tsx": {"path":"/workspaces/redIT_Baumgartner_BildUpload/src/ui-components/UploadProgress.tsx","statementMap":{"0":{"start":{"line":1,"column":0},"end":{"line":1,"column":26}},"1":{"start":{"line":2,"column":0},"end":{"line":2,"column":64}},"2":{"start":{"line":11,"column":61},"end":{"line":22,"column":1}},"3":{"start":{"line":12,"column":4},"end":{"line":12,"column":32}},"4":{"start":{"line":12,"column":20},"end":{"line":12,"column":32}},"5":{"start":{"line":14,"column":4},"end":{"line":21,"column":6}},"6":{"start":{"line":11,"column":13},"end":{"line":11,"column":61}}},"fnMap":{"0":{"name":"(anonymous_0)","decl":{"start":{"line":11,"column":61},"end":{"line":11,"column":62}},"loc":{"start":{"line":11,"column":114},"end":{"line":22,"column":1}}}},"branchMap":{"0":{"loc":{"start":{"line":12,"column":4},"end":{"line":12,"column":32}},"type":"if","locations":[{"start":{"line":12,"column":4},"end":{"line":12,"column":32}}]}},"s":{"0":6,"1":6,"2":6,"3":43,"4":37,"5":6,"6":6},"f":{"0":43},"b":{"0":[37]}}
,"/workspaces/redIT_Baumgartner_BildUpload/src/ui-components/WelcomeName.tsx": {"path":"/workspaces/redIT_Baumgartner_BildUpload/src/ui-components/WelcomeName.tsx","statementMap":{"0":{"start":{"line":1,"column":0},"end":{"line":1,"column":44}},"1":{"start":{"line":2,"column":0},"end":{"line":2,"column":56}},"2":{"start":{"line":3,"column":0},"end":{"line":3,"column":50}},"3":{"start":{"line":5,"column":20},"end":{"line":23,"column":1}},"4":{"start":{"line":6,"column":25},"end":{"line":6,"column":34}},"5":{"start":{"line":7,"column":20},"end":{"line":7,"column":49}},"6":{"start":{"line":8,"column":28},"end":{"line":8,"column":40}},"7":{"start":{"line":10,"column":4},"end":{"line":16,"column":18}},"8":{"start":{"line":11,"column":8},"end":{"line":15,"column":null}},"9":{"start":{"line":12,"column":12},"end":{"line":12,"column":48}},"10":{"start":{"line":14,"column":12},"end":{"line":14,"column":24}},"11":{"start":{"line":18,"column":4},"end":{"line":22,"column":null}},"12":{"start":{"line":19,"column":8},"end":{"line":19,"column":71}},"13":{"start":{"line":21,"column":8},"end":{"line":21,"column":20}},"14":{"start":{"line":25,"column":0},"end":{"line":25,"column":27}}},"fnMap":{"0":{"name":"(anonymous_0)","decl":{"start":{"line":5,"column":20},"end":{"line":5,"column":23}},"loc":{"start":{"line":5,"column":25},"end":{"line":23,"column":1}}},"1":{"name":"(anonymous_1)","decl":{"start":{"line":10,"column":14},"end":{"line":10,"column":17}},"loc":{"start":{"line":10,"column":19},"end":{"line":16,"column":5}}}},"branchMap":{"0":{"loc":{"start":{"line":7,"column":31},"end":{"line":7,"column":48}},"type":"binary-expr","locations":[{"start":{"line":7,"column":31},"end":{"line":7,"column":42}},{"start":{"line":7,"column":46},"end":{"line":7,"column":48}}]},"1":{"loc":{"start":{"line":11,"column":8},"end":{"line":15,"column":null}},"type":"if","locations":[{"start":{"line":11,"column":8},"end":{"line":15,"column":null}},{"start":{"line":13,"column":15},"end":{"line":15,"column":null}}]},"2":{"loc":{"start":{"line":11,"column":12},"end":{"line":11,"column":35}},"type":"binary-expr","locations":[{"start":{"line":11,"column":12},"end":{"line":11,"column":19}},{"start":{"line":11,"column":23},"end":{"line":11,"column":35}}]},"3":{"loc":{"start":{"line":18,"column":4},"end":{"line":22,"column":null}},"type":"if","locations":[{"start":{"line":18,"column":4},"end":{"line":22,"column":null}},{"start":{"line":20,"column":11},"end":{"line":22,"column":null}}]}},"s":{"0":1,"1":1,"2":1,"3":1,"4":3,"5":3,"6":3,"7":3,"8":2,"9":1,"10":1,"11":3,"12":1,"13":2,"14":1},"f":{"0":3,"1":2},"b":{"0":[3,1],"1":[1,1],"2":[2,1],"3":[1,2]}}
,"/workspaces/redIT_Baumgartner_BildUpload/src/utils/Logger.ts": {"path":"/workspaces/redIT_Baumgartner_BildUpload/src/utils/Logger.ts","statementMap":{"0":{"start":{"line":12,"column":20},"end":{"line":12,"column":131}},"1":{"start":{"line":13,"column":20},"end":{"line":13,"column":58}},"2":{"start":{"line":15,"column":31},"end":{"line":56,"column":2}},"3":{"start":{"line":15,"column":78},"end":{"line":56,"column":2}},"4":{"start":{"line":17,"column":16},"end":{"line":17,"column":26}},"5":{"start":{"line":19,"column":22},"end":{"line":19,"column":81}},"6":{"start":{"line":21,"column":28},"end":{"line":21,"column":82}},"7":{"start":{"line":23,"column":17},"end":{"line":34,"column":6}},"8":{"start":{"line":36,"column":4},"end":{"line":55,"column":null}},"9":{"start":{"line":37,"column":25},"end":{"line":44,"column":10}},"10":{"start":{"line":46,"column":8},"end":{"line":51,"column":null}},"11":{"start":{"line":47,"column":28},"end":{"line":47,"column":49}},"12":{"start":{"line":48,"column":12},"end":{"line":48,"column":83}},"13":{"start":{"line":50,"column":12},"end":{"line":50,"column":59}},"14":{"start":{"line":54,"column":8},"end":{"line":54,"column":59}},"15":{"start":{"line":15,"column":13},"end":{"line":15,"column":31}}},"fnMap":{"0":{"name":"(anonymous_0)","decl":{"start":{"line":15,"column":31},"end":{"line":15,"column":38}},"loc":{"start":{"line":15,"column":78},"end":{"line":56,"column":2}}},"1":{"name":"(anonymous_1)","decl":{"start":{"line":15,"column":78},"end":{"line":15,"column":null}},"loc":{"start":{"line":15,"column":78},"end":{"line":56,"column":1}}}},"branchMap":{"0":{"loc":{"start":{"line":32,"column":26},"end":{"line":32,"column":50}},"type":"binary-expr","locations":[{"start":{"line":32,"column":26},"end":{"line":32,"column":44}},{"start":{"line":32,"column":48},"end":{"line":32,"column":50}}]},"1":{"loc":{"start":{"line":46,"column":8},"end":{"line":51,"column":null}},"type":"if","locations":[{"start":{"line":46,"column":8},"end":{"line":51,"column":null}},{"start":{"line":49,"column":15},"end":{"line":51,"column":null}}]}},"s":{"0":6,"1":6,"2":6,"3":5,"4":5,"5":5,"6":5,"7":5,"8":5,"9":5,"10":5,"11":1,"12":1,"13":4,"14":0,"15":6},"f":{"0":5,"1":5},"b":{"0":[5,5],"1":[1,4]}}
,"/workspaces/redIT_Baumgartner_BildUpload/src/utils/MsGraphApiCall.ts": {"path":"/workspaces/redIT_Baumgartner_BildUpload/src/utils/MsGraphApiCall.ts","statementMap":{"0":{"start":{"line":1,"column":0},"end":{"line":1,"column":58}},"1":{"start":{"line":2,"column":0},"end":{"line":2,"column":40}},"2":{"start":{"line":5,"column":20},"end":{"line":5,"column":51}},"3":{"start":{"line":6,"column":4},"end":{"line":8,"column":null}},"4":{"start":{"line":7,"column":8},"end":{"line":7,"column":113}},"5":{"start":{"line":10,"column":21},"end":{"line":12,"column":null}},"6":{"start":{"line":15,"column":20},"end":{"line":15,"column":33}},"7":{"start":{"line":16,"column":19},"end":{"line":16,"column":51}},"8":{"start":{"line":18,"column":4},"end":{"line":18,"column":44}},"9":{"start":{"line":20,"column":20},"end":{"line":23,"column":6}},"10":{"start":{"line":25,"column":4},"end":{"line":27,"column":44}},"11":{"start":{"line":26,"column":26},"end":{"line":26,"column":41}},"12":{"start":{"line":27,"column":24},"end":{"line":27,"column":42}},"13":{"start":{"line":4,"column":0},"end":{"line":4,"column":22}}},"fnMap":{"0":{"name":"callMsGraph","decl":{"start":{"line":4,"column":22},"end":{"line":4,"column":33}},"loc":{"start":{"line":4,"column":33},"end":{"line":28,"column":null}}},"1":{"name":"(anonymous_2)","decl":{"start":{"line":26,"column":14},"end":{"line":26,"column":22}},"loc":{"start":{"line":26,"column":26},"end":{"line":26,"column":41}}},"2":{"name":"(anonymous_3)","decl":{"start":{"line":27,"column":15},"end":{"line":27,"column":20}},"loc":{"start":{"line":27,"column":24},"end":{"line":27,"column":42}}}},"branchMap":{"0":{"loc":{"start":{"line":6,"column":4},"end":{"line":8,"column":null}},"type":"if","locations":[{"start":{"line":6,"column":4},"end":{"line":8,"column":null}}]}},"s":{"0":2,"1":2,"2":2,"3":2,"4":1,"5":1,"6":1,"7":1,"8":1,"9":1,"10":1,"11":1,"12":0,"13":2},"f":{"0":2,"1":1,"2":0},"b":{"0":[1]}}
,"/workspaces/redIT_Baumgartner_BildUpload/src/utils/NavigationClient.ts": {"path":"/workspaces/redIT_Baumgartner_BildUpload/src/utils/NavigationClient.ts","statementMap":{"0":{"start":{"line":1,"column":0},"end":{"line":1,"column":74}},"1":{"start":{"line":11,"column":8},"end":{"line":11,"column":16}},"2":{"start":{"line":12,"column":8},"end":{"line":12,"column":33}},"3":{"start":{"line":22,"column":29},"end":{"line":22,"column":68}},"4":{"start":{"line":23,"column":8},"end":{"line":27,"column":null}},"5":{"start":{"line":24,"column":12},"end":{"line":24,"column":59}},"6":{"start":{"line":26,"column":12},"end":{"line":26,"column":40}},"7":{"start":{"line":29,"column":8},"end":{"line":29,"column":21}},"8":{"start":{"line":7,"column":0},"end":{"line":7,"column":13}}},"fnMap":{"0":{"name":"(anonymous_0)","decl":{"start":{"line":10,"column":4},"end":{"line":10,"column":16}},"loc":{"start":{"line":10,"column":42},"end":{"line":13,"column":5}}},"1":{"name":"(anonymous_1)","decl":{"start":{"line":21,"column":10},"end":{"line":21,"column":26}},"loc":{"start":{"line":21,"column":66},"end":{"line":30,"column":null}}}},"branchMap":{"0":{"loc":{"start":{"line":23,"column":8},"end":{"line":27,"column":null}},"type":"if","locations":[{"start":{"line":23,"column":8},"end":{"line":27,"column":null}},{"start":{"line":25,"column":15},"end":{"line":27,"column":null}}]}},"s":{"0":2,"1":3,"2":3,"3":2,"4":2,"5":1,"6":1,"7":2,"8":2},"f":{"0":3,"1":2},"b":{"0":[1,1]}}
}
