TN:
SF:src/App.tsx
FN:21,App
FNF:1
FNH:1
FNDA:1,App
DA:1,1
DA:3,1
DA:4,1
DA:7,1
DA:9,1
DA:12,1
DA:13,1
DA:14,1
DA:15,1
DA:22,1
DA:24,1
DA:25,1
DA:26,1
DA:28,1
DA:54,1
LF:15
LH:15
BRF:0
BRH:0
end_of_record
TN:
SF:src/authConfig.ts
FN:3,(anonymous_0)
FNF:1
FNH:1
FNDA:24,(anonymous_0)
DA:3,12
DA:4,24
DA:5,0
DA:8,24
DA:9,24
DA:10,24
DA:13,0
DA:14,0
DA:17,0
DA:21,12
DA:38,12
DA:43,12
LF:12
LH:8
BRDA:4,0,0,0
BRDA:9,1,0,24
BRDA:13,2,0,0
BRF:3
BRH:1
end_of_record
TN:
SF:src/db.ts
FN:52,(anonymous_0)
FNF:1
FNH:1
FNDA:2,(anonymous_0)
DA:1,1
DA:46,1
DA:53,2
DA:56,2
DA:64,2
DA:71,2
DA:78,2
DA:87,1
LF:8
LH:8
BRF:0
BRH:0
end_of_record
TN:
SF:src/graph.tsx
FN:5,callMsGraph
FN:17,(anonymous_2)
FN:18,(anonymous_3)
FN:21,(anonymous_4)
FNF:4
FNH:3
FNDA:2,callMsGraph
FNDA:1,(anonymous_2)
FNDA:1,(anonymous_3)
FNDA:0,(anonymous_4)
DA:1,1
DA:2,1
DA:3,1
DA:5,1
DA:6,2
DA:7,2
DA:9,2
DA:11,2
DA:16,2
DA:17,1
DA:18,1
DA:21,1
DA:22,0
DA:23,0
LF:14
LH:12
BRF:0
BRH:0
end_of_record
TN:
SF:src/i18n/i18n.ts
FNF:0
FNH:0
DA:1,3
DA:2,3
DA:3,3
DA:4,3
DA:7,3
DA:8,3
DA:9,3
DA:10,3
DA:16,3
DA:30,3
LF:10
LH:10
BRDA:9,0,0,3
BRDA:9,1,0,3
BRDA:9,1,1,3
BRDA:10,2,0,3
BRDA:10,2,1,3
BRF:5
BRH:5
end_of_record
TN:
SF:src/pages/ReportingDashboardPage.tsx
FN:8,(anonymous_0)
FNF:1
FNH:0
FNDA:0,(anonymous_0)
DA:1,1
DA:2,1
DA:3,1
DA:4,1
DA:5,1
DA:6,1
DA:8,1
DA:9,0
DA:10,0
DA:11,0
DA:13,0
DA:14,0
DA:21,0
DA:22,0
DA:25,0
DA:28,1
LF:16
LH:8
BRDA:10,0,0,0
BRDA:10,0,1,0
BRDA:13,1,0,0
BRDA:21,2,0,0
BRDA:21,3,0,0
BRDA:21,3,1,0
BRDA:21,4,0,0
BRDA:21,4,1,0
BRDA:21,5,0,0
BRDA:21,5,1,0
BRDA:21,6,0,0
BRDA:21,6,1,0
BRF:12
BRH:0
end_of_record
TN:
SF:src/pages/StatsPage.tsx
FN:94,parseUserFromTitle
FN:106,toDateKey
FN:113,buildEmployeeUsageSummary
FN:116,(anonymous_3)
FN:141,(anonymous_4)
FN:144,(anonymous_5)
FN:145,(anonymous_6)
FN:152,(anonymous_7)
FN:156,(anonymous_8)
FN:159,buildEmployeeTeamHistory
FN:160,(anonymous_10)
FN:164,(anonymous_11)
FN:186,(anonymous_12)
FN:189,buildDailyTeamPostChart
FN:192,(anonymous_14)
FN:194,(anonymous_15)
FN:200,(anonymous_16)
FN:201,(anonymous_17)
FN:207,(anonymous_18)
FN:222,(anonymous_19)
FN:223,(anonymous_20)
FN:225,(anonymous_21)
FN:235,buildDailyTeamPersonChart
FN:239,(anonymous_23)
FN:245,(anonymous_24)
FN:251,(anonymous_25)
FN:252,(anonymous_26)
FN:258,(anonymous_27)
FN:273,(anonymous_28)
FN:274,(anonymous_29)
FN:276,(anonymous_30)
FN:291,fetchAllLogItems
FN:310,(anonymous_33)
FN:324,parseLogtime
FN:333,toMonthKey
FN:341,(anonymous_36)
FN:352,(anonymous_37)
FN:360,(anonymous_38)
FN:360,(anonymous_39)
FN:373,(anonymous_40)
FN:384,(anonymous_41)
FN:395,(anonymous_42)
FN:400,(anonymous_43)
FN:401,(anonymous_44)
FN:401,(anonymous_45)
FN:402,(anonymous_46)
FN:405,(anonymous_47)
FN:408,(anonymous_48)
FN:410,(anonymous_49)
FN:412,(anonymous_50)
FN:415,(anonymous_51)
FN:421,(anonymous_52)
FN:423,(anonymous_53)
FN:432,(anonymous_54)
FN:433,(anonymous_55)
FN:441,(anonymous_56)
FN:444,(anonymous_57)
FN:452,(anonymous_58)
FN:452,(anonymous_59)
FN:456,(anonymous_60)
FN:460,(anonymous_61)
FN:464,(anonymous_62)
FN:468,(anonymous_63)
FN:470,(anonymous_64)
FN:471,(anonymous_65)
FN:475,(anonymous_66)
FN:483,(anonymous_67)
FN:483,(anonymous_68)
FN:488,(anonymous_69)
FN:490,(anonymous_70)
FN:492,(anonymous_71)
FN:494,(anonymous_72)
FN:496,(anonymous_73)
FN:497,(anonymous_74)
FN:498,(anonymous_75)
FN:570,(anonymous_76)
FN:601,(anonymous_77)
FN:619,(anonymous_78)
FN:625,(anonymous_79)
FN:632,(anonymous_80)
FN:647,(anonymous_81)
FN:653,(anonymous_82)
FN:660,(anonymous_83)
FN:683,(anonymous_84)
FN:694,(anonymous_85)
FN:733,(anonymous_86)
FN:735,(anonymous_87)
FN:757,(anonymous_88)
FN:787,(anonymous_89)
FN:821,(anonymous_90)
FN:857,(anonymous_91)
FNF:91
FNH:30
FNDA:24,parseUserFromTitle
FNDA:13,toDateKey
FNDA:1,buildEmployeeUsageSummary
FNDA:3,(anonymous_3)
FNDA:1,(anonymous_4)
FNDA:4,(anonymous_5)
FNDA:1,(anonymous_6)
FNDA:2,(anonymous_7)
FNDA:1,(anonymous_8)
FNDA:1,buildEmployeeTeamHistory
FNDA:3,(anonymous_10)
FNDA:2,(anonymous_11)
FNDA:1,(anonymous_12)
FNDA:2,buildDailyTeamPostChart
FNDA:9,(anonymous_14)
FNDA:8,(anonymous_15)
FNDA:5,(anonymous_16)
FNDA:7,(anonymous_17)
FNDA:8,(anonymous_18)
FNDA:1,(anonymous_19)
FNDA:3,(anonymous_20)
FNDA:6,(anonymous_21)
FNDA:1,buildDailyTeamPersonChart
FNDA:5,(anonymous_23)
FNDA:3,(anonymous_24)
FNDA:1,(anonymous_25)
FNDA:2,(anonymous_26)
FNDA:3,(anonymous_27)
FNDA:0,(anonymous_28)
FNDA:1,(anonymous_29)
FNDA:2,(anonymous_30)
FNDA:0,fetchAllLogItems
FNDA:0,(anonymous_33)
FNDA:0,parseLogtime
FNDA:0,toMonthKey
FNDA:0,(anonymous_36)
FNDA:0,(anonymous_37)
FNDA:0,(anonymous_38)
FNDA:0,(anonymous_39)
FNDA:0,(anonymous_40)
FNDA:0,(anonymous_41)
FNDA:0,(anonymous_42)
FNDA:0,(anonymous_43)
FNDA:0,(anonymous_44)
FNDA:0,(anonymous_45)
FNDA:0,(anonymous_46)
FNDA:0,(anonymous_47)
FNDA:0,(anonymous_48)
FNDA:0,(anonymous_49)
FNDA:0,(anonymous_50)
FNDA:0,(anonymous_51)
FNDA:0,(anonymous_52)
FNDA:0,(anonymous_53)
FNDA:0,(anonymous_54)
FNDA:0,(anonymous_55)
FNDA:0,(anonymous_56)
FNDA:0,(anonymous_57)
FNDA:0,(anonymous_58)
FNDA:0,(anonymous_59)
FNDA:0,(anonymous_60)
FNDA:0,(anonymous_61)
FNDA:0,(anonymous_62)
FNDA:0,(anonymous_63)
FNDA:0,(anonymous_64)
FNDA:0,(anonymous_65)
FNDA:0,(anonymous_66)
FNDA:0,(anonymous_67)
FNDA:0,(anonymous_68)
FNDA:0,(anonymous_69)
FNDA:0,(anonymous_70)
FNDA:0,(anonymous_71)
FNDA:0,(anonymous_72)
FNDA:0,(anonymous_73)
FNDA:0,(anonymous_74)
FNDA:0,(anonymous_75)
FNDA:0,(anonymous_76)
FNDA:0,(anonymous_77)
FNDA:0,(anonymous_78)
FNDA:0,(anonymous_79)
FNDA:0,(anonymous_80)
FNDA:0,(anonymous_81)
FNDA:0,(anonymous_82)
FNDA:0,(anonymous_83)
FNDA:0,(anonymous_84)
FNDA:0,(anonymous_85)
FNDA:0,(anonymous_86)
FNDA:0,(anonymous_87)
FNDA:0,(anonymous_88)
FNDA:0,(anonymous_89)
FNDA:0,(anonymous_90)
FNDA:0,(anonymous_91)
DA:1,2
DA:2,2
DA:7,2
DA:11,2
DA:12,2
DA:13,2
DA:92,2
DA:94,2
DA:95,24
DA:97,24
DA:98,24
DA:100,23
DA:101,23
DA:103,23
DA:107,13
DA:108,13
DA:109,13
DA:110,13
DA:113,2
DA:114,1
DA:116,1
DA:117,3
DA:118,3
DA:130,3
DA:131,3
DA:132,3
DA:134,3
DA:135,2
DA:137,1
DA:140,3
DA:141,3
DA:142,3
DA:143,3
DA:144,4
DA:145,1
DA:146,3
DA:148,3
DA:151,1
DA:152,2
DA:156,1
DA:159,2
DA:160,3
DA:162,1
DA:164,1
DA:165,2
DA:166,2
DA:167,2
DA:168,2
DA:178,2
DA:179,2
DA:180,2
DA:181,2
DA:182,2
DA:185,1
DA:186,1
DA:189,2
DA:190,2
DA:192,9
DA:193,2
DA:194,2
DA:195,8
DA:196,8
DA:199,2
DA:200,5
DA:201,7
DA:202,2
DA:203,2
DA:205,2
DA:207,2
DA:208,8
DA:209,8
DA:210,8
DA:212,8
DA:213,5
DA:215,3
DA:218,8
DA:221,2
DA:222,1
DA:224,3
DA:225,3
DA:226,6
DA:228,3
DA:229,2
DA:231,3
DA:235,2
DA:236,1
DA:238,1
DA:239,1
DA:240,5
DA:241,5
DA:244,1
DA:245,1
DA:246,3
DA:247,3
DA:250,1
DA:251,1
DA:252,2
DA:253,1
DA:254,1
DA:256,1
DA:258,1
DA:259,3
DA:260,3
DA:261,3
DA:263,3
DA:264,3
DA:266,0
DA:269,3
DA:272,1
DA:273,0
DA:275,1
DA:276,1
DA:277,2
DA:279,1
DA:280,0
DA:282,1
DA:292,0
DA:294,0
DA:296,0
DA:298,0
DA:299,0
DA:303,0
DA:304,0
DA:305,0
DA:308,0
DA:309,0
DA:310,0
DA:311,0
DA:315,0
DA:318,0
DA:325,0
DA:327,0
DA:334,0
DA:335,0
DA:336,0
DA:341,2
DA:342,0
DA:343,0
DA:344,0
DA:345,0
DA:346,0
DA:347,0
DA:348,0
DA:349,0
DA:350,0
DA:352,0
DA:353,0
DA:354,0
DA:355,0
DA:358,0
DA:360,0
DA:361,0
DA:363,0
DA:364,0
DA:368,0
DA:370,0
DA:371,0
DA:373,0
DA:384,0
DA:385,0
DA:387,0
DA:388,0
DA:391,0
DA:395,0
DA:400,0
DA:401,0
DA:402,0
DA:403,0
DA:405,0
DA:408,0
DA:410,0
DA:411,0
DA:412,0
DA:414,0
DA:415,0
DA:417,0
DA:421,0
DA:422,0
DA:423,0
DA:424,0
DA:425,0
DA:426,0
DA:427,0
DA:428,0
DA:431,0
DA:432,0
DA:433,0
DA:441,0
DA:442,0
DA:443,0
DA:444,0
DA:445,0
DA:446,0
DA:451,0
DA:452,0
DA:455,0
DA:456,0
DA:459,0
DA:460,0
DA:463,0
DA:464,0
DA:467,0
DA:468,0
DA:469,0
DA:470,0
DA:471,0
DA:472,0
DA:475,0
DA:477,0
DA:478,0
DA:481,0
DA:482,0
DA:483,0
DA:488,0
DA:490,0
DA:491,0
DA:492,0
DA:493,0
DA:494,0
DA:496,0
DA:497,0
DA:498,0
DA:499,0
DA:500,0
DA:508,0
DA:509,0
DA:518,0
DA:519,0
DA:527,0
DA:528,0
DA:535,0
DA:536,0
DA:543,0
DA:570,0
DA:602,0
DA:603,0
DA:604,0
DA:605,0
DA:620,0
DA:621,0
DA:622,0
DA:626,0
DA:627,0
DA:628,0
DA:629,0
DA:630,0
DA:633,0
DA:648,0
DA:649,0
DA:650,0
DA:654,0
DA:655,0
DA:656,0
DA:657,0
DA:658,0
DA:661,0
DA:684,0
DA:695,0
DA:733,0
DA:736,0
DA:758,0
DA:788,0
DA:822,0
DA:858,0
DA:883,2
LF:265
LH:115
BRDA:95,0,0,0
BRDA:97,1,0,23
BRDA:97,1,1,1
BRDA:97,2,0,24
BRDA:97,2,1,23
BRDA:98,3,0,1
BRDA:100,4,0,0
BRDA:100,4,1,23
BRDA:100,5,0,23
BRDA:100,5,1,23
BRDA:101,6,0,0
BRDA:118,7,0,1
BRDA:118,7,1,2
BRDA:118,8,0,3
BRDA:118,8,1,3
BRDA:132,9,0,0
BRDA:132,9,1,3
BRDA:132,10,0,3
BRDA:132,10,1,1
BRDA:134,11,0,2
BRDA:134,11,1,1
BRDA:140,12,0,3
BRDA:140,12,1,0
BRDA:140,13,0,3
BRDA:140,13,1,0
BRDA:140,14,0,3
BRDA:140,14,1,3
BRDA:142,15,0,0
BRDA:142,15,1,3
BRDA:142,16,0,3
BRDA:142,16,1,3
BRDA:145,17,0,1
BRDA:145,17,1,1
BRDA:146,18,0,3
BRDA:146,18,1,0
BRDA:146,19,0,3
BRDA:146,19,1,3
BRDA:146,20,0,0
BRDA:146,20,1,3
BRDA:146,21,0,3
BRDA:146,21,1,3
BRDA:154,22,0,0
BRDA:154,22,1,2
BRDA:156,23,0,1
BRDA:156,23,1,0
BRDA:166,24,0,2
BRDA:166,24,1,0
BRDA:166,25,0,2
BRDA:166,25,1,0
BRDA:166,26,0,2
BRDA:166,26,1,2
BRDA:168,27,0,0
BRDA:168,27,1,2
BRDA:168,28,0,2
BRDA:168,28,1,2
BRDA:180,29,0,0
BRDA:180,29,1,2
BRDA:180,30,0,2
BRDA:180,30,1,2
BRDA:181,31,0,0
BRDA:181,31,1,2
BRDA:189,32,0,1
BRDA:190,33,0,0
BRDA:195,34,0,8
BRDA:195,34,1,0
BRDA:195,35,0,8
BRDA:195,35,1,0
BRDA:195,36,0,8
BRDA:195,36,1,8
BRDA:196,37,0,1
BRDA:196,37,1,7
BRDA:196,38,0,8
BRDA:196,38,1,8
BRDA:200,39,0,5
BRDA:200,39,1,4
BRDA:209,40,0,8
BRDA:209,40,1,0
BRDA:209,41,0,8
BRDA:209,41,1,0
BRDA:209,42,0,8
BRDA:209,42,1,8
BRDA:210,43,0,5
BRDA:210,43,1,3
BRDA:210,44,0,8
BRDA:210,44,1,8
BRDA:212,45,0,5
BRDA:212,45,1,3
BRDA:213,46,0,1
BRDA:213,46,1,4
BRDA:213,47,0,5
BRDA:213,47,1,5
BRDA:215,48,0,1
BRDA:215,48,1,2
BRDA:215,49,0,3
BRDA:215,49,1,3
BRDA:226,50,0,4
BRDA:226,50,1,2
BRDA:226,51,0,6
BRDA:226,51,1,6
BRDA:228,52,0,2
BRDA:229,53,0,2
BRDA:229,53,1,0
BRDA:229,54,0,2
BRDA:229,54,1,2
BRDA:235,55,0,1
BRDA:236,56,0,0
BRDA:240,57,0,5
BRDA:240,57,1,0
BRDA:240,58,0,5
BRDA:240,58,1,0
BRDA:240,59,0,5
BRDA:240,59,1,5
BRDA:247,60,0,1
BRDA:247,60,1,2
BRDA:247,61,0,3
BRDA:247,61,1,3
BRDA:251,62,0,1
BRDA:251,62,1,0
BRDA:261,63,0,2
BRDA:261,63,1,1
BRDA:261,64,0,3
BRDA:261,64,1,3
BRDA:263,65,0,3
BRDA:263,65,1,0
BRDA:264,66,0,1
BRDA:264,66,1,2
BRDA:264,67,0,3
BRDA:264,67,1,3
BRDA:266,68,0,0
BRDA:266,68,1,0
BRDA:266,69,0,0
BRDA:266,69,1,0
BRDA:277,70,0,2
BRDA:277,70,1,0
BRDA:277,71,0,2
BRDA:277,71,1,2
BRDA:279,72,0,0
BRDA:280,73,0,0
BRDA:280,73,1,0
BRDA:280,74,0,0
BRDA:280,74,1,0
BRDA:303,75,0,0
BRDA:309,76,0,0
BRDA:309,76,1,0
BRDA:309,77,0,0
BRDA:309,77,1,0
BRDA:311,78,0,0
BRDA:315,79,0,0
BRDA:315,79,1,0
BRDA:315,80,0,0
BRDA:315,80,1,0
BRDA:325,81,0,0
BRDA:353,82,0,0
BRDA:353,83,0,0
BRDA:353,83,1,0
BRDA:371,84,0,0
BRDA:374,85,0,0
BRDA:374,85,1,0
BRDA:374,86,0,0
BRDA:374,86,1,0
BRDA:376,87,0,0
BRDA:376,87,1,0
BRDA:376,88,0,0
BRDA:376,88,1,0
BRDA:377,89,0,0
BRDA:377,89,1,0
BRDA:377,90,0,0
BRDA:377,90,1,0
BRDA:378,91,0,0
BRDA:378,91,1,0
BRDA:379,92,0,0
BRDA:379,92,1,0
BRDA:379,93,0,0
BRDA:379,93,1,0
BRDA:380,94,0,0
BRDA:380,94,1,0
BRDA:380,95,0,0
BRDA:380,95,1,0
BRDA:387,96,0,0
BRDA:388,97,0,0
BRDA:388,97,1,0
BRDA:391,98,0,0
BRDA:405,99,0,0
BRDA:405,99,1,0
BRDA:405,100,0,0
BRDA:405,100,1,0
BRDA:405,101,0,0
BRDA:405,101,1,0
BRDA:411,102,0,0
BRDA:414,103,0,0
BRDA:415,104,0,0
BRDA:415,104,1,0
BRDA:415,105,0,0
BRDA:415,105,1,0
BRDA:415,106,0,0
BRDA:415,106,1,0
BRDA:425,107,0,0
BRDA:425,107,1,0
BRDA:425,108,0,0
BRDA:425,108,1,0
BRDA:443,109,0,0
BRDA:452,110,0,0
BRDA:452,110,1,0
BRDA:452,111,0,0
BRDA:452,111,1,0
BRDA:456,112,0,0
BRDA:456,112,1,0
BRDA:460,113,0,0
BRDA:460,113,1,0
BRDA:464,114,0,0
BRDA:464,114,1,0
BRDA:467,115,0,0
BRDA:467,115,1,0
BRDA:472,116,0,0
BRDA:477,117,0,0
BRDA:477,117,1,0
BRDA:478,118,0,0
BRDA:478,118,1,0
BRDA:492,119,0,0
BRDA:492,119,1,0
BRDA:493,120,0,0
BRDA:496,121,0,0
BRDA:496,121,1,0
BRDA:496,122,0,0
BRDA:496,122,1,0
BRDA:496,123,0,0
BRDA:496,123,1,0
BRDA:499,124,0,0
BRDA:499,124,1,0
BRDA:499,125,0,0
BRDA:499,125,1,0
BRDA:499,126,0,0
BRDA:499,126,1,0
BRDA:499,127,0,0
BRDA:499,127,1,0
BRDA:500,128,0,0
BRDA:500,128,1,0
BRDA:502,129,0,0
BRDA:502,129,1,0
BRDA:508,130,0,0
BRDA:518,131,0,0
BRDA:527,132,0,0
BRDA:535,133,0,0
BRDA:548,134,0,0
BRDA:548,134,1,0
BRDA:550,135,0,0
BRDA:550,135,1,0
BRDA:570,136,0,0
BRDA:570,136,1,0
BRDA:570,137,0,0
BRDA:570,137,1,0
BRDA:570,138,0,0
BRDA:570,138,1,0
BRDA:570,139,0,0
BRDA:570,139,1,0
BRDA:580,140,0,0
BRDA:580,140,1,0
BRDA:580,141,0,0
BRDA:580,141,1,0
BRDA:580,142,0,0
BRDA:580,142,1,0
BRDA:580,143,0,0
BRDA:580,143,1,0
BRDA:581,144,0,0
BRDA:581,144,1,0
BRDA:581,145,0,0
BRDA:581,145,1,0
BRDA:581,146,0,0
BRDA:581,146,1,0
BRDA:581,147,0,0
BRDA:581,147,1,0
BRDA:581,148,0,0
BRDA:581,148,1,0
BRDA:581,149,0,0
BRDA:581,149,1,0
BRDA:581,150,0,0
BRDA:581,150,1,0
BRDA:581,151,0,0
BRDA:581,151,1,0
BRDA:617,152,0,0
BRDA:617,152,1,0
BRDA:621,153,0,0
BRDA:626,154,0,0
BRDA:626,154,1,0
BRDA:626,155,0,0
BRDA:626,155,1,0
BRDA:626,156,0,0
BRDA:626,156,1,0
BRDA:645,157,0,0
BRDA:645,157,1,0
BRDA:649,158,0,0
BRDA:654,159,0,0
BRDA:654,159,1,0
BRDA:654,160,0,0
BRDA:654,160,1,0
BRDA:654,161,0,0
BRDA:654,161,1,0
BRDA:674,162,0,0
BRDA:674,162,1,0
BRDA:674,162,2,0
BRDA:674,162,3,0
BRDA:797,163,0,0
BRDA:797,163,1,0
BRDA:806,164,0,0
BRDA:806,164,1,0
BRDA:831,165,0,0
BRDA:831,165,1,0
BRDA:870,166,0,0
BRDA:870,166,1,0
BRF:309
BRH:104
end_of_record
TN:
SF:src/styles/theme.ts
FNF:0
FNH:0
DA:1,1
DA:2,1
DA:5,1
LF:3
LH:3
BRF:0
BRH:0
end_of_record
TN:
SF:src/ui-components/ChannelsList.tsx
FN:36,(anonymous_0)
FN:52,(anonymous_1)
FN:52,(anonymous_2)
FN:53,(anonymous_3)
FN:53,(anonymous_4)
FN:55,(anonymous_5)
FN:65,(anonymous_6)
FN:66,(anonymous_7)
FN:67,(anonymous_8)
FN:70,(anonymous_9)
FN:76,(anonymous_10)
FN:77,(anonymous_11)
FN:77,(anonymous_12)
FN:89,(anonymous_13)
FN:143,(anonymous_14)
FN:150,(anonymous_15)
FN:154,(anonymous_16)
FN:159,(anonymous_17)
FN:173,(anonymous_18)
FN:181,(anonymous_19)
FNF:20
FNH:18
FNDA:17,(anonymous_0)
FNDA:7,(anonymous_1)
FNDA:2,(anonymous_2)
FNDA:7,(anonymous_3)
FNDA:1,(anonymous_4)
FNDA:7,(anonymous_5)
FNDA:6,(anonymous_6)
FNDA:0,(anonymous_7)
FNDA:0,(anonymous_8)
FNDA:6,(anonymous_9)
FNDA:6,(anonymous_10)
FNDA:6,(anonymous_11)
FNDA:6,(anonymous_12)
FNDA:2,(anonymous_13)
FNDA:15,(anonymous_14)
FNDA:3,(anonymous_15)
FNDA:5,(anonymous_16)
FNDA:2,(anonymous_17)
FNDA:12,(anonymous_18)
FNDA:2,(anonymous_19)
DA:1,1
DA:2,1
DA:3,1
DA:4,1
DA:5,1
DA:6,1
DA:8,1
DA:34,1
DA:36,1
DA:49,17
DA:50,17
DA:51,17
DA:52,17
DA:53,17
DA:54,17
DA:55,7
DA:58,17
DA:59,17
DA:60,17
DA:61,17
DA:62,17
DA:65,17
DA:66,6
DA:67,6
DA:68,6
DA:69,6
DA:70,6
DA:71,6
DA:72,6
DA:76,17
DA:77,6
DA:78,6
DA:79,6
DA:81,6
DA:82,1
DA:83,1
DA:84,1
DA:87,5
DA:89,5
DA:90,2
DA:91,1
DA:92,1
DA:93,1
DA:96,1
DA:97,1
DA:100,5
DA:101,5
DA:102,4
DA:104,4
DA:108,4
DA:109,2
DA:110,2
DA:112,2
DA:115,1
DA:116,1
DA:117,1
DA:118,1
DA:119,1
DA:123,1
DA:124,1
DA:125,1
DA:127,0
DA:130,0
DA:133,0
DA:136,5
DA:140,6
DA:143,17
DA:144,15
DA:145,7
DA:146,7
DA:147,7
DA:150,8
DA:151,3
DA:154,5
DA:155,5
DA:156,5
DA:159,17
DA:160,2
DA:161,2
DA:164,17
DA:165,12
DA:167,11
DA:174,12
DA:181,2
DA:212,1
LF:85
LH:82
BRDA:43,0,0,0
BRDA:45,1,0,0
BRDA:46,2,0,0
BRDA:47,3,0,0
BRDA:51,4,0,17
BRDA:51,4,1,3
BRDA:55,5,0,2
BRDA:55,5,1,5
BRDA:81,6,0,1
BRDA:81,7,0,6
BRDA:81,7,1,5
BRDA:90,8,0,1
BRDA:108,9,0,2
BRDA:108,9,1,2
BRDA:115,10,0,1
BRDA:115,10,1,0
BRDA:123,11,0,1
BRDA:123,11,1,0
BRDA:144,12,0,7
BRDA:150,13,0,3
BRDA:150,14,0,8
BRDA:150,14,1,3
BRDA:154,15,0,5
BRDA:154,15,1,3
BRDA:164,16,0,5
BRDA:164,17,0,17
BRDA:164,17,1,6
BRDA:164,17,2,5
BRDA:165,18,0,1
BRDA:170,19,0,8
BRDA:170,19,1,3
BRDA:170,20,0,11
BRDA:170,20,1,8
BRDA:178,21,0,5
BRDA:178,21,1,7
BRDA:178,22,0,6
BRDA:178,22,1,6
BRDA:178,23,0,12
BRDA:178,23,1,6
BRDA:196,24,0,11
BRDA:196,24,1,5
BRDA:205,25,0,5
BRDA:205,25,1,5
BRF:43
BRH:37
end_of_record
TN:
SF:src/ui-components/ErrorComponent.tsx
FN:5,(anonymous_0)
FNF:1
FNH:1
FNDA:2,(anonymous_0)
DA:1,1
DA:3,1
DA:5,1
DA:6,2
DA:7,2
LF:5
LH:5
BRDA:7,0,0,1
BRDA:7,0,1,1
BRF:2
BRH:2
end_of_record
TN:
SF:src/ui-components/ImageUpload.tsx
FN:62,(anonymous_0)
FN:87,(anonymous_1)
FN:87,(anonymous_2)
FN:95,(anonymous_3)
FN:99,(anonymous_4)
FN:115,(anonymous_5)
FN:119,(anonymous_6)
FN:121,(anonymous_7)
FN:137,(anonymous_8)
FN:145,(anonymous_9)
FN:150,(anonymous_10)
FN:152,(anonymous_11)
FN:163,(anonymous_12)
FN:176,(anonymous_13)
FN:181,(anonymous_14)
FN:186,(anonymous_15)
FN:210,(anonymous_16)
FN:215,(anonymous_17)
FN:251,(anonymous_18)
FN:257,(anonymous_19)
FN:337,(anonymous_20)
FN:343,(anonymous_21)
FN:391,(anonymous_22)
FN:392,(anonymous_23)
FN:394,(anonymous_24)
FN:417,(anonymous_25)
FN:420,(anonymous_26)
FN:434,(anonymous_27)
FN:434,(anonymous_28)
FN:440,(anonymous_29)
FN:441,(anonymous_30)
FN:447,(anonymous_31)
FN:448,(anonymous_32)
FN:454,(anonymous_33)
FN:454,(anonymous_34)
FN:462,(anonymous_35)
FN:494,(anonymous_36)
FN:495,(anonymous_37)
FN:495,(anonymous_38)
FN:538,(anonymous_39)
FN:555,(anonymous_40)
FN:558,(anonymous_41)
FN:559,(anonymous_42)
FN:572,(anonymous_43)
FN:574,(anonymous_44)
FN:574,(anonymous_45)
FN:575,(anonymous_46)
FN:576,(anonymous_47)
FN:584,(anonymous_48)
FN:588,(anonymous_49)
FN:589,(anonymous_50)
FN:589,(anonymous_51)
FN:592,(anonymous_52)
FN:600,(anonymous_53)
FN:600,(anonymous_54)
FN:677,(anonymous_55)
FN:742,(anonymous_56)
FN:742,(anonymous_57)
FN:748,(anonymous_58)
FN:792,(anonymous_59)
FN:798,(anonymous_60)
FN:842,(anonymous_61)
FN:873,(anonymous_62)
FN:905,(anonymous_63)
FN:928,(anonymous_64)
FN:929,(anonymous_65)
FNF:66
FNH:53
FNDA:14,(anonymous_0)
FNDA:12,(anonymous_1)
FNDA:12,(anonymous_2)
FNDA:12,(anonymous_3)
FNDA:12,(anonymous_4)
FNDA:3,(anonymous_5)
FNDA:24,(anonymous_6)
FNDA:19,(anonymous_7)
FNDA:25,(anonymous_8)
FNDA:25,(anonymous_9)
FNDA:11,(anonymous_10)
FNDA:14,(anonymous_11)
FNDA:0,(anonymous_12)
FNDA:31,(anonymous_13)
FNDA:26,(anonymous_14)
FNDA:26,(anonymous_15)
FNDA:11,(anonymous_16)
FNDA:11,(anonymous_17)
FNDA:7,(anonymous_18)
FNDA:7,(anonymous_19)
FNDA:16,(anonymous_20)
FNDA:16,(anonymous_21)
FNDA:0,(anonymous_22)
FNDA:0,(anonymous_23)
FNDA:0,(anonymous_24)
FNDA:0,(anonymous_25)
FNDA:0,(anonymous_26)
FNDA:4,(anonymous_27)
FNDA:4,(anonymous_28)
FNDA:4,(anonymous_29)
FNDA:4,(anonymous_30)
FNDA:1,(anonymous_31)
FNDA:1,(anonymous_32)
FNDA:8,(anonymous_33)
FNDA:8,(anonymous_34)
FNDA:60,(anonymous_35)
FNDA:11,(anonymous_36)
FNDA:11,(anonymous_37)
FNDA:11,(anonymous_38)
FNDA:1,(anonymous_39)
FNDA:9,(anonymous_40)
FNDA:9,(anonymous_41)
FNDA:9,(anonymous_42)
FNDA:8,(anonymous_43)
FNDA:8,(anonymous_44)
FNDA:8,(anonymous_45)
FNDA:8,(anonymous_46)
FNDA:8,(anonymous_47)
FNDA:0,(anonymous_48)
FNDA:1,(anonymous_49)
FNDA:1,(anonymous_50)
FNDA:1,(anonymous_51)
FNDA:0,(anonymous_52)
FNDA:5,(anonymous_53)
FNDA:5,(anonymous_54)
FNDA:4,(anonymous_55)
FNDA:7,(anonymous_56)
FNDA:7,(anonymous_57)
FNDA:0,(anonymous_58)
FNDA:0,(anonymous_59)
FNDA:5,(anonymous_60)
FNDA:28,(anonymous_61)
FNDA:1,(anonymous_62)
FNDA:0,(anonymous_63)
FNDA:0,(anonymous_64)
FNDA:0,(anonymous_65)
DA:1,5
DA:2,5
DA:3,5
DA:4,5
DA:5,5
DA:6,5
DA:8,5
DA:9,5
DA:11,5
DA:51,5
DA:73,14
DA:74,14
DA:75,14
DA:76,14
DA:77,14
DA:78,14
DA:79,14
DA:80,14
DA:81,14
DA:82,14
DA:83,14
DA:87,12
DA:88,12
DA:89,12
DA:91,6
DA:95,5
DA:99,12
DA:100,12
DA:101,12
DA:102,12
DA:115,5
DA:116,3
DA:119,24
DA:121,19
DA:123,5
DA:124,5
DA:134,5
DA:135,5
DA:137,5
DA:138,25
DA:139,25
DA:140,0
DA:142,25
DA:145,5
DA:146,25
DA:147,25
DA:150,11
DA:152,5
DA:153,14
DA:154,4
DA:156,10
DA:157,4
DA:159,6
DA:163,5
DA:164,0
DA:165,0
DA:166,0
DA:167,0
DA:168,0
DA:169,0
DA:170,0
DA:172,0
DA:176,5
DA:177,31
DA:181,5
DA:186,26
DA:187,26
DA:191,26
DA:192,13
DA:195,13
DA:196,7
DA:199,6
DA:210,5
DA:215,11
DA:216,11
DA:217,11
DA:219,11
DA:231,11
DA:232,5
DA:235,6
DA:236,2
DA:237,2
DA:240,4
DA:251,5
DA:257,7
DA:258,7
DA:261,7
DA:269,7
DA:270,1
DA:281,6
DA:282,6
DA:285,6
DA:286,6
DA:288,6
DA:289,26
DA:290,26
DA:292,26
DA:301,26
DA:302,1
DA:313,25
DA:317,5
DA:321,5
DA:322,0
DA:333,5
DA:334,5
DA:337,5
DA:343,16
DA:344,16
DA:353,16
DA:354,2
DA:355,2
DA:369,14
DA:373,14
DA:374,0
DA:385,14
DA:386,14
DA:391,5
DA:392,0
DA:393,0
DA:394,0
DA:395,0
DA:396,0
DA:399,0
DA:400,0
DA:401,0
DA:402,0
DA:403,0
DA:406,0
DA:407,0
DA:408,0
DA:412,0
DA:413,0
DA:414,0
DA:417,0
DA:418,0
DA:419,0
DA:420,0
DA:421,0
DA:422,0
DA:424,0
DA:428,0
DA:429,0
DA:434,5
DA:435,4
DA:436,4
DA:437,1
DA:440,4
DA:441,4
DA:444,3
DA:445,3
DA:446,1
DA:447,1
DA:448,1
DA:451,3
DA:454,8
DA:455,8
DA:456,2
DA:459,6
DA:462,5
DA:472,60
DA:473,60
DA:474,60
DA:475,60
DA:476,60
DA:477,60
DA:479,60
DA:480,60
DA:481,60
DA:482,60
DA:483,60
DA:486,60
DA:487,60
DA:488,60
DA:490,60
DA:491,60
DA:494,60
DA:495,11
DA:496,11
DA:500,11
DA:501,2
DA:502,1
DA:504,1
DA:506,2
DA:507,2
DA:510,9
DA:512,9
DA:514,9
DA:515,9
DA:516,9
DA:519,8
DA:522,8
DA:523,8
DA:524,8
DA:527,8
DA:530,8
DA:535,8
DA:536,5
DA:537,5
DA:538,5
DA:539,3
DA:541,3
DA:542,3
DA:545,1
DA:546,1
DA:548,9
DA:552,11
DA:555,60
DA:556,9
DA:557,9
DA:558,9
DA:559,9
DA:561,9
DA:562,1
DA:563,1
DA:564,1
DA:567,9
DA:568,1
DA:569,1
DA:572,8
DA:574,8
DA:575,8
DA:576,8
DA:578,8
DA:580,8
DA:584,60
DA:585,0
DA:588,60
DA:589,1
DA:592,60
DA:593,0
DA:594,0
DA:595,0
DA:596,0
DA:600,60
DA:601,5
DA:603,5
DA:604,5
DA:605,5
DA:609,5
DA:611,5
DA:612,5
DA:613,5
DA:616,5
DA:619,5
DA:620,5
DA:621,5
DA:624,5
DA:627,5
DA:628,0
DA:631,5
DA:638,5
DA:644,5
DA:645,2
DA:654,4
DA:655,4
DA:657,4
DA:658,1
DA:665,3
DA:672,4
DA:676,4
DA:677,4
DA:678,4
DA:695,0
DA:699,4
DA:701,4
DA:703,4
DA:704,4
DA:705,4
DA:708,1
DA:714,1
DA:717,1
DA:718,1
DA:719,1
DA:730,0
DA:732,1
DA:733,1
DA:734,1
DA:735,1
DA:738,5
DA:742,60
DA:743,7
DA:744,6
DA:745,1
DA:746,1
DA:747,1
DA:748,1
DA:749,0
DA:750,0
DA:753,1
DA:754,1
DA:756,0
DA:757,0
DA:758,0
DA:759,0
DA:761,1
DA:764,5
DA:767,1
DA:769,1
DA:771,1
DA:772,1
DA:773,1
DA:774,1
DA:775,1
DA:779,60
DA:792,0
DA:799,5
DA:843,28
DA:873,1
DA:905,0
DA:928,0
DA:929,0
DA:937,5
LF:312
LH:258
BRDA:139,0,0,0
BRDA:139,1,0,25
BRDA:139,1,1,25
BRDA:147,2,0,25
BRDA:147,2,1,15
BRDA:150,3,0,11
BRDA:150,3,1,5
BRDA:150,3,2,4
BRDA:153,4,0,4
BRDA:156,5,0,4
BRDA:185,6,0,9
BRDA:191,7,0,13
BRDA:195,8,0,7
BRDA:214,9,0,7
BRDA:231,10,0,5
BRDA:235,11,0,2
BRDA:236,12,0,2
BRDA:236,12,1,1
BRDA:256,13,0,6
BRDA:269,14,0,1
BRDA:301,15,0,1
BRDA:321,16,0,0
BRDA:342,17,0,5
BRDA:353,18,0,2
BRDA:373,19,0,0
BRDA:391,20,0,0
BRDA:391,21,0,0
BRDA:391,22,0,0
BRDA:400,23,0,0
BRDA:400,23,1,0
BRDA:401,24,0,0
BRDA:406,25,0,0
BRDA:418,26,0,0
BRDA:418,26,1,0
BRDA:436,27,0,1
BRDA:445,28,0,4
BRDA:445,28,1,1
BRDA:455,29,0,2
BRDA:469,30,0,0
BRDA:470,31,0,55
BRDA:474,32,0,60
BRDA:474,32,1,10
BRDA:500,33,0,2
BRDA:500,34,0,11
BRDA:500,34,1,9
BRDA:501,35,0,1
BRDA:501,35,1,1
BRDA:501,36,0,2
BRDA:501,36,1,2
BRDA:522,37,0,0
BRDA:535,38,0,5
BRDA:535,38,1,3
BRDA:537,39,0,2
BRDA:537,39,1,3
BRDA:539,40,0,3
BRDA:556,41,0,9
BRDA:556,42,0,9
BRDA:556,42,1,9
BRDA:558,43,0,9
BRDA:558,43,1,2
BRDA:561,44,0,1
BRDA:567,45,0,1
BRDA:585,46,0,0
BRDA:585,46,1,0
BRDA:585,47,0,0
BRDA:585,47,1,0
BRDA:595,48,0,0
BRDA:601,49,0,0
BRDA:601,50,0,5
BRDA:601,50,1,5
BRDA:605,51,0,0
BRDA:605,51,1,5
BRDA:605,52,0,5
BRDA:605,52,1,0
BRDA:619,53,0,0
BRDA:627,54,0,0
BRDA:644,55,0,2
BRDA:657,56,0,1
BRDA:657,56,1,3
BRDA:708,57,0,1
BRDA:714,58,0,0
BRDA:714,58,1,1
BRDA:717,59,0,1
BRDA:717,59,1,0
BRDA:718,60,0,1
BRDA:718,60,1,0
BRDA:743,61,0,6
BRDA:743,61,1,1
BRDA:743,62,0,7
BRDA:743,62,1,6
BRDA:744,63,0,1
BRDA:744,63,1,5
BRDA:767,64,0,1
BRDA:786,65,0,60
BRDA:786,65,1,5
BRDA:786,65,2,59
BRDA:787,66,0,59
BRDA:787,66,1,50
BRDA:787,66,2,45
BRDA:804,67,0,59
BRDA:804,67,1,54
BRDA:804,67,2,45
BRDA:806,68,0,45
BRDA:806,68,1,0
BRDA:827,69,0,28
BRDA:827,69,1,32
BRDA:829,70,0,60
BRDA:829,70,1,28
BRDA:839,71,0,60
BRDA:839,71,1,28
BRDA:846,72,0,14
BRDA:846,72,1,14
BRDA:922,73,0,60
BRDA:922,73,1,53
BRDA:922,73,2,48
BRDA:922,73,3,29
BRDA:922,73,4,28
BRDA:922,73,5,5
BRDA:922,73,6,0
BRDA:926,74,0,7
BRDA:926,74,1,53
BRDA:926,75,0,48
BRDA:926,75,1,5
BRF:123
BRH:94
end_of_record
TN:
SF:src/ui-components/Loading.tsx
FN:4,(anonymous_0)
FNF:1
FNH:1
FNDA:1,(anonymous_0)
DA:1,1
DA:2,1
DA:4,1
DA:5,1
DA:6,1
LF:5
LH:5
BRF:0
BRH:0
end_of_record
TN:
SF:src/ui-components/NavBar.tsx
FN:14,(anonymous_0)
FN:22,(anonymous_1)
FN:23,(anonymous_2)
FN:24,(anonymous_3)
FN:29,(anonymous_4)
FN:35,(anonymous_5)
FNF:6
FNH:6
FNDA:19,(anonymous_0)
FNDA:12,(anonymous_1)
FNDA:2,(anonymous_2)
FNDA:2,(anonymous_3)
FNDA:12,(anonymous_4)
FNDA:2,(anonymous_5)
DA:1,3
DA:2,3
DA:3,3
DA:4,3
DA:5,3
DA:6,3
DA:7,3
DA:8,3
DA:9,3
DA:10,3
DA:11,3
DA:12,3
DA:14,3
DA:15,19
DA:16,19
DA:17,19
DA:18,19
DA:19,19
DA:20,19
DA:22,19
DA:23,12
DA:24,12
DA:26,12
DA:27,12
DA:29,12
DA:30,12
DA:31,12
DA:35,19
DA:36,2
DA:37,2
DA:38,2
DA:42,19
DA:116,3
LF:33
LH:33
BRDA:17,0,0,19
BRDA:17,0,1,11
BRDA:20,1,0,19
BRDA:20,1,1,8
BRDA:20,2,0,8
BRDA:20,2,1,0
BRDA:20,3,0,8
BRDA:20,3,1,8
BRDA:20,4,0,8
BRDA:20,4,1,0
BRDA:20,5,0,8
BRDA:20,5,1,8
BRDA:36,6,0,2
BRDA:51,7,0,19
BRDA:51,7,1,7
BRDA:104,8,0,17
BRDA:104,8,1,2
BRDA:105,9,0,17
BRDA:105,9,1,2
BRF:19
BRH:17
end_of_record
TN:
SF:src/ui-components/PageLayout.tsx
FN:8,(anonymous_0)
FNF:1
FNH:1
FNDA:1,(anonymous_0)
DA:2,1
DA:8,1
DA:9,1
LF:3
LH:3
BRF:0
BRH:0
end_of_record
TN:
SF:src/ui-components/PostMessage.tsx
FN:15,(anonymous_0)
FN:23,(anonymous_1)
FN:33,(anonymous_2)
FN:81,(anonymous_3)
FN:81,(anonymous_4)
FN:88,(anonymous_5)
FN:90,(anonymous_6)
FN:97,(anonymous_7)
FN:98,(anonymous_8)
FN:100,(anonymous_9)
FN:125,(anonymous_10)
FN:128,(anonymous_11)
FN:146,(anonymous_12)
FN:147,(anonymous_13)
FN:161,(anonymous_14)
FN:165,(anonymous_15)
FN:172,(anonymous_16)
FN:188,(anonymous_17)
FN:209,(anonymous_18)
FN:233,(anonymous_19)
FN:277,(anonymous_20)
FN:291,(anonymous_21)
FN:314,(anonymous_22)
FN:331,(anonymous_23)
FN:377,(anonymous_24)
FN:378,(anonymous_25)
FN:383,(anonymous_26)
FN:385,(anonymous_27)
FN:394,(anonymous_28)
FN:396,(anonymous_29)
FN:398,(anonymous_30)
FN:410,(anonymous_31)
FN:416,(anonymous_32)
FN:438,(anonymous_33)
FNF:34
FNH:29
FNDA:20,(anonymous_0)
FNDA:4,(anonymous_1)
FNDA:1,(anonymous_2)
FNDA:0,(anonymous_3)
FNDA:0,(anonymous_4)
FNDA:0,(anonymous_5)
FNDA:0,(anonymous_6)
FNDA:16,(anonymous_7)
FNDA:16,(anonymous_8)
FNDA:15,(anonymous_9)
FNDA:15,(anonymous_10)
FNDA:14,(anonymous_11)
FNDA:48,(anonymous_12)
FNDA:15,(anonymous_13)
FNDA:3,(anonymous_14)
FNDA:1,(anonymous_15)
FNDA:1,(anonymous_16)
FNDA:1,(anonymous_17)
FNDA:1,(anonymous_18)
FNDA:0,(anonymous_19)
FNDA:28,(anonymous_20)
FNDA:15,(anonymous_21)
FNDA:36,(anonymous_22)
FNDA:32,(anonymous_23)
FNDA:32,(anonymous_24)
FNDA:28,(anonymous_25)
FNDA:14,(anonymous_26)
FNDA:23,(anonymous_27)
FNDA:23,(anonymous_28)
FNDA:6,(anonymous_29)
FNDA:5,(anonymous_30)
FNDA:5,(anonymous_31)
FNDA:20,(anonymous_32)
FNDA:3,(anonymous_33)
DA:2,2
DA:6,2
DA:15,20
DA:17,2
DA:21,2
DA:23,2
DA:24,4
DA:25,3
DA:26,3
DA:33,2
DA:34,1
DA:35,1
DA:36,1
DA:37,1
DA:38,1
DA:81,2
DA:82,0
DA:87,0
DA:88,0
DA:89,0
DA:90,0
DA:91,0
DA:92,0
DA:97,2
DA:98,16
DA:99,16
DA:100,16
DA:101,15
DA:102,15
DA:105,15
DA:106,15
DA:108,15
DA:109,2
DA:110,1
DA:111,1
DA:114,13
DA:115,1
DA:116,1
DA:120,15
DA:121,15
DA:122,15
DA:125,15
DA:126,15
DA:127,14
DA:128,14
DA:129,14
DA:131,14
DA:133,14
DA:134,14
DA:136,1
DA:140,16
DA:141,16
DA:146,2
DA:147,48
DA:148,15
DA:149,3
DA:150,5
DA:151,5
DA:152,2
DA:153,0
DA:154,0
DA:159,2
DA:161,2
DA:162,3
DA:165,2
DA:172,1
DA:173,1
DA:174,1
DA:175,1
DA:177,1
DA:181,1
DA:182,0
DA:183,0
DA:186,1
DA:187,1
DA:188,1
DA:190,1
DA:191,0
DA:194,1
DA:195,1
DA:207,1
DA:208,1
DA:209,1
DA:215,1
DA:216,1
DA:218,1
DA:219,1
DA:220,0
DA:225,0
DA:228,1
DA:229,1
DA:233,0
DA:239,1
DA:247,1
DA:248,1
DA:250,0
DA:254,1
DA:262,1
DA:271,1
DA:272,0
DA:273,0
DA:277,2
DA:278,28
DA:280,22
DA:281,22
DA:282,22
DA:283,0
DA:288,22
DA:291,2
DA:292,15
DA:293,15
DA:295,15
DA:296,21
DA:303,21
DA:304,1
DA:307,20
DA:308,20
DA:311,15
DA:314,2
DA:331,36
DA:332,32
DA:333,28
DA:334,28
DA:345,4
DA:346,4
DA:355,36
DA:359,36
DA:363,36
DA:377,32
DA:378,28
DA:383,14
DA:385,2
DA:394,23
DA:395,23
DA:396,23
DA:398,23
DA:410,23
DA:411,23
DA:412,23
DA:414,23
DA:415,14
DA:416,20
DA:422,14
DA:424,19
DA:425,4
DA:430,4
DA:433,15
DA:434,13
DA:438,3
DA:444,13
DA:452,13
DA:453,10
DA:455,3
DA:460,21
DA:468,21
DA:477,21
DA:478,2
DA:479,2
LF:158
LH:139
BRDA:24,0,0,1
BRDA:35,1,0,0
BRDA:36,2,0,0
BRDA:108,3,0,2
BRDA:108,3,1,13
BRDA:109,4,0,1
BRDA:114,5,0,1
BRDA:126,6,0,14
BRDA:126,6,1,1
BRDA:148,7,0,3
BRDA:148,7,1,5
BRDA:148,7,2,5
BRDA:148,7,3,2
BRDA:148,7,4,0
BRDA:148,7,5,0
BRDA:161,8,0,0
BRDA:162,9,0,3
BRDA:162,9,1,2
BRDA:162,9,2,2
BRDA:168,10,0,0
BRDA:169,11,0,0
BRDA:170,12,0,0
BRDA:173,13,0,1
BRDA:173,13,1,1
BRDA:173,14,0,1
BRDA:173,14,1,0
BRDA:173,15,0,1
BRDA:173,15,1,1
BRDA:174,16,0,1
BRDA:174,16,1,1
BRDA:174,17,0,1
BRDA:174,17,1,0
BRDA:174,18,0,1
BRDA:174,18,1,1
BRDA:175,19,0,1
BRDA:175,19,1,0
BRDA:175,20,0,1
BRDA:175,20,1,1
BRDA:181,21,0,0
BRDA:187,22,0,1
BRDA:187,22,1,0
BRDA:187,23,0,0
BRDA:187,23,1,1
BRDA:187,24,0,1
BRDA:187,24,1,1
BRDA:188,25,0,1
BRDA:188,25,1,0
BRDA:190,26,0,0
BRDA:190,27,0,0
BRDA:190,27,1,1
BRDA:190,28,0,1
BRDA:190,28,1,1
BRDA:211,29,0,1
BRDA:211,29,1,1
BRDA:211,29,2,0
BRDA:219,30,0,0
BRDA:235,31,0,1
BRDA:235,31,1,0
BRDA:247,32,0,1
BRDA:247,32,1,0
BRDA:271,33,0,0
BRDA:278,34,0,6
BRDA:278,35,0,28
BRDA:278,35,1,28
BRDA:282,36,0,0
BRDA:303,37,0,1
BRDA:331,38,0,27
BRDA:331,38,1,9
BRDA:332,39,0,28
BRDA:345,40,0,1
BRDA:345,40,1,3
BRDA:355,41,0,6
BRDA:355,41,1,30
BRDA:356,42,0,6
BRDA:356,42,1,0
BRDA:357,43,0,30
BRDA:357,43,1,4
BRDA:359,44,0,3
BRDA:359,44,1,33
BRDA:392,45,0,0
BRDA:395,46,0,23
BRDA:395,46,1,23
BRDA:395,47,0,23
BRDA:395,47,1,0
BRDA:395,48,0,23
BRDA:395,48,1,23
BRDA:396,49,0,6
BRDA:396,49,1,5
BRDA:414,50,0,14
BRDA:414,51,0,23
BRDA:414,51,1,22
BRDA:418,52,0,20
BRDA:418,52,1,20
BRDA:418,52,2,5
BRDA:424,53,0,4
BRDA:440,54,0,13
BRDA:440,54,1,0
BRDA:452,55,0,10
BRDA:452,55,1,3
BRDA:477,56,0,2
BRF:100
BRH:73
end_of_record
TN:
SF:src/ui-components/ProfileData.tsx
FN:21,(anonymous_0)
FN:34,(anonymous_1)
FN:45,(anonymous_2)
FN:56,(anonymous_3)
FN:67,(anonymous_4)
FN:78,(anonymous_5)
FNF:6
FNH:6
FNDA:1,(anonymous_0)
FNDA:1,(anonymous_1)
FNDA:1,(anonymous_2)
FNDA:1,(anonymous_3)
FNDA:1,(anonymous_4)
FNDA:1,(anonymous_5)
DA:1,1
DA:2,1
DA:3,1
DA:4,1
DA:5,1
DA:6,1
DA:7,1
DA:8,1
DA:9,1
DA:10,1
DA:11,1
DA:21,1
DA:22,1
DA:23,1
DA:34,1
DA:35,1
DA:45,1
DA:46,1
DA:56,1
DA:57,1
DA:67,1
DA:68,1
DA:78,1
DA:79,1
LF:24
LH:24
BRF:0
BRH:0
end_of_record
TN:
SF:src/ui-components/SignInButton.tsx
FN:6,(anonymous_0)
FN:10,(anonymous_1)
FNF:2
FNH:2
FNDA:2,(anonymous_0)
FNDA:1,(anonymous_1)
DA:1,1
DA:2,1
DA:3,1
DA:4,1
DA:6,1
DA:7,2
DA:8,2
DA:10,2
DA:11,1
DA:14,2
LF:10
LH:10
BRF:0
BRH:0
end_of_record
TN:
SF:src/ui-components/SignInSignOutButton.tsx
FN:6,(anonymous_0)
FNF:1
FNH:1
FNDA:3,(anonymous_0)
DA:1,1
DA:2,1
DA:3,1
DA:4,1
DA:6,1
DA:7,3
DA:8,3
DA:10,3
DA:11,1
DA:12,2
DA:14,1
DA:16,1
DA:20,1
LF:13
LH:13
BRDA:10,0,0,1
BRDA:10,0,1,2
BRDA:12,1,0,1
BRDA:12,1,1,1
BRDA:12,2,0,2
BRDA:12,2,1,1
BRF:6
BRH:6
end_of_record
TN:
SF:src/ui-components/SignOutButton.tsx
FN:5,(anonymous_0)
FN:8,(anonymous_1)
FNF:2
FNH:2
FNDA:2,(anonymous_0)
FNDA:1,(anonymous_1)
DA:1,1
DA:2,1
DA:3,1
DA:5,1
DA:6,2
DA:8,2
DA:9,1
DA:14,2
LF:8
LH:8
BRF:0
BRH:0
end_of_record
TN:
SF:src/ui-components/TeamsList.tsx
FN:14,(anonymous_0)
FN:46,(anonymous_1)
FN:53,(anonymous_2)
FN:58,(anonymous_3)
FN:58,(anonymous_4)
FN:61,(anonymous_5)
FN:66,(anonymous_6)
FN:112,(anonymous_7)
FN:119,(anonymous_8)
FN:120,(anonymous_9)
FN:121,(anonymous_10)
FN:124,(anonymous_11)
FN:131,(anonymous_12)
FN:132,(anonymous_13)
FN:142,(anonymous_14)
FN:143,(anonymous_15)
FN:143,(anonymous_16)
FN:153,(anonymous_17)
FN:154,(anonymous_18)
FN:154,(anonymous_19)
FN:162,(anonymous_20)
FN:171,(anonymous_21)
FN:176,(anonymous_22)
FN:177,(anonymous_23)
FN:177,(anonymous_24)
FN:210,(anonymous_25)
FN:211,(anonymous_26)
FN:220,(anonymous_27)
FN:224,(anonymous_28)
FN:224,(anonymous_29)
FN:239,(anonymous_30)
FN:240,(anonymous_31)
FN:240,(anonymous_32)
FN:247,(anonymous_33)
FN:247,(anonymous_34)
FN:248,(anonymous_35)
FN:281,(anonymous_36)
FN:282,(anonymous_37)
FN:320,(anonymous_38)
FN:350,(anonymous_39)
FN:351,(anonymous_40)
FN:368,(anonymous_41)
FN:369,(anonymous_42)
FN:369,(anonymous_43)
FN:409,(anonymous_44)
FN:410,(anonymous_45)
FN:443,(anonymous_46)
FN:476,(anonymous_47)
FN:476,(anonymous_48)
FN:485,(anonymous_49)
FN:506,(anonymous_50)
FN:507,(anonymous_51)
FN:521,(anonymous_52)
FN:521,(anonymous_53)
FN:530,(anonymous_54)
FN:537,(anonymous_55)
FN:541,(anonymous_56)
FN:556,(anonymous_57)
FN:559,(anonymous_58)
FN:559,(anonymous_59)
FN:588,(anonymous_60)
FN:589,(anonymous_61)
FN:604,(anonymous_62)
FN:604,(anonymous_63)
FN:616,(anonymous_64)
FN:619,(anonymous_65)
FN:630,(anonymous_66)
FN:634,(anonymous_67)
FN:635,(anonymous_68)
FN:646,(anonymous_69)
FN:646,(anonymous_70)
FN:662,(anonymous_71)
FN:786,(anonymous_72)
FN:787,(anonymous_73)
FN:820,(anonymous_74)
FN:849,(anonymous_75)
FN:849,(anonymous_76)
FN:893,(anonymous_77)
FN:893,(anonymous_78)
FN:907,(anonymous_79)
FN:1032,(anonymous_80)
FN:1035,(anonymous_81)
FN:1037,(anonymous_82)
FN:1043,(anonymous_83)
FN:1052,(anonymous_84)
FN:1061,(anonymous_85)
FN:1070,(anonymous_86)
FN:1072,(anonymous_87)
FN:1073,(anonymous_88)
FN:1074,(anonymous_89)
FN:1084,(anonymous_90)
FN:1086,(anonymous_91)
FN:1087,(anonymous_92)
FN:1090,(anonymous_93)
FN:1096,(anonymous_94)
FN:1111,(anonymous_95)
FN:1112,(anonymous_96)
FNF:97
FNH:80
FNDA:151,(anonymous_0)
FNDA:12,(anonymous_1)
FNDA:15,(anonymous_2)
FNDA:16,(anonymous_3)
FNDA:16,(anonymous_4)
FNDA:5,(anonymous_5)
FNDA:5,(anonymous_6)
FNDA:5,(anonymous_7)
FNDA:23,(anonymous_8)
FNDA:0,(anonymous_9)
FNDA:0,(anonymous_10)
FNDA:23,(anonymous_11)
FNDA:68,(anonymous_12)
FNDA:21,(anonymous_13)
FNDA:23,(anonymous_14)
FNDA:23,(anonymous_15)
FNDA:23,(anonymous_16)
FNDA:23,(anonymous_17)
FNDA:23,(anonymous_18)
FNDA:23,(anonymous_19)
FNDA:34,(anonymous_20)
FNDA:23,(anonymous_21)
FNDA:23,(anonymous_22)
FNDA:23,(anonymous_23)
FNDA:23,(anonymous_24)
FNDA:38,(anonymous_25)
FNDA:0,(anonymous_26)
FNDA:0,(anonymous_27)
FNDA:0,(anonymous_28)
FNDA:0,(anonymous_29)
FNDA:68,(anonymous_30)
FNDA:68,(anonymous_31)
FNDA:68,(anonymous_32)
FNDA:2,(anonymous_33)
FNDA:1,(anonymous_34)
FNDA:3,(anonymous_35)
FNDA:1,(anonymous_36)
FNDA:1,(anonymous_37)
FNDA:1,(anonymous_38)
FNDA:2,(anonymous_39)
FNDA:2,(anonymous_40)
FNDA:43,(anonymous_41)
FNDA:43,(anonymous_42)
FNDA:43,(anonymous_43)
FNDA:0,(anonymous_44)
FNDA:0,(anonymous_45)
FNDA:0,(anonymous_46)
FNDA:2,(anonymous_47)
FNDA:2,(anonymous_48)
FNDA:1,(anonymous_49)
FNDA:1,(anonymous_50)
FNDA:1,(anonymous_51)
FNDA:1,(anonymous_52)
FNDA:1,(anonymous_53)
FNDA:68,(anonymous_54)
FNDA:12,(anonymous_55)
FNDA:0,(anonymous_56)
FNDA:68,(anonymous_57)
FNDA:68,(anonymous_58)
FNDA:68,(anonymous_59)
FNDA:4,(anonymous_60)
FNDA:3,(anonymous_61)
FNDA:0,(anonymous_62)
FNDA:0,(anonymous_63)
FNDA:68,(anonymous_64)
FNDA:14,(anonymous_65)
FNDA:70,(anonymous_66)
FNDA:3,(anonymous_67)
FNDA:0,(anonymous_68)
FNDA:7,(anonymous_69)
FNDA:7,(anonymous_70)
FNDA:7,(anonymous_71)
FNDA:5,(anonymous_72)
FNDA:5,(anonymous_73)
FNDA:2,(anonymous_74)
FNDA:8,(anonymous_75)
FNDA:8,(anonymous_76)
FNDA:5,(anonymous_77)
FNDA:5,(anonymous_78)
FNDA:4,(anonymous_79)
FNDA:541,(anonymous_80)
FNDA:245,(anonymous_81)
FNDA:2,(anonymous_82)
FNDA:272,(anonymous_83)
FNDA:0,(anonymous_84)
FNDA:0,(anonymous_85)
FNDA:35,(anonymous_86)
FNDA:35,(anonymous_87)
FNDA:35,(anonymous_88)
FNDA:35,(anonymous_89)
FNDA:24,(anonymous_90)
FNDA:7,(anonymous_91)
FNDA:2,(anonymous_92)
FNDA:15,(anonymous_93)
FNDA:64,(anonymous_94)
FNDA:0,(anonymous_95)
FNDA:0,(anonymous_96)
DA:1,1
DA:2,1
DA:3,1
DA:4,1
DA:5,1
DA:6,1
DA:7,1
DA:8,1
DA:9,1
DA:10,1
DA:11,1
DA:12,1
DA:14,1
DA:15,151
DA:16,151
DA:17,151
DA:18,151
DA:19,151
DA:20,151
DA:21,151
DA:22,151
DA:23,151
DA:24,151
DA:25,151
DA:26,151
DA:27,151
DA:28,151
DA:29,151
DA:30,151
DA:31,151
DA:32,151
DA:33,151
DA:36,151
DA:37,151
DA:40,151
DA:41,151
DA:44,151
DA:46,151
DA:47,12
DA:48,0
DA:50,12
DA:53,151
DA:54,15
DA:55,15
DA:58,151
DA:59,16
DA:61,5
DA:62,4
DA:64,4
DA:65,4
DA:66,5
DA:72,4
DA:73,4
DA:82,4
DA:83,0
DA:86,4
DA:87,4
DA:89,4
DA:90,0
DA:91,0
DA:92,0
DA:93,0
DA:94,0
DA:100,0
DA:102,0
DA:103,0
DA:104,0
DA:108,0
DA:112,5
DA:119,151
DA:120,23
DA:121,23
DA:122,23
DA:123,23
DA:124,23
DA:125,23
DA:126,23
DA:131,151
DA:132,68
DA:133,21
DA:134,21
DA:135,21
DA:136,21
DA:137,19
DA:142,151
DA:143,23
DA:144,23
DA:145,23
DA:146,23
DA:147,23
DA:149,23
DA:153,151
DA:154,23
DA:155,23
DA:156,23
DA:158,23
DA:162,151
DA:163,34
DA:164,5
DA:165,5
DA:166,29
DA:167,4
DA:171,151
DA:172,23
DA:173,23
DA:176,151
DA:177,23
DA:178,23
DA:179,3
DA:180,3
DA:183,20
DA:185,20
DA:186,20
DA:187,20
DA:189,20
DA:193,20
DA:194,20
DA:195,20
DA:198,20
DA:199,38
DA:209,20
DA:210,38
DA:211,20
DA:212,20
DA:213,0
DA:216,0
DA:219,0
DA:220,0
DA:221,0
DA:222,0
DA:224,0
DA:227,0
DA:230,20
DA:234,23
DA:239,151
DA:240,68
DA:241,68
DA:242,5
DA:243,5
DA:244,5
DA:246,5
DA:247,5
DA:248,5
DA:250,5
DA:251,3
DA:252,3
DA:253,3
DA:254,3
DA:257,3
DA:258,1
DA:259,1
DA:262,1
DA:263,1
DA:264,1
DA:265,1
DA:268,0
DA:273,3
DA:274,2
DA:275,2
DA:278,2
DA:279,2
DA:280,2
DA:281,1
DA:282,1
DA:286,2
DA:287,2
DA:290,0
DA:295,3
DA:297,3
DA:298,3
DA:301,3
DA:302,3
DA:303,3
DA:305,3
DA:310,2
DA:311,2
DA:312,2
DA:317,2
DA:318,2
DA:319,2
DA:320,2
DA:321,2
DA:322,2
DA:323,0
DA:325,0
DA:326,0
DA:329,0
DA:334,0
DA:339,3
DA:340,3
DA:347,3
DA:350,3
DA:351,2
DA:352,2
DA:353,2
DA:354,2
DA:355,2
DA:357,0
DA:364,68
DA:368,151
DA:369,43
DA:370,43
DA:371,19
DA:372,19
DA:373,19
DA:375,19
DA:376,38
DA:377,38
DA:379,0
DA:380,0
DA:381,0
DA:382,0
DA:385,0
DA:386,0
DA:387,0
DA:390,0
DA:391,0
DA:392,0
DA:393,0
DA:396,0
DA:401,0
DA:402,0
DA:403,0
DA:406,0
DA:407,0
DA:408,0
DA:409,0
DA:410,0
DA:414,0
DA:415,0
DA:418,0
DA:423,0
DA:424,0
DA:425,0
DA:428,0
DA:429,0
DA:430,0
DA:432,0
DA:433,0
DA:434,0
DA:435,0
DA:440,0
DA:441,0
DA:442,0
DA:443,0
DA:444,0
DA:445,0
DA:446,0
DA:447,0
DA:448,0
DA:451,0
DA:456,0
DA:461,0
DA:462,0
DA:469,0
DA:473,43
DA:476,151
DA:477,2
DA:478,2
DA:479,1
DA:480,1
DA:482,1
DA:484,1
DA:485,1
DA:486,1
DA:487,1
DA:488,1
DA:489,1
DA:492,1
DA:495,1
DA:498,1
DA:499,1
DA:500,1
DA:503,1
DA:504,1
DA:505,1
DA:506,1
DA:507,1
DA:508,1
DA:510,0
DA:512,1
DA:518,1
DA:521,1
DA:525,2
DA:526,2
DA:530,151
DA:531,68
DA:532,54
DA:533,54
DA:537,14
DA:540,14
DA:541,2
DA:545,14
DA:546,0
DA:547,0
DA:548,14
DA:550,1
DA:551,1
DA:556,151
DA:557,68
DA:559,68
DA:560,68
DA:562,14
DA:564,14
DA:566,14
DA:568,14
DA:569,14
DA:570,14
DA:572,0
DA:573,0
DA:574,0
DA:576,0
DA:580,14
DA:584,14
DA:585,13
DA:586,13
DA:587,13
DA:588,4
DA:589,3
DA:593,13
DA:595,13
DA:598,13
DA:599,1
DA:600,1
DA:601,0
DA:602,0
DA:604,0
DA:610,1
DA:614,68
DA:616,68
DA:619,151
DA:620,14
DA:621,14
DA:622,14
DA:623,14
DA:624,14
DA:625,14
DA:626,14
DA:630,151
DA:631,70
DA:633,49
DA:634,3
DA:636,0
DA:637,0
DA:638,0
DA:639,0
DA:640,0
DA:646,151
DA:647,7
DA:648,7
DA:649,7
DA:650,7
DA:651,7
DA:652,7
DA:653,7
DA:654,7
DA:655,7
DA:656,7
DA:657,7
DA:658,7
DA:661,7
DA:662,7
DA:667,7
DA:668,7
DA:672,7
DA:673,0
DA:674,0
DA:686,7
DA:687,7
DA:688,7
DA:691,7
DA:693,7
DA:694,0
DA:696,7
DA:699,7
DA:700,7
DA:706,5
DA:707,0
DA:708,0
DA:717,5
DA:718,5
DA:723,5
DA:726,5
DA:727,0
DA:730,5
DA:731,5
DA:732,5
DA:734,5
DA:735,0
DA:742,5
DA:749,5
DA:750,5
DA:754,5
DA:757,5
DA:758,5
DA:769,5
DA:770,0
DA:771,0
DA:780,0
DA:785,5
DA:786,5
DA:787,5
DA:788,5
DA:803,5
DA:804,0
DA:807,5
DA:808,5
DA:809,5
DA:811,2
DA:812,2
DA:814,2
DA:815,2
DA:820,2
DA:835,2
DA:836,1
DA:839,0
DA:842,2
DA:844,7
DA:849,151
DA:851,8
DA:852,8
DA:863,8
DA:864,8
DA:865,8
DA:866,8
DA:869,8
DA:873,8
DA:874,8
DA:875,7
DA:878,1
DA:881,6
DA:882,6
DA:884,6
DA:885,6
DA:886,6
DA:887,6
DA:888,6
DA:889,6
DA:890,6
DA:893,151
DA:894,5
DA:895,5
DA:896,5
DA:897,5
DA:898,5
DA:899,5
DA:900,5
DA:901,5
DA:902,5
DA:903,5
DA:906,5
DA:907,5
DA:912,5
DA:915,5
DA:916,5
DA:917,5
DA:920,5
DA:922,5
DA:923,1
DA:925,5
DA:928,5
DA:934,4
DA:935,2
DA:944,4
DA:945,4
DA:946,3
DA:948,3
DA:949,0
DA:956,3
DA:963,3
DA:964,3
DA:968,4
DA:971,4
DA:982,4
DA:983,0
DA:984,0
DA:993,0
DA:997,4
DA:998,4
DA:999,4
DA:1001,1
DA:1004,5
DA:1005,5
DA:1007,5
DA:1008,5
DA:1015,151
DA:1016,111
DA:1018,111
DA:1032,541
DA:1036,245
DA:1037,2
DA:1043,272
DA:1052,0
DA:1062,0
DA:1063,0
DA:1065,0
DA:1070,35
DA:1072,35
DA:1073,35
DA:1074,35
DA:1084,24
DA:1086,7
DA:1088,2
DA:1091,15
DA:1097,64
DA:1111,0
DA:1112,0
DA:1120,1
LF:508
LH:396
BRDA:17,0,0,151
BRDA:17,0,1,15
BRDA:47,1,0,0
BRDA:47,2,0,12
BRDA:47,2,1,0
BRDA:54,3,0,15
BRDA:54,3,1,15
BRDA:54,4,0,15
BRDA:54,4,1,0
BRDA:54,5,0,15
BRDA:54,5,1,15
BRDA:55,6,0,0
BRDA:55,6,1,15
BRDA:59,7,0,12
BRDA:82,8,0,0
BRDA:87,9,0,0
BRDA:87,9,1,4
BRDA:87,10,0,0
BRDA:87,10,1,4
BRDA:87,11,0,4
BRDA:87,11,1,4
BRDA:90,12,0,0
BRDA:90,13,0,0
BRDA:90,13,1,0
BRDA:90,14,0,0
BRDA:90,14,1,0
BRDA:90,15,0,0
BRDA:90,15,1,0
BRDA:90,16,0,0
BRDA:90,16,1,0
BRDA:90,17,0,0
BRDA:90,17,1,0
BRDA:90,18,0,0
BRDA:90,18,1,0
BRDA:90,19,0,0
BRDA:90,19,1,0
BRDA:91,20,0,0
BRDA:91,20,1,0
BRDA:91,21,0,0
BRDA:91,21,1,0
BRDA:91,22,0,0
BRDA:91,22,1,0
BRDA:91,23,0,0
BRDA:91,23,1,0
BRDA:91,24,0,0
BRDA:91,24,1,0
BRDA:91,25,0,0
BRDA:91,25,1,0
BRDA:92,26,0,0
BRDA:92,26,1,0
BRDA:92,27,0,0
BRDA:92,27,1,0
BRDA:92,28,0,0
BRDA:92,28,1,0
BRDA:92,29,0,0
BRDA:92,29,1,0
BRDA:92,30,0,0
BRDA:92,30,1,0
BRDA:92,31,0,0
BRDA:92,31,1,0
BRDA:93,32,0,0
BRDA:93,33,0,0
BRDA:93,33,1,0
BRDA:93,33,2,0
BRDA:93,34,0,0
BRDA:93,34,1,0
BRDA:93,35,0,0
BRDA:93,35,1,0
BRDA:93,36,0,0
BRDA:93,36,1,0
BRDA:93,37,0,0
BRDA:93,37,1,0
BRDA:95,38,0,0
BRDA:95,38,1,0
BRDA:95,39,0,0
BRDA:95,39,1,0
BRDA:102,40,0,0
BRDA:102,40,1,0
BRDA:103,41,0,0
BRDA:114,42,0,5
BRDA:114,42,1,5
BRDA:135,43,0,0
BRDA:135,44,0,21
BRDA:135,44,1,0
BRDA:136,45,0,2
BRDA:136,46,0,21
BRDA:136,46,1,21
BRDA:163,47,0,5
BRDA:163,47,1,29
BRDA:163,48,0,34
BRDA:163,48,1,30
BRDA:163,48,2,30
BRDA:163,48,3,5
BRDA:166,49,0,4
BRDA:166,50,0,29
BRDA:166,50,1,25
BRDA:173,51,0,23
BRDA:173,51,1,0
BRDA:178,52,0,3
BRDA:178,53,0,23
BRDA:178,53,1,20
BRDA:193,54,0,20
BRDA:193,54,1,0
BRDA:219,55,0,0
BRDA:219,55,1,0
BRDA:241,56,0,63
BRDA:241,57,0,68
BRDA:241,57,1,62
BRDA:241,57,2,62
BRDA:247,58,0,5
BRDA:247,58,1,3
BRDA:250,59,0,3
BRDA:251,60,0,0
BRDA:251,60,1,3
BRDA:251,61,0,3
BRDA:251,61,1,3
BRDA:252,62,0,0
BRDA:252,62,1,3
BRDA:252,63,0,3
BRDA:252,63,1,3
BRDA:253,64,0,3
BRDA:253,64,1,3
BRDA:253,65,0,0
BRDA:253,65,1,3
BRDA:253,66,0,3
BRDA:253,66,1,3
BRDA:257,67,0,1
BRDA:262,68,0,1
BRDA:273,69,0,2
BRDA:278,70,0,2
BRDA:295,71,0,3
BRDA:301,72,0,3
BRDA:317,73,0,2
BRDA:317,73,1,0
BRDA:319,74,0,2
BRDA:319,74,1,0
BRDA:323,75,0,0
BRDA:339,76,0,3
BRDA:339,77,0,3
BRDA:339,77,1,3
BRDA:344,78,0,3
BRDA:344,78,1,0
BRDA:352,79,0,2
BRDA:370,80,0,24
BRDA:370,81,0,43
BRDA:370,81,1,40
BRDA:370,81,2,40
BRDA:377,82,0,38
BRDA:381,83,0,0
BRDA:381,83,1,0
BRDA:385,84,0,0
BRDA:385,85,0,0
BRDA:385,85,1,0
BRDA:390,86,0,0
BRDA:401,87,0,0
BRDA:401,88,0,0
BRDA:401,88,1,0
BRDA:406,89,0,0
BRDA:423,90,0,0
BRDA:423,91,0,0
BRDA:423,91,1,0
BRDA:428,92,0,0
BRDA:440,93,0,0
BRDA:440,93,1,0
BRDA:442,94,0,0
BRDA:442,94,1,0
BRDA:446,95,0,0
BRDA:461,96,0,0
BRDA:465,97,0,0
BRDA:465,97,1,0
BRDA:466,98,0,0
BRDA:466,98,1,0
BRDA:478,99,0,1
BRDA:478,99,1,1
BRDA:484,100,0,1
BRDA:484,101,0,1
BRDA:484,101,1,1
BRDA:486,102,0,1
BRDA:503,103,0,1
BRDA:531,104,0,54
BRDA:540,105,0,2
BRDA:545,106,0,0
BRDA:545,106,1,14
BRDA:545,107,0,14
BRDA:545,107,1,1
BRDA:545,108,0,2
BRDA:545,108,1,12
BRDA:545,109,0,14
BRDA:545,109,1,14
BRDA:548,110,0,1
BRDA:560,111,0,54
BRDA:560,112,0,68
BRDA:560,112,1,15
BRDA:560,112,2,14
BRDA:572,113,0,0
BRDA:572,113,1,0
BRDA:584,114,0,13
BRDA:586,115,0,13
BRDA:588,116,0,4
BRDA:588,116,1,3
BRDA:598,117,0,1
BRDA:600,118,0,0
BRDA:604,119,0,0
BRDA:604,119,1,0
BRDA:631,120,0,21
BRDA:631,121,0,70
BRDA:631,121,1,62
BRDA:638,122,0,0
BRDA:638,123,0,0
BRDA:638,123,1,0
BRDA:639,124,0,0
BRDA:639,125,0,0
BRDA:639,125,1,0
BRDA:647,126,0,0
BRDA:647,127,0,7
BRDA:647,127,1,7
BRDA:672,128,0,0
BRDA:693,129,0,0
BRDA:706,130,0,0
BRDA:726,131,0,0
BRDA:734,132,0,0
BRDA:734,132,1,5
BRDA:754,133,0,5
BRDA:754,133,1,0
BRDA:769,134,0,0
BRDA:787,135,0,5
BRDA:787,135,1,0
BRDA:787,136,0,0
BRDA:787,136,1,5
BRDA:787,137,0,5
BRDA:787,137,1,5
BRDA:803,138,0,0
BRDA:811,139,0,2
BRDA:811,139,1,0
BRDA:814,140,0,2
BRDA:814,140,1,0
BRDA:820,141,0,2
BRDA:820,141,1,0
BRDA:820,142,0,0
BRDA:820,142,1,2
BRDA:820,143,0,2
BRDA:820,143,1,2
BRDA:827,144,0,2
BRDA:827,144,1,0
BRDA:827,145,0,0
BRDA:827,145,1,2
BRDA:827,146,0,2
BRDA:827,146,1,2
BRDA:828,147,0,2
BRDA:828,147,1,0
BRDA:828,148,0,0
BRDA:828,148,1,2
BRDA:828,149,0,2
BRDA:828,149,1,2
BRDA:829,150,0,0
BRDA:829,150,1,2
BRDA:829,151,0,2
BRDA:829,151,1,2
BRDA:830,152,0,0
BRDA:830,152,1,2
BRDA:830,153,0,2
BRDA:830,153,1,2
BRDA:831,154,0,0
BRDA:831,154,1,2
BRDA:831,155,0,2
BRDA:831,155,1,2
BRDA:832,156,0,2
BRDA:832,156,1,0
BRDA:835,157,0,1
BRDA:849,158,0,0
BRDA:851,159,0,0
BRDA:851,160,0,8
BRDA:851,160,1,8
BRDA:851,160,2,8
BRDA:851,160,3,8
BRDA:851,160,4,8
BRDA:864,161,0,8
BRDA:864,162,0,8
BRDA:864,162,1,8
BRDA:873,163,0,8
BRDA:873,163,1,7
BRDA:874,164,0,7
BRDA:874,164,1,1
BRDA:881,165,0,5
BRDA:881,165,1,1
BRDA:881,166,0,6
BRDA:881,166,1,0
BRDA:881,167,0,0
BRDA:881,167,1,6
BRDA:881,168,0,6
BRDA:881,168,1,6
BRDA:894,169,0,0
BRDA:894,170,0,5
BRDA:894,170,1,5
BRDA:894,170,2,5
BRDA:922,171,0,1
BRDA:934,172,0,2
BRDA:948,173,0,0
BRDA:948,173,1,3
BRDA:968,174,0,4
BRDA:968,174,1,1
BRDA:982,175,0,0
BRDA:1015,176,0,40
BRDA:1015,177,0,151
BRDA:1015,177,1,43
BRDA:1015,177,2,40
BRDA:1016,178,0,0
BRDA:1021,179,0,111
BRDA:1021,179,1,96
BRDA:1021,179,2,15
BRDA:1023,180,0,15
BRDA:1023,180,1,0
BRDA:1028,181,0,96
BRDA:1028,181,1,15
BRDA:1028,182,0,111
BRDA:1028,182,1,96
BRDA:1038,183,0,12
BRDA:1038,183,1,233
BRDA:1046,184,0,111
BRDA:1046,184,1,39
BRDA:1065,185,0,0
BRDA:1065,185,1,0
BRDA:1070,186,0,39
BRDA:1070,186,1,34
BRDA:1070,187,0,4
BRDA:1070,187,1,35
BRDA:1070,188,0,39
BRDA:1070,188,1,39
BRDA:1072,189,0,39
BRDA:1072,189,1,34
BRDA:1072,190,0,4
BRDA:1072,190,1,35
BRDA:1072,191,0,39
BRDA:1072,191,1,39
BRDA:1073,192,0,39
BRDA:1073,192,1,34
BRDA:1073,193,0,4
BRDA:1073,193,1,35
BRDA:1073,194,0,39
BRDA:1073,194,1,39
BRDA:1074,195,0,39
BRDA:1074,195,1,38
BRDA:1074,196,0,4
BRDA:1074,196,1,35
BRDA:1074,197,0,39
BRDA:1074,197,1,39
BRDA:1100,198,0,48
BRDA:1100,198,1,16
BRDA:1104,199,0,35
BRDA:1104,199,1,4
BRF:350
BRH:202
end_of_record
TN:
SF:src/ui-components/UploadProgress.tsx
FN:12,(anonymous_0)
FNF:1
FNH:1
FNDA:62,(anonymous_0)
DA:1,6
DA:2,6
DA:3,6
DA:12,6
DA:13,62
DA:14,62
DA:16,8
LF:7
LH:7
BRDA:14,0,0,54
BRF:1
BRH:1
end_of_record
TN:
SF:src/ui-components/WelcomeName.tsx
FN:6,(anonymous_0)
FN:12,(anonymous_1)
FNF:2
FNH:2
FNDA:3,(anonymous_0)
FNDA:2,(anonymous_1)
DA:1,1
DA:2,1
DA:3,1
DA:4,1
DA:6,1
DA:7,3
DA:8,3
DA:9,3
DA:10,3
DA:12,3
DA:13,2
DA:14,1
DA:16,1
DA:20,3
DA:21,1
DA:23,2
DA:27,1
LF:17
LH:17
BRDA:9,0,0,3
BRDA:9,0,1,1
BRDA:13,1,0,1
BRDA:13,1,1,1
BRDA:13,2,0,2
BRDA:13,2,1,1
BRDA:20,3,0,1
BRDA:20,3,1,2
BRF:8
BRH:8
end_of_record
TN:
SF:src/utils/Logger.ts
FN:31,(anonymous_0)
FN:49,(anonymous_1)
FN:49,(anonymous_2)
FNF:3
FNH:3
FNDA:13,(anonymous_0)
FNDA:13,(anonymous_1)
FNDA:13,(anonymous_2)
DA:28,8
DA:29,8
DA:31,8
DA:32,13
DA:34,13
DA:35,13
DA:36,13
DA:37,13
DA:38,13
DA:39,13
DA:40,13
DA:41,13
DA:42,13
DA:43,13
DA:44,13
DA:46,13
DA:49,13
DA:51,13
DA:53,13
DA:55,13
DA:57,13
DA:70,13
DA:71,13
DA:80,13
DA:81,2
DA:82,2
DA:83,2
DA:89,11
DA:90,11
DA:94,0
DA:95,0
LF:31
LH:29
BRDA:34,0,0,2
BRDA:35,1,0,11
BRDA:36,2,0,11
BRDA:37,3,0,11
BRDA:38,4,0,11
BRDA:39,5,0,11
BRDA:40,6,0,11
BRDA:41,7,0,11
BRDA:42,8,0,2
BRDA:43,9,0,2
BRDA:44,10,0,2
BRDA:59,11,0,11
BRDA:59,11,1,2
BRDA:80,12,0,2
BRDA:80,12,1,11
BRDA:82,13,0,2
BRDA:82,13,1,1
BRDA:89,14,0,11
BRDA:89,14,1,1
BRDA:94,15,0,0
BRDA:94,15,1,0
BRDA:97,16,0,0
BRDA:97,16,1,0
BRF:23
BRH:19
end_of_record
TN:
SF:src/utils/MsGraphApiCall.ts
FN:4,callMsGraph
FN:26,(anonymous_2)
FN:27,(anonymous_3)
FNF:3
FNH:2
FNDA:2,callMsGraph
FNDA:1,(anonymous_2)
FNDA:0,(anonymous_3)
DA:1,2
DA:2,2
DA:4,2
DA:5,2
DA:6,2
DA:7,1
DA:10,1
DA:15,1
DA:16,1
DA:18,1
DA:20,1
DA:25,1
DA:26,1
DA:27,0
LF:14
LH:13
BRDA:6,0,0,1
BRF:1
BRH:1
end_of_record
TN:
SF:src/utils/NavigationClient.ts
FN:10,(anonymous_0)
FN:21,(anonymous_1)
FNF:2
FNH:2
FNDA:3,(anonymous_0)
FNDA:2,(anonymous_1)
DA:1,2
DA:7,2
DA:11,3
DA:12,3
DA:22,2
DA:23,2
DA:24,1
DA:26,1
DA:29,2
LF:9
LH:9
BRDA:23,0,0,1
BRDA:23,0,1,1
BRF:2
BRH:2
end_of_record
TN:
SF:src/utils/reportingAccess.ts
FN:13,normalizeReportingUserId
FN:22,isReportingUserAllowed
FN:28,(anonymous_2)
FNF:3
FNH:3
FNDA:8,normalizeReportingUserId
FNDA:8,isReportingUserAllowed
FNDA:9,(anonymous_2)
DA:1,4
DA:13,4
DA:14,8
DA:15,8
DA:16,0
DA:19,8
DA:22,4
DA:23,8
DA:24,8
DA:25,0
DA:28,9
LF:11
LH:9
BRDA:14,0,0,8
BRDA:14,0,1,0
BRDA:14,1,0,8
BRDA:14,1,1,8
BRDA:14,2,0,8
BRDA:14,2,1,0
BRDA:14,3,0,8
BRDA:14,3,1,8
BRDA:14,4,0,8
BRDA:14,4,1,0
BRDA:14,5,0,8
BRDA:14,5,1,8
BRDA:14,6,0,8
BRDA:14,6,1,0
BRDA:14,7,0,8
BRDA:14,7,1,8
BRDA:14,8,0,0
BRDA:14,8,1,8
BRDA:14,9,0,8
BRDA:14,9,1,8
BRDA:14,10,0,0
BRDA:14,10,1,0
BRDA:14,11,0,0
BRDA:14,11,1,0
BRDA:14,12,0,0
BRDA:14,12,1,0
BRDA:14,13,0,0
BRDA:14,13,1,0
BRDA:14,14,0,0
BRDA:14,14,1,0
BRDA:14,15,0,0
BRDA:14,15,1,0
BRDA:15,16,0,0
BRDA:24,17,0,0
BRF:34
BRH:15
end_of_record
