TN:
SF:src/App.tsx
FN:19,App
FNF:1
FNH:1
FNDA:1,App
DA:1,1
DA:3,1
DA:6,1
DA:8,1
DA:11,1
DA:12,1
DA:13,1
DA:21,1
DA:22,1
DA:23,1
DA:25,1
DA:46,1
LF:12
LH:12
BRF:0
BRH:0
end_of_record
TN:
SF:src/authConfig.ts
FNF:0
FNH:0
DA:4,10
DA:21,10
DA:26,10
LF:3
LH:3
BRF:0
BRH:0
end_of_record
TN:
SF:src/db.ts
FN:49,(anonymous_0)
FNF:1
FNH:1
FNDA:2,(anonymous_0)
DA:1,1
DA:44,1
DA:50,2
DA:53,2
DA:61,2
DA:68,2
DA:76,1
LF:7
LH:7
BRF:0
BRH:0
end_of_record
TN:
SF:src/graph.tsx
FN:4,callMsGraph
FN:16,(anonymous_2)
FN:17,(anonymous_3)
FN:20,(anonymous_4)
FNF:4
FNH:3
FNDA:2,callMsGraph
FNDA:1,(anonymous_2)
FNDA:1,(anonymous_3)
FNDA:0,(anonymous_4)
DA:1,1
DA:2,1
DA:4,1
DA:5,2
DA:6,2
DA:8,2
DA:10,2
DA:15,2
DA:16,1
DA:17,1
DA:20,1
DA:21,0
LF:12
LH:11
BRF:0
BRH:0
end_of_record
TN:
SF:src/styles/theme.ts
FNF:0
FNH:0
DA:1,1
DA:2,1
DA:5,1
LF:3
LH:3
BRF:0
BRH:0
end_of_record
TN:
SF:src/ui-components/ChannelsList.tsx
FN:31,(anonymous_0)
FN:51,(anonymous_1)
FN:52,(anonymous_2)
FN:53,(anonymous_3)
FN:56,(anonymous_4)
FN:62,(anonymous_5)
FN:63,(anonymous_6)
FN:63,(anonymous_7)
FN:88,(anonymous_8)
FN:92,(anonymous_9)
FN:92,(anonymous_10)
FN:105,(anonymous_11)
FN:119,(anonymous_12)
FN:127,(anonymous_13)
FNF:14
FNH:9
FNDA:7,(anonymous_0)
FNDA:3,(anonymous_1)
FNDA:0,(anonymous_2)
FNDA:0,(anonymous_3)
FNDA:3,(anonymous_4)
FNDA:3,(anonymous_5)
FNDA:3,(anonymous_6)
FNDA:3,(anonymous_7)
FNDA:0,(anonymous_8)
FNDA:0,(anonymous_9)
FNDA:0,(anonymous_10)
FNDA:1,(anonymous_11)
FNDA:5,(anonymous_12)
FNDA:1,(anonymous_13)
DA:1,1
DA:2,1
DA:3,1
DA:4,1
DA:5,1
DA:6,1
DA:31,1
DA:42,7
DA:43,7
DA:44,7
DA:45,7
DA:46,7
DA:47,7
DA:48,7
DA:51,7
DA:52,3
DA:53,3
DA:54,3
DA:55,3
DA:56,3
DA:57,3
DA:58,3
DA:62,7
DA:63,3
DA:64,3
DA:65,1
DA:66,1
DA:67,1
DA:70,2
DA:72,2
DA:73,2
DA:74,2
DA:76,2
DA:80,2
DA:81,1
DA:82,1
DA:84,1
DA:87,0
DA:88,0
DA:89,0
DA:90,0
DA:92,0
DA:95,0
DA:98,2
DA:102,3
DA:105,7
DA:106,1
DA:107,1
DA:110,7
DA:111,5
DA:113,4
DA:120,5
DA:127,1
DA:158,1
LF:54
LH:48
BRDA:38,0,0,0
BRDA:40,1,0,0
BRDA:43,2,0,7
BRDA:43,2,1,2
BRDA:64,3,0,1
BRDA:64,4,0,3
BRDA:64,4,1,2
BRDA:80,5,0,1
BRDA:80,5,1,1
BRDA:87,6,0,0
BRDA:87,6,1,0
BRDA:110,7,0,2
BRDA:110,8,0,7
BRDA:110,8,1,3
BRDA:110,8,2,2
BRDA:111,9,0,1
BRDA:116,10,0,2
BRDA:116,10,1,2
BRDA:116,11,0,4
BRDA:116,11,1,2
BRDA:124,12,0,1
BRDA:124,12,1,4
BRDA:124,13,0,3
BRDA:124,13,1,2
BRDA:124,14,0,5
BRDA:124,14,1,2
BRDA:142,15,0,4
BRDA:142,15,1,1
BRDA:151,16,0,1
BRDA:151,16,1,1
BRF:30
BRH:26
end_of_record
TN:
SF:src/ui-components/ErrorComponent.tsx
FN:4,(anonymous_0)
FNF:1
FNH:1
FNDA:2,(anonymous_0)
DA:1,1
DA:4,1
DA:5,2
LF:3
LH:3
BRDA:5,0,0,1
BRDA:5,0,1,1
BRF:2
BRH:2
end_of_record
TN:
SF:src/ui-components/ImageUpload.tsx
FN:44,(anonymous_0)
FN:57,(anonymous_1)
FN:62,(anonymous_2)
FN:62,(anonymous_3)
FN:69,(anonymous_4)
FN:69,(anonymous_5)
FN:91,(anonymous_6)
FN:91,(anonymous_7)
FN:142,(anonymous_8)
FN:142,(anonymous_9)
FN:167,(anonymous_10)
FN:168,(anonymous_11)
FN:170,(anonymous_12)
FN:193,(anonymous_13)
FN:196,(anonymous_14)
FN:210,(anonymous_15)
FN:210,(anonymous_16)
FN:212,(anonymous_17)
FN:213,(anonymous_18)
FN:219,(anonymous_19)
FN:220,(anonymous_20)
FN:226,(anonymous_21)
FN:254,(anonymous_22)
FN:255,(anonymous_23)
FN:255,(anonymous_24)
FN:297,(anonymous_25)
FN:314,(anonymous_26)
FN:317,(anonymous_27)
FN:320,(anonymous_28)
FN:320,(anonymous_29)
FN:321,(anonymous_30)
FN:322,(anonymous_31)
FN:330,(anonymous_32)
FN:334,(anonymous_33)
FN:335,(anonymous_34)
FN:335,(anonymous_35)
FN:338,(anonymous_36)
FN:346,(anonymous_37)
FN:346,(anonymous_38)
FN:401,(anonymous_39)
FN:439,(anonymous_40)
FN:439,(anonymous_41)
FN:447,(anonymous_42)
FN:484,(anonymous_43)
FN:490,(anonymous_44)
FN:534,(anonymous_45)
FN:548,(anonymous_46)
FN:581,(anonymous_47)
FNF:48
FNH:33
FNDA:0,(anonymous_0)
FNDA:7,(anonymous_1)
FNDA:6,(anonymous_2)
FNDA:6,(anonymous_3)
FNDA:6,(anonymous_4)
FNDA:6,(anonymous_5)
FNDA:6,(anonymous_6)
FNDA:6,(anonymous_7)
FNDA:5,(anonymous_8)
FNDA:5,(anonymous_9)
FNDA:0,(anonymous_10)
FNDA:0,(anonymous_11)
FNDA:0,(anonymous_12)
FNDA:0,(anonymous_13)
FNDA:0,(anonymous_14)
FNDA:3,(anonymous_15)
FNDA:3,(anonymous_16)
FNDA:4,(anonymous_17)
FNDA:4,(anonymous_18)
FNDA:1,(anonymous_19)
FNDA:1,(anonymous_20)
FNDA:16,(anonymous_21)
FNDA:3,(anonymous_22)
FNDA:3,(anonymous_23)
FNDA:3,(anonymous_24)
FNDA:0,(anonymous_25)
FNDA:3,(anonymous_26)
FNDA:3,(anonymous_27)
FNDA:3,(anonymous_28)
FNDA:3,(anonymous_29)
FNDA:3,(anonymous_30)
FNDA:3,(anonymous_31)
FNDA:0,(anonymous_32)
FNDA:1,(anonymous_33)
FNDA:1,(anonymous_34)
FNDA:1,(anonymous_35)
FNDA:0,(anonymous_36)
FNDA:0,(anonymous_37)
FNDA:0,(anonymous_38)
FNDA:0,(anonymous_39)
FNDA:2,(anonymous_40)
FNDA:2,(anonymous_41)
FNDA:0,(anonymous_42)
FNDA:0,(anonymous_43)
FNDA:4,(anonymous_44)
FNDA:7,(anonymous_45)
FNDA:1,(anonymous_46)
FNDA:0,(anonymous_47)
DA:2,5
DA:3,5
DA:4,5
DA:5,5
DA:7,5
DA:8,5
DA:10,5
DA:11,5
DA:44,5
DA:45,0
DA:46,0
DA:47,0
DA:48,0
DA:49,0
DA:50,0
DA:51,0
DA:53,0
DA:57,5
DA:58,7
DA:62,6
DA:63,6
DA:66,6
DA:69,6
DA:70,6
DA:71,6
DA:73,6
DA:86,6
DA:87,3
DA:91,6
DA:92,6
DA:95,6
DA:103,6
DA:104,1
DA:107,5
DA:108,5
DA:111,5
DA:112,5
DA:114,5
DA:115,10
DA:116,10
DA:118,10
DA:127,10
DA:128,1
DA:131,9
DA:135,4
DA:138,4
DA:139,4
DA:142,5
DA:143,5
DA:152,5
DA:153,2
DA:154,2
DA:158,3
DA:161,3
DA:162,3
DA:167,5
DA:168,0
DA:169,0
DA:170,0
DA:171,0
DA:172,0
DA:175,0
DA:176,0
DA:177,0
DA:178,0
DA:179,0
DA:182,0
DA:183,0
DA:184,0
DA:188,0
DA:189,0
DA:190,0
DA:193,0
DA:194,0
DA:195,0
DA:196,0
DA:197,0
DA:198,0
DA:200,0
DA:204,0
DA:205,0
DA:210,5
DA:212,4
DA:213,4
DA:216,3
DA:217,3
DA:218,1
DA:219,1
DA:220,1
DA:223,3
DA:226,5
DA:236,16
DA:237,16
DA:238,16
DA:239,16
DA:240,16
DA:241,16
DA:242,16
DA:243,16
DA:246,16
DA:247,16
DA:248,16
DA:250,16
DA:251,16
DA:254,16
DA:255,3
DA:256,3
DA:260,3
DA:261,2
DA:262,1
DA:264,1
DA:266,2
DA:267,2
DA:270,1
DA:272,1
DA:274,1
DA:275,1
DA:276,1
DA:279,1
DA:282,1
DA:283,1
DA:284,1
DA:287,1
DA:290,1
DA:295,1
DA:296,1
DA:297,1
DA:298,0
DA:300,0
DA:301,0
DA:304,1
DA:305,1
DA:307,1
DA:311,3
DA:314,16
DA:315,3
DA:316,3
DA:317,3
DA:320,3
DA:321,3
DA:322,3
DA:324,3
DA:326,3
DA:330,16
DA:331,0
DA:334,16
DA:335,1
DA:338,16
DA:339,0
DA:340,0
DA:341,0
DA:342,0
DA:346,16
DA:347,0
DA:349,0
DA:350,0
DA:351,0
DA:353,0
DA:355,0
DA:356,0
DA:357,0
DA:360,0
DA:363,0
DA:364,0
DA:365,0
DA:368,0
DA:371,0
DA:372,0
DA:375,0
DA:382,0
DA:383,0
DA:384,0
DA:388,0
DA:389,0
DA:391,0
DA:392,0
DA:394,0
DA:396,0
DA:400,0
DA:401,0
DA:402,0
DA:412,0
DA:416,0
DA:419,0
DA:420,0
DA:423,0
DA:429,0
DA:430,0
DA:432,0
DA:435,0
DA:439,16
DA:440,2
DA:441,1
DA:442,1
DA:443,1
DA:444,1
DA:447,1
DA:452,0
DA:453,0
DA:456,0
DA:457,0
DA:462,1
DA:464,1
DA:466,1
DA:467,1
DA:471,16
DA:484,0
DA:491,4
DA:535,7
DA:548,1
DA:581,0
DA:611,5
LF:212
LH:128
BRDA:86,0,0,3
BRDA:103,1,0,1
BRDA:127,2,0,1
BRDA:152,3,0,2
BRDA:167,4,0,0
BRDA:167,5,0,0
BRDA:167,6,0,0
BRDA:176,7,0,0
BRDA:176,7,1,0
BRDA:177,8,0,0
BRDA:182,9,0,0
BRDA:194,10,0,0
BRDA:194,10,1,0
BRDA:217,11,0,4
BRDA:217,11,1,1
BRDA:233,12,0,0
BRDA:234,13,0,11
BRDA:237,14,0,16
BRDA:237,14,1,10
BRDA:260,15,0,2
BRDA:260,16,0,3
BRDA:260,16,1,1
BRDA:261,17,0,1
BRDA:261,17,1,1
BRDA:261,18,0,2
BRDA:261,18,1,2
BRDA:282,19,0,0
BRDA:295,20,0,1
BRDA:295,20,1,0
BRDA:298,21,0,0
BRDA:315,22,0,3
BRDA:315,23,0,3
BRDA:315,23,1,3
BRDA:331,24,0,0
BRDA:331,24,1,0
BRDA:331,25,0,0
BRDA:331,25,1,0
BRDA:341,26,0,0
BRDA:347,27,0,0
BRDA:347,28,0,0
BRDA:347,28,1,0
BRDA:363,29,0,0
BRDA:371,30,0,0
BRDA:383,31,0,0
BRDA:391,32,0,0
BRDA:391,32,1,0
BRDA:405,33,0,0
BRDA:405,33,1,0
BRDA:423,34,0,0
BRDA:429,35,0,0
BRDA:429,35,1,0
BRDA:432,36,0,0
BRDA:432,36,1,0
BRDA:440,37,0,1
BRDA:440,37,1,1
BRDA:440,38,0,2
BRDA:440,38,1,1
BRDA:441,39,0,1
BRDA:462,40,0,1
BRDA:478,41,0,16
BRDA:478,41,1,5
BRDA:478,41,2,15
BRDA:479,42,0,15
BRDA:479,42,1,14
BRDA:479,42,2,10
BRDA:496,43,0,15
BRDA:496,43,1,11
BRDA:496,43,2,10
BRDA:498,44,0,10
BRDA:498,44,1,0
BRDA:519,45,0,7
BRDA:519,45,1,9
BRDA:521,46,0,16
BRDA:521,46,1,7
BRDA:531,47,0,16
BRDA:531,47,1,7
BRDA:541,48,0,7
BRDA:541,48,1,3
BRDA:576,49,0,16
BRDA:576,49,1,7
BRDA:599,50,0,16
BRDA:599,50,1,7
BRDA:599,50,2,6
BRDA:599,50,3,2
BRDA:603,51,0,1
BRDA:603,51,1,15
BRDA:603,52,0,10
BRDA:603,52,1,5
BRDA:605,53,0,16
BRDA:605,53,1,0
BRDA:606,54,0,16
BRDA:606,54,1,1
BRF:92
BRH:57
end_of_record
TN:
SF:src/ui-components/Loading.tsx
FN:3,(anonymous_0)
FNF:1
FNH:1
FNDA:1,(anonymous_0)
DA:1,1
DA:3,1
DA:4,1
LF:3
LH:3
BRF:0
BRH:0
end_of_record
TN:
SF:src/ui-components/NavBar.tsx
FN:12,(anonymous_0)
FN:15,(anonymous_1)
FN:16,(anonymous_2)
FN:17,(anonymous_3)
FN:22,(anonymous_4)
FNF:5
FNH:5
FNDA:5,(anonymous_0)
FNDA:4,(anonymous_1)
FNDA:2,(anonymous_2)
FNDA:2,(anonymous_3)
FNDA:4,(anonymous_4)
DA:1,2
DA:2,2
DA:3,2
DA:5,2
DA:6,2
DA:7,2
DA:8,2
DA:9,2
DA:12,2
DA:13,5
DA:15,5
DA:16,4
DA:17,4
DA:19,4
DA:20,4
DA:22,4
DA:23,4
DA:24,4
DA:28,5
DA:48,2
LF:20
LH:20
BRDA:37,0,0,5
BRDA:37,0,1,0
BRDA:38,1,0,5
BRDA:38,1,1,0
BRF:4
BRH:2
end_of_record
TN:
SF:src/ui-components/PageLayout.tsx
FN:8,(anonymous_0)
FNF:1
FNH:1
FNDA:1,(anonymous_0)
DA:2,1
DA:8,1
DA:9,1
LF:3
LH:3
BRF:0
BRH:0
end_of_record
TN:
SF:src/ui-components/PostMessage.tsx
FN:32,(anonymous_0)
FN:32,(anonymous_1)
FN:39,(anonymous_2)
FN:41,(anonymous_3)
FN:48,(anonymous_4)
FN:49,(anonymous_5)
FN:51,(anonymous_6)
FN:76,(anonymous_7)
FN:79,(anonymous_8)
FN:97,(anonymous_9)
FN:98,(anonymous_10)
FN:110,(anonymous_11)
FN:118,(anonymous_12)
FN:121,(anonymous_13)
FN:121,(anonymous_14)
FN:132,(anonymous_15)
FN:134,(anonymous_16)
FN:148,(anonymous_17)
FN:151,(anonymous_18)
FNF:19
FNH:15
FNDA:0,(anonymous_0)
FNDA:0,(anonymous_1)
FNDA:0,(anonymous_2)
FNDA:0,(anonymous_3)
FNDA:1,(anonymous_4)
FNDA:1,(anonymous_5)
FNDA:1,(anonymous_6)
FNDA:1,(anonymous_7)
FNDA:1,(anonymous_8)
FNDA:10,(anonymous_9)
FNDA:13,(anonymous_10)
FNDA:7,(anonymous_11)
FNDA:7,(anonymous_12)
FNDA:1,(anonymous_13)
FNDA:1,(anonymous_14)
FNDA:4,(anonymous_15)
FNDA:3,(anonymous_16)
FNDA:3,(anonymous_17)
FNDA:1,(anonymous_18)
DA:32,3
DA:33,0
DA:38,0
DA:39,0
DA:40,0
DA:41,0
DA:42,0
DA:43,0
DA:48,3
DA:49,1
DA:50,1
DA:51,1
DA:52,1
DA:53,1
DA:56,1
DA:57,1
DA:59,1
DA:60,1
DA:61,0
DA:62,0
DA:65,0
DA:66,0
DA:67,0
DA:71,1
DA:72,1
DA:73,1
DA:76,1
DA:77,1
DA:78,1
DA:79,1
DA:80,1
DA:82,1
DA:84,1
DA:85,1
DA:87,0
DA:91,1
DA:92,1
DA:97,3
DA:98,10
DA:99,13
DA:100,3
DA:101,4
DA:102,4
DA:103,2
DA:104,0
DA:105,0
DA:110,3
DA:118,7
DA:121,7
DA:122,1
DA:123,1
DA:132,7
DA:134,7
DA:148,7
DA:151,7
DA:152,1
DA:153,1
DA:154,1
DA:167,7
DA:171,7
DA:188,7
DA:197,7
DA:198,2
DA:199,2
LF:64
LH:49
BRDA:59,0,0,1
BRDA:59,0,1,0
BRDA:60,1,0,0
BRDA:65,2,0,0
BRDA:77,3,0,1
BRDA:77,3,1,0
BRDA:99,4,0,3
BRDA:99,4,1,4
BRDA:99,4,2,4
BRDA:99,4,3,2
BRDA:99,4,4,0
BRDA:99,4,5,0
BRDA:117,5,0,0
BRDA:132,6,0,4
BRDA:132,6,1,3
BRDA:153,7,0,1
BRDA:153,7,1,0
BRDA:167,8,0,3
BRDA:167,8,1,4
BRDA:168,9,0,3
BRDA:168,9,1,0
BRDA:169,10,0,4
BRDA:169,10,1,2
BRDA:197,11,0,2
BRF:24
BRH:15
end_of_record
TN:
SF:src/ui-components/ProfileData.tsx
FN:20,(anonymous_0)
FN:32,(anonymous_1)
FN:43,(anonymous_2)
FN:54,(anonymous_3)
FN:65,(anonymous_4)
FN:76,(anonymous_5)
FNF:6
FNH:6
FNDA:1,(anonymous_0)
FNDA:1,(anonymous_1)
FNDA:1,(anonymous_2)
FNDA:1,(anonymous_3)
FNDA:1,(anonymous_4)
FNDA:1,(anonymous_5)
DA:1,1
DA:2,1
DA:3,1
DA:4,1
DA:5,1
DA:6,1
DA:7,1
DA:8,1
DA:9,1
DA:10,1
DA:20,1
DA:21,1
DA:32,1
DA:33,1
DA:43,1
DA:44,1
DA:54,1
DA:55,1
DA:65,1
DA:66,1
DA:76,1
DA:77,1
LF:22
LH:22
BRF:0
BRH:0
end_of_record
TN:
SF:src/ui-components/SignInButton.tsx
FN:8,(anonymous_0)
FN:14,(anonymous_1)
FN:27,(anonymous_2)
FN:45,(anonymous_3)
FN:47,(anonymous_4)
FN:48,(anonymous_5)
FNF:6
FNH:5
FNDA:6,(anonymous_0)
FNDA:2,(anonymous_1)
FNDA:2,(anonymous_2)
FNDA:0,(anonymous_3)
FNDA:1,(anonymous_4)
FNDA:1,(anonymous_5)
DA:1,1
DA:2,1
DA:3,1
DA:4,1
DA:5,1
DA:6,1
DA:8,1
DA:9,6
DA:11,6
DA:12,6
DA:14,6
DA:15,2
DA:17,2
DA:18,1
DA:19,1
DA:20,1
DA:24,6
DA:27,2
DA:45,0
DA:47,1
DA:48,1
LF:21
LH:20
BRDA:17,0,0,1
BRDA:17,0,1,1
BRDA:19,1,0,1
BRF:3
BRH:3
end_of_record
TN:
SF:src/ui-components/SignInSignOutButton.tsx
FN:6,(anonymous_0)
FNF:1
FNH:1
FNDA:3,(anonymous_0)
DA:1,1
DA:2,1
DA:3,1
DA:4,1
DA:6,1
DA:7,3
DA:8,3
DA:10,3
DA:11,1
DA:12,2
DA:14,1
DA:16,1
DA:20,1
LF:13
LH:13
BRDA:10,0,0,1
BRDA:10,0,1,2
BRDA:12,1,0,1
BRDA:12,1,1,1
BRDA:12,2,0,2
BRDA:12,2,1,1
BRF:6
BRH:6
end_of_record
TN:
SF:src/ui-components/SignOutButton.tsx
FN:8,(anonymous_0)
FN:14,(anonymous_1)
FN:29,(anonymous_2)
FN:47,(anonymous_3)
FN:49,(anonymous_4)
FN:50,(anonymous_5)
FNF:6
FNH:5
FNDA:6,(anonymous_0)
FNDA:2,(anonymous_1)
FNDA:2,(anonymous_2)
FNDA:0,(anonymous_3)
FNDA:1,(anonymous_4)
FNDA:1,(anonymous_5)
DA:1,1
DA:2,1
DA:3,1
DA:4,1
DA:5,1
DA:6,1
DA:8,1
DA:9,6
DA:11,6
DA:12,6
DA:14,6
DA:15,2
DA:17,2
DA:18,1
DA:21,1
DA:22,1
DA:26,6
DA:29,2
DA:47,0
DA:49,1
DA:50,1
LF:21
LH:20
BRDA:17,0,0,1
BRDA:17,0,1,1
BRDA:21,1,0,1
BRF:3
BRH:3
end_of_record
TN:
SF:src/ui-components/TeamsList.tsx
FN:13,(anonymous_0)
FN:36,(anonymous_1)
FN:37,(anonymous_2)
FN:38,(anonymous_3)
FN:41,(anonymous_4)
FN:48,(anonymous_5)
FN:49,(anonymous_6)
FN:59,(anonymous_7)
FN:60,(anonymous_8)
FN:60,(anonymous_9)
FN:69,(anonymous_10)
FN:74,(anonymous_11)
FN:75,(anonymous_12)
FN:75,(anonymous_13)
FN:99,(anonymous_14)
FN:103,(anonymous_15)
FN:103,(anonymous_16)
FN:118,(anonymous_17)
FN:119,(anonymous_18)
FN:119,(anonymous_19)
FN:126,(anonymous_20)
FN:126,(anonymous_21)
FN:127,(anonymous_22)
FN:160,(anonymous_23)
FN:161,(anonymous_24)
FN:197,(anonymous_25)
FN:227,(anonymous_26)
FN:228,(anonymous_27)
FN:244,(anonymous_28)
FN:244,(anonymous_29)
FN:253,(anonymous_30)
FN:273,(anonymous_31)
FN:273,(anonymous_32)
FN:286,(anonymous_33)
FN:286,(anonymous_34)
FN:295,(anonymous_35)
FN:302,(anonymous_36)
FN:316,(anonymous_37)
FN:319,(anonymous_38)
FN:319,(anonymous_39)
FN:346,(anonymous_40)
FN:347,(anonymous_41)
FN:361,(anonymous_42)
FN:361,(anonymous_43)
FN:373,(anonymous_44)
FN:376,(anonymous_45)
FN:386,(anonymous_46)
FN:388,(anonymous_47)
FN:393,(anonymous_48)
FN:393,(anonymous_49)
FN:404,(anonymous_50)
FN:456,(anonymous_51)
FN:458,(anonymous_52)
FN:497,(anonymous_53)
FN:497,(anonymous_54)
FN:535,(anonymous_55)
FN:535,(anonymous_56)
FN:548,(anonymous_57)
FN:612,(anonymous_58)
FN:612,(anonymous_59)
FN:659,(anonymous_60)
FN:662,(anonymous_61)
FN:664,(anonymous_62)
FN:670,(anonymous_63)
FN:678,(anonymous_64)
FN:687,(anonymous_65)
FN:689,(anonymous_66)
FN:698,(anonymous_67)
FN:700,(anonymous_68)
FN:703,(anonymous_69)
FNF:70
FNH:51
FNDA:47,(anonymous_0)
FNDA:8,(anonymous_1)
FNDA:0,(anonymous_2)
FNDA:0,(anonymous_3)
FNDA:8,(anonymous_4)
FNDA:24,(anonymous_5)
FNDA:7,(anonymous_6)
FNDA:8,(anonymous_7)
FNDA:8,(anonymous_8)
FNDA:8,(anonymous_9)
FNDA:8,(anonymous_10)
FNDA:8,(anonymous_11)
FNDA:8,(anonymous_12)
FNDA:8,(anonymous_13)
FNDA:0,(anonymous_14)
FNDA:0,(anonymous_15)
FNDA:0,(anonymous_16)
FNDA:24,(anonymous_17)
FNDA:24,(anonymous_18)
FNDA:24,(anonymous_19)
FNDA:2,(anonymous_20)
FNDA:1,(anonymous_21)
FNDA:3,(anonymous_22)
FNDA:1,(anonymous_23)
FNDA:1,(anonymous_24)
FNDA:1,(anonymous_25)
FNDA:2,(anonymous_26)
FNDA:2,(anonymous_27)
FNDA:2,(anonymous_28)
FNDA:2,(anonymous_29)
FNDA:1,(anonymous_30)
FNDA:1,(anonymous_31)
FNDA:1,(anonymous_32)
FNDA:1,(anonymous_33)
FNDA:0,(anonymous_34)
FNDA:22,(anonymous_35)
FNDA:3,(anonymous_36)
FNDA:22,(anonymous_37)
FNDA:22,(anonymous_38)
FNDA:22,(anonymous_39)
FNDA:1,(anonymous_40)
FNDA:1,(anonymous_41)
FNDA:0,(anonymous_42)
FNDA:0,(anonymous_43)
FNDA:22,(anonymous_44)
FNDA:4,(anonymous_45)
FNDA:27,(anonymous_46)
FNDA:3,(anonymous_47)
FNDA:0,(anonymous_48)
FNDA:0,(anonymous_49)
FNDA:0,(anonymous_50)
FNDA:0,(anonymous_51)
FNDA:0,(anonymous_52)
FNDA:1,(anonymous_53)
FNDA:1,(anonymous_54)
FNDA:0,(anonymous_55)
FNDA:0,(anonymous_56)
FNDA:0,(anonymous_57)
FNDA:0,(anonymous_58)
FNDA:0,(anonymous_59)
FNDA:179,(anonymous_60)
FNDA:82,(anonymous_61)
FNDA:2,(anonymous_62)
FNDA:86,(anonymous_63)
FNDA:0,(anonymous_64)
FNDA:10,(anonymous_65)
FNDA:10,(anonymous_66)
FNDA:20,(anonymous_67)
FNDA:1,(anonymous_68)
FNDA:24,(anonymous_69)
DA:1,1
DA:2,1
DA:3,1
DA:4,1
DA:5,1
DA:6,1
DA:7,1
DA:8,1
DA:9,1
DA:10,1
DA:11,1
DA:13,1
DA:14,47
DA:15,47
DA:16,47
DA:17,47
DA:18,47
DA:19,47
DA:20,47
DA:21,47
DA:22,47
DA:23,47
DA:24,47
DA:25,47
DA:26,47
DA:27,47
DA:28,47
DA:29,47
DA:32,47
DA:33,47
DA:36,47
DA:37,8
DA:38,8
DA:39,8
DA:40,8
DA:41,8
DA:42,8
DA:43,8
DA:48,47
DA:49,24
DA:50,7
DA:51,7
DA:52,7
DA:53,7
DA:54,5
DA:59,47
DA:60,8
DA:61,8
DA:62,8
DA:63,8
DA:64,8
DA:66,8
DA:69,47
DA:70,8
DA:71,8
DA:74,47
DA:75,8
DA:76,8
DA:77,2
DA:78,2
DA:81,6
DA:83,6
DA:84,6
DA:85,6
DA:87,6
DA:91,6
DA:92,6
DA:93,6
DA:95,0
DA:98,0
DA:99,0
DA:100,0
DA:101,0
DA:103,0
DA:106,0
DA:109,6
DA:113,8
DA:118,47
DA:119,24
DA:120,24
DA:121,5
DA:122,5
DA:123,5
DA:125,5
DA:126,5
DA:127,5
DA:129,5
DA:130,3
DA:131,3
DA:132,3
DA:133,3
DA:136,3
DA:137,1
DA:138,1
DA:141,1
DA:142,1
DA:143,1
DA:144,1
DA:147,0
DA:152,3
DA:153,2
DA:154,2
DA:157,2
DA:158,2
DA:159,2
DA:160,1
DA:161,1
DA:165,2
DA:168,0
DA:173,3
DA:175,3
DA:176,3
DA:179,3
DA:180,3
DA:181,3
DA:183,3
DA:188,2
DA:189,2
DA:190,2
DA:195,2
DA:196,2
DA:197,2
DA:198,2
DA:199,2
DA:200,0
DA:202,0
DA:203,0
DA:206,0
DA:211,0
DA:216,3
DA:217,3
DA:224,3
DA:227,3
DA:228,2
DA:229,2
DA:230,2
DA:231,2
DA:232,2
DA:234,0
DA:241,24
DA:244,47
DA:245,2
DA:246,2
DA:247,1
DA:248,1
DA:250,1
DA:252,1
DA:253,1
DA:254,1
DA:255,1
DA:256,1
DA:257,1
DA:260,1
DA:263,1
DA:266,1
DA:267,1
DA:268,1
DA:271,1
DA:272,1
DA:273,1
DA:275,0
DA:277,1
DA:283,1
DA:286,1
DA:290,2
DA:291,2
DA:295,47
DA:296,22
DA:297,18
DA:298,18
DA:302,4
DA:305,4
DA:306,0
DA:307,0
DA:308,4
DA:310,0
DA:311,0
DA:316,47
DA:317,22
DA:319,22
DA:320,22
DA:322,5
DA:324,5
DA:326,5
DA:328,5
DA:329,5
DA:330,5
DA:332,0
DA:333,0
DA:335,0
DA:338,5
DA:342,5
DA:343,5
DA:344,5
DA:345,5
DA:346,1
DA:347,1
DA:352,5
DA:355,5
DA:356,1
DA:357,1
DA:358,0
DA:359,0
DA:361,0
DA:367,0
DA:371,22
DA:373,22
DA:376,47
DA:377,4
DA:378,4
DA:379,4
DA:380,4
DA:381,4
DA:382,4
DA:386,47
DA:387,27
DA:388,19
DA:393,47
DA:394,0
DA:395,0
DA:396,0
DA:397,0
DA:398,0
DA:399,0
DA:400,0
DA:403,0
DA:404,0
DA:409,0
DA:412,0
DA:413,0
DA:414,0
DA:417,0
DA:419,0
DA:420,0
DA:422,0
DA:425,0
DA:426,0
DA:429,0
DA:430,0
DA:435,0
DA:438,0
DA:439,0
DA:442,0
DA:443,0
DA:445,0
DA:446,0
DA:448,0
DA:450,0
DA:451,0
DA:455,0
DA:456,0
DA:458,0
DA:460,0
DA:470,0
DA:474,0
DA:477,0
DA:487,0
DA:488,0
DA:489,0
DA:491,0
DA:493,0
DA:497,47
DA:499,1
DA:500,0
DA:510,0
DA:511,0
DA:512,0
DA:513,0
DA:516,0
DA:517,0
DA:520,0
DA:521,0
DA:522,0
DA:524,0
DA:525,0
DA:527,0
DA:528,0
DA:529,0
DA:530,0
DA:531,0
DA:532,0
DA:535,47
DA:536,0
DA:537,0
DA:538,0
DA:539,0
DA:540,0
DA:541,0
DA:542,0
DA:543,0
DA:544,0
DA:547,0
DA:548,0
DA:553,0
DA:556,0
DA:557,0
DA:558,0
DA:561,0
DA:563,0
DA:564,0
DA:566,0
DA:569,0
DA:570,0
DA:573,0
DA:574,0
DA:575,0
DA:577,0
DA:578,0
DA:580,0
DA:582,0
DA:583,0
DA:587,0
DA:590,0
DA:600,0
DA:601,0
DA:602,0
DA:604,0
DA:607,0
DA:608,0
DA:609,0
DA:612,47
DA:614,0
DA:616,0
DA:618,0
DA:620,0
DA:621,0
DA:622,0
DA:625,0
DA:627,0
DA:628,0
DA:629,0
DA:630,0
DA:631,0
DA:632,0
DA:634,0
DA:636,0
DA:642,47
DA:643,35
DA:645,35
DA:659,179
DA:663,82
DA:664,2
DA:670,86
DA:679,0
DA:680,0
DA:682,0
DA:687,10
DA:689,10
DA:698,20
DA:701,1
DA:704,24
DA:738,1
LF:352
LH:208
BRDA:15,0,0,47
BRDA:15,0,1,6
BRDA:52,1,0,0
BRDA:52,2,0,7
BRDA:52,2,1,0
BRDA:53,3,0,2
BRDA:53,4,0,7
BRDA:53,4,1,7
BRDA:71,5,0,8
BRDA:71,5,1,0
BRDA:76,6,0,2
BRDA:76,7,0,8
BRDA:76,7,1,6
BRDA:91,8,0,6
BRDA:91,8,1,0
BRDA:98,9,0,0
BRDA:98,9,1,0
BRDA:120,10,0,19
BRDA:120,11,0,24
BRDA:120,11,1,20
BRDA:120,11,2,20
BRDA:126,12,0,5
BRDA:126,12,1,3
BRDA:129,13,0,3
BRDA:130,14,0,0
BRDA:130,14,1,3
BRDA:130,15,0,3
BRDA:130,15,1,3
BRDA:131,16,0,0
BRDA:131,16,1,3
BRDA:131,17,0,3
BRDA:131,17,1,3
BRDA:132,18,0,3
BRDA:132,18,1,3
BRDA:132,19,0,0
BRDA:132,19,1,3
BRDA:132,20,0,3
BRDA:132,20,1,3
BRDA:136,21,0,1
BRDA:141,22,0,1
BRDA:152,23,0,2
BRDA:157,24,0,2
BRDA:173,25,0,3
BRDA:179,26,0,3
BRDA:195,27,0,2
BRDA:195,27,1,0
BRDA:200,28,0,0
BRDA:216,29,0,3
BRDA:216,30,0,3
BRDA:216,30,1,3
BRDA:221,31,0,3
BRDA:221,31,1,0
BRDA:229,32,0,2
BRDA:246,33,0,1
BRDA:246,33,1,1
BRDA:252,34,0,1
BRDA:252,35,0,1
BRDA:252,35,1,1
BRDA:254,36,0,1
BRDA:271,37,0,1
BRDA:296,38,0,18
BRDA:305,39,0,0
BRDA:305,39,1,4
BRDA:305,40,0,4
BRDA:305,40,1,1
BRDA:305,41,0,1
BRDA:305,41,1,3
BRDA:305,42,0,4
BRDA:305,42,1,4
BRDA:308,43,0,0
BRDA:320,44,0,17
BRDA:320,45,0,22
BRDA:320,45,1,5
BRDA:320,45,2,5
BRDA:332,46,0,0
BRDA:342,47,0,5
BRDA:344,48,0,5
BRDA:346,49,0,1
BRDA:346,49,1,1
BRDA:355,50,0,1
BRDA:357,51,0,0
BRDA:361,52,0,0
BRDA:361,52,1,0
BRDA:387,53,0,8
BRDA:387,54,0,27
BRDA:387,54,1,22
BRDA:394,55,0,0
BRDA:394,56,0,0
BRDA:394,56,1,0
BRDA:419,57,0,0
BRDA:426,58,0,0
BRDA:438,59,0,0
BRDA:445,60,0,0
BRDA:445,60,1,0
BRDA:458,61,0,0
BRDA:458,61,1,0
BRDA:458,62,0,0
BRDA:458,62,1,0
BRDA:458,63,0,0
BRDA:458,63,1,0
BRDA:463,64,0,0
BRDA:463,64,1,0
BRDA:474,65,0,0
BRDA:474,65,1,0
BRDA:497,66,0,0
BRDA:499,67,0,1
BRDA:499,68,0,1
BRDA:499,68,1,1
BRDA:499,68,2,0
BRDA:499,68,3,0
BRDA:499,68,4,0
BRDA:511,69,0,0
BRDA:511,70,0,0
BRDA:511,70,1,0
BRDA:520,71,0,0
BRDA:520,71,1,0
BRDA:521,72,0,0
BRDA:524,73,0,0
BRDA:524,73,1,0
BRDA:524,74,0,0
BRDA:524,74,1,0
BRDA:524,75,0,0
BRDA:524,75,1,0
BRDA:524,76,0,0
BRDA:524,76,1,0
BRDA:536,77,0,0
BRDA:536,78,0,0
BRDA:536,78,1,0
BRDA:536,78,2,0
BRDA:563,79,0,0
BRDA:570,80,0,0
BRDA:577,81,0,0
BRDA:577,81,1,0
BRDA:587,82,0,0
BRDA:587,82,1,0
BRDA:614,83,0,0
BRDA:614,84,0,0
BRDA:614,84,1,0
BRDA:614,84,2,0
BRDA:614,84,3,0
BRDA:614,84,4,0
BRDA:634,85,0,0
BRDA:634,85,1,0
BRDA:642,86,0,12
BRDA:642,87,0,47
BRDA:642,87,1,14
BRDA:642,87,2,12
BRDA:643,88,0,0
BRDA:648,89,0,35
BRDA:648,89,1,29
BRDA:648,89,2,6
BRDA:650,90,0,6
BRDA:650,90,1,0
BRDA:655,91,0,29
BRDA:655,91,1,6
BRDA:655,92,0,35
BRDA:655,92,1,29
BRDA:665,93,0,12
BRDA:665,93,1,70
BRDA:673,94,0,35
BRDA:673,94,1,12
BRDA:682,95,0,0
BRDA:682,95,1,0
BRDA:687,96,0,12
BRDA:687,96,1,8
BRDA:687,97,0,2
BRDA:687,97,1,10
BRDA:687,98,0,12
BRDA:687,98,1,12
BRDA:689,99,0,12
BRDA:689,99,1,8
BRDA:689,100,0,2
BRDA:689,100,1,10
BRDA:689,101,0,12
BRDA:689,101,1,12
BRDA:694,102,0,12
BRDA:694,102,1,12
BRDA:717,103,0,35
BRDA:717,103,1,0
BRDA:717,103,2,0
BRDA:717,103,3,0
BRDA:717,103,4,0
BRDA:717,103,5,0
BRDA:725,104,0,0
BRDA:725,104,1,0
BRDA:729,105,0,35
BRDA:729,105,1,0
BRDA:729,105,2,0
BRDA:729,105,3,0
BRF:189
BRH:103
end_of_record
TN:
SF:src/ui-components/UploadProgress.tsx
FN:11,(anonymous_0)
FNF:1
FNH:1
FNDA:18,(anonymous_0)
DA:1,6
DA:2,6
DA:11,6
DA:12,18
DA:14,2
LF:5
LH:5
BRDA:12,0,0,16
BRF:1
BRH:1
end_of_record
TN:
SF:src/ui-components/WelcomeName.tsx
FN:5,(anonymous_0)
FN:10,(anonymous_1)
FNF:2
FNH:2
FNDA:3,(anonymous_0)
FNDA:2,(anonymous_1)
DA:1,1
DA:2,1
DA:3,1
DA:5,1
DA:6,3
DA:7,3
DA:8,3
DA:10,3
DA:11,2
DA:12,1
DA:14,1
DA:18,3
DA:19,1
DA:21,2
DA:25,1
LF:15
LH:15
BRDA:7,0,0,3
BRDA:7,0,1,1
BRDA:11,1,0,1
BRDA:11,1,1,1
BRDA:11,2,0,2
BRDA:11,2,1,1
BRDA:18,3,0,1
BRDA:18,3,1,2
BRF:8
BRH:8
end_of_record
TN:
SF:src/utils/Logger.ts
FN:15,(anonymous_0)
FN:15,(anonymous_1)
FNF:2
FNH:2
FNDA:2,(anonymous_0)
FNDA:2,(anonymous_1)
DA:12,6
DA:13,6
DA:15,6
DA:17,2
DA:19,2
DA:21,2
DA:23,2
DA:36,2
DA:37,2
DA:46,2
DA:47,1
DA:48,1
DA:50,1
DA:54,0
LF:14
LH:13
BRDA:32,0,0,2
BRDA:32,0,1,2
BRDA:46,1,0,1
BRDA:46,1,1,1
BRF:4
BRH:4
end_of_record
TN:
SF:src/utils/MsGraphApiCall.ts
FN:4,callMsGraph
FN:26,(anonymous_2)
FN:27,(anonymous_3)
FNF:3
FNH:2
FNDA:2,callMsGraph
FNDA:1,(anonymous_2)
FNDA:0,(anonymous_3)
DA:1,2
DA:2,2
DA:4,2
DA:5,2
DA:6,2
DA:7,1
DA:10,1
DA:15,1
DA:16,1
DA:18,1
DA:20,1
DA:25,1
DA:26,1
DA:27,0
LF:14
LH:13
BRDA:6,0,0,1
BRF:1
BRH:1
end_of_record
TN:
SF:src/utils/NavigationClient.ts
FN:10,(anonymous_0)
FN:21,(anonymous_1)
FNF:2
FNH:2
FNDA:3,(anonymous_0)
FNDA:2,(anonymous_1)
DA:1,2
DA:7,2
DA:11,3
DA:12,3
DA:22,2
DA:23,2
DA:24,1
DA:26,1
DA:29,2
LF:9
LH:9
BRDA:23,0,0,1
BRDA:23,0,1,1
BRF:2
BRH:2
end_of_record
